[ 2015-04-29T20:57:30+08:00 ] ::1 /meeting/index.php/Admin/ConfirmEmail
INFO: [ app_init ] --START--
INFO: Run Behavior\BuildLiteBehavior [ RunTime:0.000014s ]
INFO: [ app_init ] --END-- [ RunTime:0.000348s ]
INFO: [ app_begin ] --START--
INFO: Run Behavior\ReadHtmlCacheBehavior [ RunTime:0.000696s ]
INFO: [ app_begin ] --END-- [ RunTime:0.000759s ]
ERR: 无法加载控制器:ConfirmEmail

[ 2015-04-29T20:58:58+08:00 ] ::1 /meeting/index.php/Admin/ConfirmEmail
INFO: [ app_init ] --START--
INFO: Run Behavior\BuildLiteBehavior [ RunTime:0.000016s ]
INFO: [ app_init ] --END-- [ RunTime:0.000380s ]
INFO: [ app_begin ] --START--
INFO: Run Behavior\ReadHtmlCacheBehavior [ RunTime:0.000665s ]
INFO: [ app_begin ] --END-- [ RunTime:0.000735s ]
ERR: 无法加载控制器:ConfirmEmail

[ 2015-04-29T20:59:49+08:00 ] ::1 /meeting/index.php/Admin/
INFO: [ app_init ] --START--
INFO: Run Behavior\BuildLiteBehavior [ RunTime:0.000027s ]
INFO: [ app_init ] --END-- [ RunTime:0.000631s ]
INFO: [ app_begin ] --START--
INFO: Run Behavior\ReadHtmlCacheBehavior [ RunTime:0.000665s ]
INFO: [ app_begin ] --END-- [ RunTime:0.000721s ]
ERR: 无法加载控制器:Index

[ 2015-04-29T21:00:08+08:00 ] ::1 /meeting/index.php/Admin/ConfirmEmail
INFO: [ app_init ] --START--
INFO: Run Behavior\BuildLiteBehavior [ RunTime:0.000016s ]
INFO: [ app_init ] --END-- [ RunTime:0.000344s ]
INFO: [ app_begin ] --START--
INFO: Run Behavior\ReadHtmlCacheBehavior [ RunTime:0.000599s ]
INFO: [ app_begin ] --END-- [ RunTime:0.000646s ]
ERR: 无法加载控制器:ConfirmEmail

[ 2015-04-29T21:01:00+08:00 ] ::1 /meeting/index.php/Admin/ConfirmEmail
INFO: [ app_init ] --START--
INFO: Run Behavior\BuildLiteBehavior [ RunTime:0.000026s ]
INFO: [ app_init ] --END-- [ RunTime:0.000647s ]
INFO: [ app_begin ] --START--
INFO: Run Behavior\ReadHtmlCacheBehavior [ RunTime:0.001160s ]
INFO: [ app_begin ] --END-- [ RunTime:0.001249s ]
INFO: [ app_end ] --START--
INFO: Run Behavior\ShowPageTraceBehavior [ RunTime:0.001153s ]
INFO: [ app_end ] --END-- [ RunTime:0.001242s ]

[ 2015-04-29T21:01:11+08:00 ] ::1 /meeting/index.php/Admin/ConfirmEmail/think_send_mail
INFO: [ app_init ] --START--
INFO: Run Behavior\BuildLiteBehavior [ RunTime:0.000031s ]
INFO: [ app_init ] --END-- [ RunTime:0.001221s ]
INFO: [ app_begin ] --START--
INFO: Run Behavior\ReadHtmlCacheBehavior [ RunTime:0.001722s ]
INFO: [ app_begin ] --END-- [ RunTime:0.001838s ]
ERR: 参数错误或者未定义:to

[ 2015-04-29T21:01:48+08:00 ] ::1 /meeting/index.php/Admin/ConfirmEmail/think_send_mail/630248976@qq.com/
INFO: [ app_init ] --START--
INFO: Run Behavior\BuildLiteBehavior [ RunTime:0.000032s ]
INFO: [ app_init ] --END-- [ RunTime:0.000751s ]
INFO: [ app_begin ] --START--
INFO: Run Behavior\ReadHtmlCacheBehavior [ RunTime:0.001461s ]
INFO: [ app_begin ] --END-- [ RunTime:0.001568s ]
ERR: 参数错误或者未定义:to

[ 2015-04-29T21:01:55+08:00 ] ::1 /meeting/index.php/Admin/ConfirmEmail/think_send_mail/to/630248976@qq.com/
INFO: [ app_init ] --START--
INFO: Run Behavior\BuildLiteBehavior [ RunTime:0.000032s ]
INFO: [ app_init ] --END-- [ RunTime:0.000761s ]
INFO: [ app_begin ] --START--
INFO: Run Behavior\ReadHtmlCacheBehavior [ RunTime:0.001007s ]
INFO: [ app_begin ] --END-- [ RunTime:0.001076s ]
ERR: 参数错误或者未定义:name

[ 2015-04-29T21:02:07+08:00 ] ::1 /meeting/index.php/Admin/ConfirmEmail/think_send_mail/to/630248976@qq.com/name/CasparGX/
INFO: [ app_init ] --START--
INFO: Run Behavior\BuildLiteBehavior [ RunTime:0.000032s ]
INFO: [ app_init ] --END-- [ RunTime:0.000861s ]
INFO: [ app_begin ] --START--
INFO: Run Behavior\ReadHtmlCacheBehavior [ RunTime:0.000609s ]
INFO: [ app_begin ] --END-- [ RunTime:0.000656s ]

[ 2015-04-29T21:02:52+08:00 ] ::1 /meeting/index.php/Admin/ConfirmEmail/think_send_mail/to/630248976@qq.com/name/CasparGX/
INFO: [ app_init ] --START--
INFO: Run Behavior\BuildLiteBehavior [ RunTime:0.000015s ]
INFO: [ app_init ] --END-- [ RunTime:0.000339s ]
INFO: [ app_begin ] --START--
INFO: Run Behavior\ReadHtmlCacheBehavior [ RunTime:0.000610s ]
INFO: [ app_begin ] --END-- [ RunTime:0.000659s ]

[ 2015-04-29T21:02:54+08:00 ] ::1 /meeting/index.php/Admin/ConfirmEmail/think_send_mail/to/630248976@qq.com/name/CasparGX/
INFO: [ app_init ] --START--
INFO: Run Behavior\BuildLiteBehavior [ RunTime:0.000053s ]
INFO: [ app_init ] --END-- [ RunTime:0.001940s ]
INFO: [ app_begin ] --START--
INFO: Run Behavior\ReadHtmlCacheBehavior [ RunTime:0.001379s ]
INFO: [ app_begin ] --END-- [ RunTime:0.001482s ]

[ 2015-04-29T21:02:54+08:00 ] ::1 /meeting/index.php/Admin/ConfirmEmail/think_send_mail/to/630248976@qq.com/name/CasparGX/
INFO: [ app_init ] --START--
INFO: Run Behavior\BuildLiteBehavior [ RunTime:0.000028s ]
INFO: [ app_init ] --END-- [ RunTime:0.000688s ]
INFO: [ app_begin ] --START--
INFO: Run Behavior\ReadHtmlCacheBehavior [ RunTime:0.000918s ]
INFO: [ app_begin ] --END-- [ RunTime:0.000986s ]

[ 2015-04-29T21:02:55+08:00 ] ::1 /meeting/index.php/Admin/ConfirmEmail/think_send_mail/to/630248976@qq.com/name/CasparGX/
INFO: [ app_init ] --START--
INFO: Run Behavior\BuildLiteBehavior [ RunTime:0.000049s ]
INFO: [ app_init ] --END-- [ RunTime:0.001224s ]
INFO: [ app_begin ] --START--
INFO: Run Behavior\ReadHtmlCacheBehavior [ RunTime:0.003923s ]
INFO: [ app_begin ] --END-- [ RunTime:0.004124s ]

[ 2015-04-29T21:02:55+08:00 ] ::1 /meeting/index.php/Admin/ConfirmEmail/think_send_mail/to/630248976@qq.com/name/CasparGX/
INFO: [ app_init ] --START--
INFO: Run Behavior\BuildLiteBehavior [ RunTime:0.000021s ]
INFO: [ app_init ] --END-- [ RunTime:0.000352s ]
INFO: [ app_begin ] --START--
INFO: Run Behavior\ReadHtmlCacheBehavior [ RunTime:0.000847s ]
INFO: [ app_begin ] --END-- [ RunTime:0.000902s ]

[ 2015-04-29T21:02:55+08:00 ] ::1 /meeting/index.php/Admin/ConfirmEmail/think_send_mail/to/630248976@qq.com/name/CasparGX/
INFO: [ app_init ] --START--
INFO: Run Behavior\BuildLiteBehavior [ RunTime:0.000015s ]
INFO: [ app_init ] --END-- [ RunTime:0.000331s ]
INFO: [ app_begin ] --START--
INFO: Run Behavior\ReadHtmlCacheBehavior [ RunTime:0.000598s ]
INFO: [ app_begin ] --END-- [ RunTime:0.000642s ]

[ 2015-04-29T21:02:55+08:00 ] ::1 /meeting/index.php/Admin/ConfirmEmail/think_send_mail/to/630248976@qq.com/name/CasparGX/
INFO: [ app_init ] --START--
INFO: Run Behavior\BuildLiteBehavior [ RunTime:0.000015s ]
INFO: [ app_init ] --END-- [ RunTime:0.000363s ]
INFO: [ app_begin ] --START--
INFO: Run Behavior\ReadHtmlCacheBehavior [ RunTime:0.000596s ]
INFO: [ app_begin ] --END-- [ RunTime:0.000641s ]

[ 2015-04-29T21:02:55+08:00 ] ::1 /meeting/index.php/Admin/ConfirmEmail/think_send_mail/to/630248976@qq.com/name/CasparGX/
INFO: [ app_init ] --START--
INFO: Run Behavior\BuildLiteBehavior [ RunTime:0.000014s ]
INFO: [ app_init ] --END-- [ RunTime:0.000328s ]
INFO: [ app_begin ] --START--
INFO: Run Behavior\ReadHtmlCacheBehavior [ RunTime:0.000607s ]
INFO: [ app_begin ] --END-- [ RunTime:0.000651s ]

[ 2015-04-29T21:02:55+08:00 ] ::1 /meeting/index.php/Admin/ConfirmEmail/think_send_mail/to/630248976@qq.com/name/CasparGX/
INFO: [ app_init ] --START--
INFO: Run Behavior\BuildLiteBehavior [ RunTime:0.000015s ]
INFO: [ app_init ] --END-- [ RunTime:0.000352s ]
INFO: [ app_begin ] --START--
INFO: Run Behavior\ReadHtmlCacheBehavior [ RunTime:0.000591s ]
INFO: [ app_begin ] --END-- [ RunTime:0.000636s ]

[ 2015-04-29T21:02:56+08:00 ] ::1 /meeting/index.php/Admin/ConfirmEmail/think_send_mail/to/630248976@qq.com/name/CasparGX/
INFO: [ app_init ] --START--
INFO: Run Behavior\BuildLiteBehavior [ RunTime:0.000015s ]
INFO: [ app_init ] --END-- [ RunTime:0.000350s ]
INFO: [ app_begin ] --START--
INFO: Run Behavior\ReadHtmlCacheBehavior [ RunTime:0.000622s ]
INFO: [ app_begin ] --END-- [ RunTime:0.000668s ]

[ 2015-04-29T21:02:56+08:00 ] ::1 /meeting/index.php/Admin/ConfirmEmail/think_send_mail/to/630248976@qq.com/name/CasparGX/
INFO: [ app_init ] --START--
INFO: Run Behavior\BuildLiteBehavior [ RunTime:0.000016s ]
INFO: [ app_init ] --END-- [ RunTime:0.000390s ]
INFO: [ app_begin ] --START--
INFO: Run Behavior\ReadHtmlCacheBehavior [ RunTime:0.000637s ]
INFO: [ app_begin ] --END-- [ RunTime:0.000685s ]

[ 2015-04-29T21:05:04+08:00 ] ::1 /meeting/index.php/Admin/ConfirmEmail/think_send_mail/to/630248976@qq.com/name/CasparGX/
INFO: [ app_init ] --START--
INFO: Run Behavior\BuildLiteBehavior [ RunTime:0.000030s ]
INFO: [ app_init ] --END-- [ RunTime:0.000731s ]
INFO: [ app_begin ] --START--
INFO: Run Behavior\ReadHtmlCacheBehavior [ RunTime:0.001393s ]
INFO: [ app_begin ] --END-- [ RunTime:0.001506s ]

[ 2015-04-29T21:05:54+08:00 ] ::1 /meeting/index.php/Admin/ConfirmEmail/think_send_mail/to/630248976@qq.com/name/CasparGX/
INFO: [ app_init ] --START--
INFO: Run Behavior\BuildLiteBehavior [ RunTime:0.000031s ]
INFO: [ app_init ] --END-- [ RunTime:0.000749s ]
INFO: [ app_begin ] --START--
INFO: Run Behavior\ReadHtmlCacheBehavior [ RunTime:0.001352s ]
INFO: [ app_begin ] --END-- [ RunTime:0.001454s ]

[ 2015-04-29T21:06:49+08:00 ] ::1 /meeting/index.php/Admin/ConfirmEmail/think_send_mail/to/630248976@qq.com/name/CasparGX/
INFO: [ app_init ] --START--
INFO: Run Behavior\BuildLiteBehavior [ RunTime:0.000017s ]
INFO: [ app_init ] --END-- [ RunTime:0.000377s ]
INFO: [ app_begin ] --START--
INFO: Run Behavior\ReadHtmlCacheBehavior [ RunTime:0.000601s ]
INFO: [ app_begin ] --END-- [ RunTime:0.000646s ]

[ 2015-04-29T21:06:50+08:00 ] ::1 /meeting/index.php/Admin/ConfirmEmail/think_send_mail/to/630248976@qq.com/name/CasparGX/
INFO: [ app_init ] --START--
INFO: Run Behavior\BuildLiteBehavior [ RunTime:0.000084s ]
INFO: [ app_init ] --END-- [ RunTime:0.000847s ]
INFO: [ app_begin ] --START--
INFO: Run Behavior\ReadHtmlCacheBehavior [ RunTime:0.001406s ]
INFO: [ app_begin ] --END-- [ RunTime:0.001511s ]

[ 2015-04-29T21:06:51+08:00 ] ::1 /meeting/index.php/Admin/ConfirmEmail/think_send_mail/to/630248976@qq.com/name/CasparGX/
INFO: [ app_init ] --START--
INFO: Run Behavior\BuildLiteBehavior [ RunTime:0.000031s ]
INFO: [ app_init ] --END-- [ RunTime:0.000752s ]
INFO: [ app_begin ] --START--
INFO: Run Behavior\ReadHtmlCacheBehavior [ RunTime:0.001564s ]
INFO: [ app_begin ] --END-- [ RunTime:0.001683s ]

[ 2015-04-29T21:06:51+08:00 ] ::1 /meeting/index.php/Admin/ConfirmEmail/think_send_mail/to/630248976@qq.com/name/CasparGX/
INFO: [ app_init ] --START--
INFO: Run Behavior\BuildLiteBehavior [ RunTime:0.000016s ]
INFO: [ app_init ] --END-- [ RunTime:0.000361s ]
INFO: [ app_begin ] --START--
INFO: Run Behavior\ReadHtmlCacheBehavior [ RunTime:0.000625s ]
INFO: [ app_begin ] --END-- [ RunTime:0.000676s ]

[ 2015-04-29T21:06:51+08:00 ] ::1 /meeting/index.php/Admin/ConfirmEmail/think_send_mail/to/630248976@qq.com/name/CasparGX/
INFO: [ app_init ] --START--
INFO: Run Behavior\BuildLiteBehavior [ RunTime:0.000017s ]
INFO: [ app_init ] --END-- [ RunTime:0.000353s ]
INFO: [ app_begin ] --START--
INFO: Run Behavior\ReadHtmlCacheBehavior [ RunTime:0.000684s ]
INFO: [ app_begin ] --END-- [ RunTime:0.000734s ]

[ 2015-04-29T21:06:51+08:00 ] ::1 /meeting/index.php/Admin/ConfirmEmail/think_send_mail/to/630248976@qq.com/name/CasparGX/
INFO: [ app_init ] --START--
INFO: Run Behavior\BuildLiteBehavior [ RunTime:0.000023s ]
INFO: [ app_init ] --END-- [ RunTime:0.000517s ]
INFO: [ app_begin ] --START--
INFO: Run Behavior\ReadHtmlCacheBehavior [ RunTime:0.000920s ]
INFO: [ app_begin ] --END-- [ RunTime:0.000999s ]

[ 2015-04-29T21:06:51+08:00 ] ::1 /meeting/index.php/Admin/ConfirmEmail/think_send_mail/to/630248976@qq.com/name/CasparGX/
INFO: [ app_init ] --START--
INFO: Run Behavior\BuildLiteBehavior [ RunTime:0.000015s ]
INFO: [ app_init ] --END-- [ RunTime:0.000372s ]
INFO: [ app_begin ] --START--
INFO: Run Behavior\ReadHtmlCacheBehavior [ RunTime:0.000613s ]
INFO: [ app_begin ] --END-- [ RunTime:0.000672s ]

[ 2015-04-29T21:06:51+08:00 ] ::1 /meeting/index.php/Admin/ConfirmEmail/think_send_mail/to/630248976@qq.com/name/CasparGX/
INFO: [ app_init ] --START--
INFO: Run Behavior\BuildLiteBehavior [ RunTime:0.000017s ]
INFO: [ app_init ] --END-- [ RunTime:0.000357s ]
INFO: [ app_begin ] --START--
INFO: Run Behavior\ReadHtmlCacheBehavior [ RunTime:0.000699s ]
INFO: [ app_begin ] --END-- [ RunTime:0.000764s ]

[ 2015-04-29T21:10:55+08:00 ] ::1 /meeting/index.php/Admin/ConfirmEmail/think_send_mail/to/630248976@qq.com/name/CasparGX/
INFO: [ app_init ] --START--
INFO: Run Behavior\BuildLiteBehavior [ RunTime:0.000043s ]
INFO: [ app_init ] --END-- [ RunTime:0.000782s ]
INFO: [ app_begin ] --START--
INFO: Run Behavior\ReadHtmlCacheBehavior [ RunTime:0.001612s ]
INFO: [ app_begin ] --END-- [ RunTime:0.001776s ]

[ 2015-04-29T21:11:45+08:00 ] ::1 /meeting/index.php/Admin/ConfirmEmail/think_send_mail/to/630248976@qq.com/name/CasparGX/
INFO: [ app_init ] --START--
INFO: Run Behavior\BuildLiteBehavior [ RunTime:0.000032s ]
INFO: [ app_init ] --END-- [ RunTime:0.000779s ]
INFO: [ app_begin ] --START--
INFO: Run Behavior\ReadHtmlCacheBehavior [ RunTime:0.001505s ]
INFO: [ app_begin ] --END-- [ RunTime:0.001624s ]

[ 2015-04-29T21:12:02+08:00 ] ::1 /meeting/index.php/Admin/ConfirmEmail/think_send_mail/to/630248976@qq.com/name/CasparGX/
INFO: [ app_init ] --START--
INFO: Run Behavior\BuildLiteBehavior [ RunTime:0.000016s ]
INFO: [ app_init ] --END-- [ RunTime:0.000317s ]
INFO: [ app_begin ] --START--
INFO: Run Behavior\ReadHtmlCacheBehavior [ RunTime:0.000605s ]
INFO: [ app_begin ] --END-- [ RunTime:0.000651s ]
NOTIC: [2] require_once(/Vendor/PHPMailer/class.phpmailer.php): failed to open stream: No such file or directory F:\WAMP\apache\htdocs\meeting\Application\Admin\Controller\ConfirmEmailController.class.php 第 20 行.

[ 2015-04-29T21:12:44+08:00 ] ::1 /meeting/index.php/Admin/ConfirmEmail/think_send_mail/to/630248976@qq.com/name/CasparGX/
INFO: [ app_init ] --START--
INFO: Run Behavior\BuildLiteBehavior [ RunTime:0.000015s ]
INFO: [ app_init ] --END-- [ RunTime:0.000331s ]
INFO: [ app_begin ] --START--
INFO: Run Behavior\ReadHtmlCacheBehavior [ RunTime:0.000656s ]
INFO: [ app_begin ] --END-- [ RunTime:0.000703s ]

[ 2015-04-29T21:13:01+08:00 ] ::1 /meeting/index.php/Admin/ConfirmEmail/think_send_mail/to/630248976@qq.com/name/CasparGX/
INFO: [ app_init ] --START--
INFO: Run Behavior\BuildLiteBehavior [ RunTime:0.000030s ]
INFO: [ app_init ] --END-- [ RunTime:0.000697s ]
INFO: [ app_begin ] --START--
INFO: Run Behavior\ReadHtmlCacheBehavior [ RunTime:0.001527s ]
INFO: [ app_begin ] --END-- [ RunTime:0.001639s ]

[ 2015-04-29T21:13:02+08:00 ] ::1 /meeting/index.php/Admin/ConfirmEmail/think_send_mail/to/630248976@qq.com/name/CasparGX/
INFO: [ app_init ] --START--
INFO: Run Behavior\BuildLiteBehavior [ RunTime:0.000032s ]
INFO: [ app_init ] --END-- [ RunTime:0.001115s ]
INFO: [ app_begin ] --START--
INFO: Run Behavior\ReadHtmlCacheBehavior [ RunTime:0.001435s ]
INFO: [ app_begin ] --END-- [ RunTime:0.001555s ]

[ 2015-04-29T21:13:02+08:00 ] ::1 /meeting/index.php/Admin/ConfirmEmail/think_send_mail/to/630248976@qq.com/name/CasparGX/
INFO: [ app_init ] --START--
INFO: Run Behavior\BuildLiteBehavior [ RunTime:0.000020s ]
INFO: [ app_init ] --END-- [ RunTime:0.000427s ]
INFO: [ app_begin ] --START--
INFO: Run Behavior\ReadHtmlCacheBehavior [ RunTime:0.000620s ]
INFO: [ app_begin ] --END-- [ RunTime:0.000670s ]

[ 2015-04-29T21:13:02+08:00 ] ::1 /meeting/index.php/Admin/ConfirmEmail/think_send_mail/to/630248976@qq.com/name/CasparGX/
INFO: [ app_init ] --START--
INFO: Run Behavior\BuildLiteBehavior [ RunTime:0.000015s ]
INFO: [ app_init ] --END-- [ RunTime:0.000326s ]
INFO: [ app_begin ] --START--
INFO: Run Behavior\ReadHtmlCacheBehavior [ RunTime:0.000623s ]
INFO: [ app_begin ] --END-- [ RunTime:0.000670s ]

[ 2015-04-29T21:13:06+08:00 ] ::1 /meeting/index.php/Admin/ConfirmEmail/think_send_mail/to/630248976@qq.com/name/CasparGX/
INFO: [ app_init ] --START--
INFO: Run Behavior\BuildLiteBehavior [ RunTime:0.000025s ]
INFO: [ app_init ] --END-- [ RunTime:0.000860s ]
INFO: [ app_begin ] --START--
INFO: Run Behavior\ReadHtmlCacheBehavior [ RunTime:0.001101s ]
INFO: [ app_begin ] --END-- [ RunTime:0.001192s ]

[ 2015-04-29T21:13:06+08:00 ] ::1 /meeting/index.php/Admin/ConfirmEmail/think_send_mail/to/630248976@qq.com/name/CasparGX/
INFO: [ app_init ] --START--
INFO: Run Behavior\BuildLiteBehavior [ RunTime:0.000026s ]
INFO: [ app_init ] --END-- [ RunTime:0.000629s ]
INFO: [ app_begin ] --START--
INFO: Run Behavior\ReadHtmlCacheBehavior [ RunTime:0.001262s ]
INFO: [ app_begin ] --END-- [ RunTime:0.001359s ]

[ 2015-04-29T21:13:14+08:00 ] ::1 /meeting/index.php/Admin/ConfirmEmail/think_send_mail/to/630248976@qq.com/name/CasparGX/
INFO: [ app_init ] --START--
INFO: Run Behavior\BuildLiteBehavior [ RunTime:0.000021s ]
INFO: [ app_init ] --END-- [ RunTime:0.000514s ]
INFO: [ app_begin ] --START--
INFO: Run Behavior\ReadHtmlCacheBehavior [ RunTime:0.000915s ]
INFO: [ app_begin ] --END-- [ RunTime:0.000996s ]

[ 2015-04-29T21:13:14+08:00 ] ::1 /meeting/index.php/Admin/ConfirmEmail/think_send_mail/to/630248976@qq.com/name/CasparGX/
INFO: [ app_init ] --START--
INFO: Run Behavior\BuildLiteBehavior [ RunTime:0.000065s ]
INFO: [ app_init ] --END-- [ RunTime:0.001024s ]
INFO: [ app_begin ] --START--
INFO: Run Behavior\ReadHtmlCacheBehavior [ RunTime:0.001405s ]
INFO: [ app_begin ] --END-- [ RunTime:0.001513s ]

[ 2015-04-29T21:13:14+08:00 ] ::1 /meeting/index.php/Admin/ConfirmEmail/think_send_mail/to/630248976@qq.com/name/CasparGX/
INFO: [ app_init ] --START--
INFO: Run Behavior\BuildLiteBehavior [ RunTime:0.000022s ]
INFO: [ app_init ] --END-- [ RunTime:0.000456s ]
INFO: [ app_begin ] --START--
INFO: Run Behavior\ReadHtmlCacheBehavior [ RunTime:0.000679s ]
INFO: [ app_begin ] --END-- [ RunTime:0.000735s ]

[ 2015-04-29T21:13:15+08:00 ] ::1 /meeting/index.php/Admin/ConfirmEmail/think_send_mail/to/630248976@qq.com/name/CasparGX/
INFO: [ app_init ] --START--
INFO: Run Behavior\BuildLiteBehavior [ RunTime:0.000016s ]
INFO: [ app_init ] --END-- [ RunTime:0.000359s ]
INFO: [ app_begin ] --START--
INFO: Run Behavior\ReadHtmlCacheBehavior [ RunTime:0.000613s ]
INFO: [ app_begin ] --END-- [ RunTime:0.000660s ]

[ 2015-04-29T21:13:15+08:00 ] ::1 /meeting/index.php/Admin/ConfirmEmail/think_send_mail/to/630248976@qq.com/name/CasparGX/
INFO: [ app_init ] --START--
INFO: Run Behavior\BuildLiteBehavior [ RunTime:0.000016s ]
INFO: [ app_init ] --END-- [ RunTime:0.000335s ]
INFO: [ app_begin ] --START--
INFO: Run Behavior\ReadHtmlCacheBehavior [ RunTime:0.000613s ]
INFO: [ app_begin ] --END-- [ RunTime:0.000664s ]

[ 2015-04-29T21:13:45+08:00 ] ::1 /meeting/index.php/Admin/ConfirmEmail/think_send_mail/to/630248976@qq.com/name/CasparGX/
INFO: [ app_init ] --START--
INFO: Run Behavior\BuildLiteBehavior [ RunTime:0.000031s ]
INFO: [ app_init ] --END-- [ RunTime:0.000755s ]
INFO: [ app_begin ] --START--
INFO: Run Behavior\ReadHtmlCacheBehavior [ RunTime:0.001395s ]
INFO: [ app_begin ] --END-- [ RunTime:0.001502s ]

[ 2015-04-29T21:13:45+08:00 ] ::1 /meeting/index.php/Admin/ConfirmEmail/think_send_mail/to/630248976@qq.com/name/CasparGX/
INFO: [ app_init ] --START--
INFO: Run Behavior\BuildLiteBehavior [ RunTime:0.000015s ]
INFO: [ app_init ] --END-- [ RunTime:0.000411s ]
INFO: [ app_begin ] --START--
INFO: Run Behavior\ReadHtmlCacheBehavior [ RunTime:0.000771s ]
INFO: [ app_begin ] --END-- [ RunTime:0.000838s ]

[ 2015-04-29T21:13:45+08:00 ] ::1 /meeting/index.php/Admin/ConfirmEmail/think_send_mail/to/630248976@qq.com/name/CasparGX/
INFO: [ app_init ] --START--
INFO: Run Behavior\BuildLiteBehavior [ RunTime:0.000014s ]
INFO: [ app_init ] --END-- [ RunTime:0.000343s ]
INFO: [ app_begin ] --START--
INFO: Run Behavior\ReadHtmlCacheBehavior [ RunTime:0.000610s ]
INFO: [ app_begin ] --END-- [ RunTime:0.000671s ]

[ 2015-04-29T21:13:52+08:00 ] ::1 /meeting/index.php/Admin/ConfirmEmail/think_send_mail/to/630248976@qq.com/name/CasparGX/
INFO: [ app_init ] --START--
INFO: Run Behavior\BuildLiteBehavior [ RunTime:0.000029s ]
INFO: [ app_init ] --END-- [ RunTime:0.000686s ]
INFO: [ app_begin ] --START--
INFO: Run Behavior\ReadHtmlCacheBehavior [ RunTime:0.001264s ]
INFO: [ app_begin ] --END-- [ RunTime:0.001358s ]

[ 2015-04-29T21:13:53+08:00 ] ::1 /meeting/index.php/Admin/ConfirmEmail/think_send_mail/to/630248976@qq.com/name/CasparGX/
INFO: [ app_init ] --START--
INFO: Run Behavior\BuildLiteBehavior [ RunTime:0.000015s ]
INFO: [ app_init ] --END-- [ RunTime:0.000325s ]
INFO: [ app_begin ] --START--
INFO: Run Behavior\ReadHtmlCacheBehavior [ RunTime:0.000622s ]
INFO: [ app_begin ] --END-- [ RunTime:0.000670s ]

[ 2015-04-29T21:13:53+08:00 ] ::1 /meeting/index.php/Admin/ConfirmEmail/think_send_mail/to/630248976@qq.com/name/CasparGX/
INFO: [ app_init ] --START--
INFO: Run Behavior\BuildLiteBehavior [ RunTime:0.000016s ]
INFO: [ app_init ] --END-- [ RunTime:0.000335s ]
INFO: [ app_begin ] --START--
INFO: Run Behavior\ReadHtmlCacheBehavior [ RunTime:0.000608s ]
INFO: [ app_begin ] --END-- [ RunTime:0.000660s ]

[ 2015-04-29T21:13:53+08:00 ] ::1 /meeting/index.php/Admin/ConfirmEmail/think_send_mail/to/630248976@qq.com/name/CasparGX/
INFO: [ app_init ] --START--
INFO: Run Behavior\BuildLiteBehavior [ RunTime:0.000014s ]
INFO: [ app_init ] --END-- [ RunTime:0.000318s ]
INFO: [ app_begin ] --START--
INFO: Run Behavior\ReadHtmlCacheBehavior [ RunTime:0.000664s ]
INFO: [ app_begin ] --END-- [ RunTime:0.000712s ]

[ 2015-04-29T21:13:54+08:00 ] ::1 /meeting/index.php/Admin/ConfirmEmail/think_send_mail/to/630248976@qq.com/name/CasparGX/
INFO: [ app_init ] --START--
INFO: Run Behavior\BuildLiteBehavior [ RunTime:0.000032s ]
INFO: [ app_init ] --END-- [ RunTime:0.000769s ]
INFO: [ app_begin ] --START--
INFO: Run Behavior\ReadHtmlCacheBehavior [ RunTime:0.002218s ]
INFO: [ app_begin ] --END-- [ RunTime:0.002408s ]

[ 2015-04-29T21:13:54+08:00 ] ::1 /meeting/index.php/Admin/ConfirmEmail/think_send_mail/to/630248976@qq.com/name/CasparGX/
INFO: [ app_init ] --START--
INFO: Run Behavior\BuildLiteBehavior [ RunTime:0.000015s ]
INFO: [ app_init ] --END-- [ RunTime:0.000357s ]
INFO: [ app_begin ] --START--
INFO: Run Behavior\ReadHtmlCacheBehavior [ RunTime:0.000664s ]
INFO: [ app_begin ] --END-- [ RunTime:0.000733s ]

[ 2015-04-29T21:13:54+08:00 ] ::1 /meeting/index.php/Admin/ConfirmEmail/think_send_mail/to/630248976@qq.com/name/CasparGX/
INFO: [ app_init ] --START--
INFO: Run Behavior\BuildLiteBehavior [ RunTime:0.000015s ]
INFO: [ app_init ] --END-- [ RunTime:0.000343s ]
INFO: [ app_begin ] --START--
INFO: Run Behavior\ReadHtmlCacheBehavior [ RunTime:0.000615s ]
INFO: [ app_begin ] --END-- [ RunTime:0.000662s ]

[ 2015-04-29T21:13:54+08:00 ] ::1 /meeting/index.php/Admin/ConfirmEmail/think_send_mail/to/630248976@qq.com/name/CasparGX/
INFO: [ app_init ] --START--
INFO: Run Behavior\BuildLiteBehavior [ RunTime:0.000019s ]
INFO: [ app_init ] --END-- [ RunTime:0.000564s ]
INFO: [ app_begin ] --START--
INFO: Run Behavior\ReadHtmlCacheBehavior [ RunTime:0.000706s ]
INFO: [ app_begin ] --END-- [ RunTime:0.000772s ]

[ 2015-04-29T21:13:54+08:00 ] ::1 /meeting/index.php/Admin/ConfirmEmail/think_send_mail/to/630248976@qq.com/name/CasparGX/
INFO: [ app_init ] --START--
INFO: Run Behavior\BuildLiteBehavior [ RunTime:0.000021s ]
INFO: [ app_init ] --END-- [ RunTime:0.000544s ]
INFO: [ app_begin ] --START--
INFO: Run Behavior\ReadHtmlCacheBehavior [ RunTime:0.001045s ]
INFO: [ app_begin ] --END-- [ RunTime:0.001142s ]

[ 2015-04-29T21:13:54+08:00 ] ::1 /meeting/index.php/Admin/ConfirmEmail/think_send_mail/to/630248976@qq.com/name/CasparGX/
INFO: [ app_init ] --START--
INFO: Run Behavior\BuildLiteBehavior [ RunTime:0.000022s ]
INFO: [ app_init ] --END-- [ RunTime:0.000532s ]
INFO: [ app_begin ] --START--
INFO: Run Behavior\ReadHtmlCacheBehavior [ RunTime:0.000968s ]
INFO: [ app_begin ] --END-- [ RunTime:0.001055s ]

[ 2015-04-29T21:13:54+08:00 ] ::1 /meeting/index.php/Admin/ConfirmEmail/think_send_mail/to/630248976@qq.com/name/CasparGX/
INFO: [ app_init ] --START--
INFO: Run Behavior\BuildLiteBehavior [ RunTime:0.000022s ]
INFO: [ app_init ] --END-- [ RunTime:0.000518s ]
INFO: [ app_begin ] --START--
INFO: Run Behavior\ReadHtmlCacheBehavior [ RunTime:0.000989s ]
INFO: [ app_begin ] --END-- [ RunTime:0.001073s ]

[ 2015-04-29T21:13:54+08:00 ] ::1 /meeting/index.php/Admin/ConfirmEmail/think_send_mail/to/630248976@qq.com/name/CasparGX/
INFO: [ app_init ] --START--
INFO: Run Behavior\BuildLiteBehavior [ RunTime:0.000022s ]
INFO: [ app_init ] --END-- [ RunTime:0.000513s ]
INFO: [ app_begin ] --START--
INFO: Run Behavior\ReadHtmlCacheBehavior [ RunTime:0.000983s ]
INFO: [ app_begin ] --END-- [ RunTime:0.001069s ]

[ 2015-04-29T21:13:54+08:00 ] ::1 /meeting/index.php/Admin/ConfirmEmail/think_send_mail/to/630248976@qq.com/name/CasparGX/
INFO: [ app_init ] --START--
INFO: Run Behavior\BuildLiteBehavior [ RunTime:0.000016s ]
INFO: [ app_init ] --END-- [ RunTime:0.000455s ]
INFO: [ app_begin ] --START--
INFO: Run Behavior\ReadHtmlCacheBehavior [ RunTime:0.000632s ]
INFO: [ app_begin ] --END-- [ RunTime:0.000683s ]

[ 2015-04-29T21:13:54+08:00 ] ::1 /meeting/index.php/Admin/ConfirmEmail/think_send_mail/to/630248976@qq.com/name/CasparGX/
INFO: [ app_init ] --START--
INFO: Run Behavior\BuildLiteBehavior [ RunTime:0.000015s ]
INFO: [ app_init ] --END-- [ RunTime:0.000334s ]
INFO: [ app_begin ] --START--
INFO: Run Behavior\ReadHtmlCacheBehavior [ RunTime:0.000883s ]
INFO: [ app_begin ] --END-- [ RunTime:0.000935s ]

[ 2015-04-29T21:13:54+08:00 ] ::1 /meeting/index.php/Admin/ConfirmEmail/think_send_mail/to/630248976@qq.com/name/CasparGX/
INFO: [ app_init ] --START--
INFO: Run Behavior\BuildLiteBehavior [ RunTime:0.000021s ]
INFO: [ app_init ] --END-- [ RunTime:0.000480s ]
INFO: [ app_begin ] --START--
INFO: Run Behavior\ReadHtmlCacheBehavior [ RunTime:0.001065s ]
INFO: [ app_begin ] --END-- [ RunTime:0.001174s ]

[ 2015-04-29T21:13:54+08:00 ] ::1 /meeting/index.php/Admin/ConfirmEmail/think_send_mail/to/630248976@qq.com/name/CasparGX/
INFO: [ app_init ] --START--
INFO: Run Behavior\BuildLiteBehavior [ RunTime:0.000015s ]
INFO: [ app_init ] --END-- [ RunTime:0.000340s ]
INFO: [ app_begin ] --START--
INFO: Run Behavior\ReadHtmlCacheBehavior [ RunTime:0.000668s ]
INFO: [ app_begin ] --END-- [ RunTime:0.000738s ]

[ 2015-04-29T21:13:54+08:00 ] ::1 /meeting/index.php/Admin/ConfirmEmail/think_send_mail/to/630248976@qq.com/name/CasparGX/
INFO: [ app_init ] --START--
INFO: Run Behavior\BuildLiteBehavior [ RunTime:0.000022s ]
INFO: [ app_init ] --END-- [ RunTime:0.000502s ]
INFO: [ app_begin ] --START--
INFO: Run Behavior\ReadHtmlCacheBehavior [ RunTime:0.001020s ]
INFO: [ app_begin ] --END-- [ RunTime:0.001106s ]

[ 2015-04-29T21:13:54+08:00 ] ::1 /meeting/index.php/Admin/ConfirmEmail/think_send_mail/to/630248976@qq.com/name/CasparGX/
INFO: [ app_init ] --START--
INFO: Run Behavior\BuildLiteBehavior [ RunTime:0.000022s ]
INFO: [ app_init ] --END-- [ RunTime:0.000541s ]
INFO: [ app_begin ] --START--
INFO: Run Behavior\ReadHtmlCacheBehavior [ RunTime:0.001386s ]
INFO: [ app_begin ] --END-- [ RunTime:0.001487s ]

[ 2015-04-29T21:13:54+08:00 ] ::1 /meeting/index.php/Admin/ConfirmEmail/think_send_mail/to/630248976@qq.com/name/CasparGX/
INFO: [ app_init ] --START--
INFO: Run Behavior\BuildLiteBehavior [ RunTime:0.000022s ]
INFO: [ app_init ] --END-- [ RunTime:0.000528s ]
INFO: [ app_begin ] --START--
INFO: Run Behavior\ReadHtmlCacheBehavior [ RunTime:0.001315s ]
INFO: [ app_begin ] --END-- [ RunTime:0.001447s ]

[ 2015-04-29T21:13:54+08:00 ] ::1 /meeting/index.php/Admin/ConfirmEmail/think_send_mail/to/630248976@qq.com/name/CasparGX/
INFO: [ app_init ] --START--
INFO: Run Behavior\BuildLiteBehavior [ RunTime:0.000015s ]
INFO: [ app_init ] --END-- [ RunTime:0.000342s ]
INFO: [ app_begin ] --START--
INFO: Run Behavior\ReadHtmlCacheBehavior [ RunTime:0.000619s ]
INFO: [ app_begin ] --END-- [ RunTime:0.000667s ]

[ 2015-04-29T21:13:54+08:00 ] ::1 /meeting/index.php/Admin/ConfirmEmail/think_send_mail/to/630248976@qq.com/name/CasparGX/
INFO: [ app_init ] --START--
INFO: Run Behavior\BuildLiteBehavior [ RunTime:0.000016s ]
INFO: [ app_init ] --END-- [ RunTime:0.000360s ]
INFO: [ app_begin ] --START--
INFO: Run Behavior\ReadHtmlCacheBehavior [ RunTime:0.000662s ]
INFO: [ app_begin ] --END-- [ RunTime:0.000717s ]

[ 2015-04-29T21:14:21+08:00 ] ::1 /meeting/index.php/Admin/ConfirmEmail/think_send_mail/to/630248976@qq.com/name/CasparGX/
INFO: [ app_init ] --START--
INFO: Run Behavior\BuildLiteBehavior [ RunTime:0.000035s ]
INFO: [ app_init ] --END-- [ RunTime:0.000897s ]
INFO: [ app_begin ] --START--
INFO: Run Behavior\ReadHtmlCacheBehavior [ RunTime:0.000627s ]
INFO: [ app_begin ] --END-- [ RunTime:0.000680s ]

[ 2015-04-29T21:14:22+08:00 ] ::1 /meeting/index.php/Admin/ConfirmEmail/think_send_mail/to/630248976@qq.com/name/CasparGX/
INFO: [ app_init ] --START--
INFO: Run Behavior\BuildLiteBehavior [ RunTime:0.000030s ]
INFO: [ app_init ] --END-- [ RunTime:0.000778s ]
INFO: [ app_begin ] --START--
INFO: Run Behavior\ReadHtmlCacheBehavior [ RunTime:0.001370s ]
INFO: [ app_begin ] --END-- [ RunTime:0.001474s ]

[ 2015-04-29T21:14:22+08:00 ] ::1 /meeting/index.php/Admin/ConfirmEmail/think_send_mail/to/630248976@qq.com/name/CasparGX/
INFO: [ app_init ] --START--
INFO: Run Behavior\BuildLiteBehavior [ RunTime:0.000015s ]
INFO: [ app_init ] --END-- [ RunTime:0.000335s ]
INFO: [ app_begin ] --START--
INFO: Run Behavior\ReadHtmlCacheBehavior [ RunTime:0.000767s ]
INFO: [ app_begin ] --END-- [ RunTime:0.000824s ]

[ 2015-04-29T21:14:22+08:00 ] ::1 /meeting/index.php/Admin/ConfirmEmail/think_send_mail/to/630248976@qq.com/name/CasparGX/
INFO: [ app_init ] --START--
INFO: Run Behavior\BuildLiteBehavior [ RunTime:0.000014s ]
INFO: [ app_init ] --END-- [ RunTime:0.000353s ]
INFO: [ app_begin ] --START--
INFO: Run Behavior\ReadHtmlCacheBehavior [ RunTime:0.000605s ]
INFO: [ app_begin ] --END-- [ RunTime:0.000656s ]

[ 2015-04-29T21:14:23+08:00 ] ::1 /meeting/index.php/Admin/ConfirmEmail/think_send_mail/to/630248976@qq.com/name/CasparGX/
INFO: [ app_init ] --START--
INFO: Run Behavior\BuildLiteBehavior [ RunTime:0.000023s ]
INFO: [ app_init ] --END-- [ RunTime:0.000531s ]
INFO: [ app_begin ] --START--
INFO: Run Behavior\ReadHtmlCacheBehavior [ RunTime:0.001264s ]
INFO: [ app_begin ] --END-- [ RunTime:0.001377s ]

[ 2015-04-29T21:14:24+08:00 ] ::1 /meeting/index.php/Admin/ConfirmEmail/think_send_mail/to/630248976@qq.com/name/CasparGX/
INFO: [ app_init ] --START--
INFO: Run Behavior\BuildLiteBehavior [ RunTime:0.000031s ]
INFO: [ app_init ] --END-- [ RunTime:0.000835s ]
INFO: [ app_begin ] --START--
INFO: Run Behavior\ReadHtmlCacheBehavior [ RunTime:0.001418s ]
INFO: [ app_begin ] --END-- [ RunTime:0.001525s ]

[ 2015-04-29T21:14:24+08:00 ] ::1 /meeting/index.php/Admin/ConfirmEmail/think_send_mail/to/630248976@qq.com/name/CasparGX/
INFO: [ app_init ] --START--
INFO: Run Behavior\BuildLiteBehavior [ RunTime:0.000014s ]
INFO: [ app_init ] --END-- [ RunTime:0.000355s ]
INFO: [ app_begin ] --START--
INFO: Run Behavior\ReadHtmlCacheBehavior [ RunTime:0.000624s ]
INFO: [ app_begin ] --END-- [ RunTime:0.000689s ]

[ 2015-04-29T21:14:25+08:00 ] ::1 /meeting/index.php/Admin/ConfirmEmail/think_send_mail/to/630248976@qq.com/name/CasparGX/
INFO: [ app_init ] --START--
INFO: Run Behavior\BuildLiteBehavior [ RunTime:0.000023s ]
INFO: [ app_init ] --END-- [ RunTime:0.000488s ]
INFO: [ app_begin ] --START--
INFO: Run Behavior\ReadHtmlCacheBehavior [ RunTime:0.000736s ]
INFO: [ app_begin ] --END-- [ RunTime:0.000798s ]

[ 2015-04-29T21:14:25+08:00 ] ::1 /meeting/index.php/Admin/ConfirmEmail/think_send_mail/to/630248976@qq.com/name/CasparGX/
INFO: [ app_init ] --START--
INFO: Run Behavior\BuildLiteBehavior [ RunTime:0.000020s ]
INFO: [ app_init ] --END-- [ RunTime:0.000471s ]
INFO: [ app_begin ] --START--
INFO: Run Behavior\ReadHtmlCacheBehavior [ RunTime:0.000618s ]
INFO: [ app_begin ] --END-- [ RunTime:0.000678s ]

[ 2015-04-29T21:14:25+08:00 ] ::1 /meeting/index.php/Admin/ConfirmEmail/think_send_mail/to/630248976@qq.com/name/CasparGX/
INFO: [ app_init ] --START--
INFO: Run Behavior\BuildLiteBehavior [ RunTime:0.000015s ]
INFO: [ app_init ] --END-- [ RunTime:0.000339s ]
INFO: [ app_begin ] --START--
INFO: Run Behavior\ReadHtmlCacheBehavior [ RunTime:0.000603s ]
INFO: [ app_begin ] --END-- [ RunTime:0.000652s ]

[ 2015-04-29T21:14:27+08:00 ] ::1 /meeting/index.php/Admin/ConfirmEmail/think_send_mail/to/630248976@qq.com/name/CasparGX/
INFO: [ app_init ] --START--
INFO: Run Behavior\BuildLiteBehavior [ RunTime:0.000031s ]
INFO: [ app_init ] --END-- [ RunTime:0.000777s ]
INFO: [ app_begin ] --START--
INFO: Run Behavior\ReadHtmlCacheBehavior [ RunTime:0.001407s ]
INFO: [ app_begin ] --END-- [ RunTime:0.001519s ]

[ 2015-04-29T21:17:00+08:00 ] ::1 /meeting/index.php/Admin/ConfirmEmail/think_send_mail/to/630248976@qq.com/name/CasparGX/
INFO: [ app_init ] --START--
INFO: Run Behavior\BuildLiteBehavior [ RunTime:0.000088s ]
INFO: [ app_init ] --END-- [ RunTime:0.001285s ]
INFO: [ app_begin ] --START--
INFO: Run Behavior\ReadHtmlCacheBehavior [ RunTime:0.001263s ]
INFO: [ app_begin ] --END-- [ RunTime:0.001361s ]

[ 2015-04-29T21:17:02+08:00 ] ::1 /meeting/index.php/Admin/ConfirmEmail/think_send_mail/to/630248976@qq.com/name/CasparGX/
INFO: [ app_init ] --START--
INFO: Run Behavior\BuildLiteBehavior [ RunTime:0.000031s ]
INFO: [ app_init ] --END-- [ RunTime:0.000730s ]
INFO: [ app_begin ] --START--
INFO: Run Behavior\ReadHtmlCacheBehavior [ RunTime:0.001445s ]
INFO: [ app_begin ] --END-- [ RunTime:0.001561s ]

[ 2015-04-29T21:17:03+08:00 ] ::1 /meeting/index.php/Admin/ConfirmEmail/think_send_mail/to/630248976@qq.com/name/CasparGX/
INFO: [ app_init ] --START--
INFO: Run Behavior\BuildLiteBehavior [ RunTime:0.000032s ]
INFO: [ app_init ] --END-- [ RunTime:0.000827s ]
INFO: [ app_begin ] --START--
INFO: Run Behavior\ReadHtmlCacheBehavior [ RunTime:0.001385s ]
INFO: [ app_begin ] --END-- [ RunTime:0.001490s ]

[ 2015-04-29T21:17:10+08:00 ] ::1 /meeting/index.php/Admin/ConfirmEmail/think_send_mail/to/630248976@qq.com/name/CasparGX/
INFO: [ app_init ] --START--
INFO: Run Behavior\BuildLiteBehavior [ RunTime:0.000014s ]
INFO: [ app_init ] --END-- [ RunTime:0.000348s ]
INFO: [ app_begin ] --START--
INFO: Run Behavior\ReadHtmlCacheBehavior [ RunTime:0.000611s ]
INFO: [ app_begin ] --END-- [ RunTime:0.000659s ]

[ 2015-04-29T21:17:11+08:00 ] ::1 /meeting/index.php/Admin/ConfirmEmail/think_send_mail/to/630248976@qq.com/name/CasparGX/
INFO: [ app_init ] --START--
INFO: Run Behavior\BuildLiteBehavior [ RunTime:0.000031s ]
INFO: [ app_init ] --END-- [ RunTime:0.000742s ]
INFO: [ app_begin ] --START--
INFO: Run Behavior\ReadHtmlCacheBehavior [ RunTime:0.001352s ]
INFO: [ app_begin ] --END-- [ RunTime:0.001452s ]

[ 2015-04-29T21:17:11+08:00 ] ::1 /meeting/index.php/Admin/ConfirmEmail/think_send_mail/to/630248976@qq.com/name/CasparGX/
INFO: [ app_init ] --START--
INFO: Run Behavior\BuildLiteBehavior [ RunTime:0.000020s ]
INFO: [ app_init ] --END-- [ RunTime:0.000483s ]
INFO: [ app_begin ] --START--
INFO: Run Behavior\ReadHtmlCacheBehavior [ RunTime:0.000665s ]
INFO: [ app_begin ] --END-- [ RunTime:0.000728s ]

[ 2015-04-29T21:17:11+08:00 ] ::1 /meeting/index.php/Admin/ConfirmEmail/think_send_mail/to/630248976@qq.com/name/CasparGX/
INFO: [ app_init ] --START--
INFO: Run Behavior\BuildLiteBehavior [ RunTime:0.000015s ]
INFO: [ app_init ] --END-- [ RunTime:0.000355s ]
INFO: [ app_begin ] --START--
INFO: Run Behavior\ReadHtmlCacheBehavior [ RunTime:0.000827s ]
INFO: [ app_begin ] --END-- [ RunTime:0.000887s ]

[ 2015-04-29T21:17:59+08:00 ] ::1 /meeting/index.php/Admin/ConfirmEmail/think_send_mail/to/630248976@qq.com/name/CasparGX/
INFO: [ app_init ] --START--
INFO: Run Behavior\BuildLiteBehavior [ RunTime:0.000028s ]
INFO: [ app_init ] --END-- [ RunTime:0.000681s ]
INFO: [ app_begin ] --START--
INFO: Run Behavior\ReadHtmlCacheBehavior [ RunTime:0.001742s ]
INFO: [ app_begin ] --END-- [ RunTime:0.001872s ]

[ 2015-04-29T21:17:59+08:00 ] ::1 /meeting/index.php/Admin/ConfirmEmail/think_send_mail/to/630248976@qq.com/name/CasparGX/
INFO: [ app_init ] --START--
INFO: Run Behavior\BuildLiteBehavior [ RunTime:0.000030s ]
INFO: [ app_init ] --END-- [ RunTime:0.000721s ]
INFO: [ app_begin ] --START--
INFO: Run Behavior\ReadHtmlCacheBehavior [ RunTime:0.001430s ]
INFO: [ app_begin ] --END-- [ RunTime:0.001547s ]

[ 2015-04-29T21:17:59+08:00 ] ::1 /meeting/index.php/Admin/ConfirmEmail/think_send_mail/to/630248976@qq.com/name/CasparGX/
INFO: [ app_init ] --START--
INFO: Run Behavior\BuildLiteBehavior [ RunTime:0.000016s ]
INFO: [ app_init ] --END-- [ RunTime:0.000333s ]
INFO: [ app_begin ] --START--
INFO: Run Behavior\ReadHtmlCacheBehavior [ RunTime:0.000596s ]
INFO: [ app_begin ] --END-- [ RunTime:0.000641s ]

[ 2015-04-29T21:18:00+08:00 ] ::1 /meeting/index.php/Admin/ConfirmEmail/think_send_mail/to/630248976@qq.com/name/CasparGX/
INFO: [ app_init ] --START--
INFO: Run Behavior\BuildLiteBehavior [ RunTime:0.000015s ]
INFO: [ app_init ] --END-- [ RunTime:0.000338s ]
INFO: [ app_begin ] --START--
INFO: Run Behavior\ReadHtmlCacheBehavior [ RunTime:0.000860s ]
INFO: [ app_begin ] --END-- [ RunTime:0.000926s ]

[ 2015-04-29T21:18:16+08:00 ] ::1 /meeting/index.php/Admin/ConfirmEmail/think_send_mail/to/630248976@qq.com/name/CasparGX/
INFO: [ app_init ] --START--
INFO: Run Behavior\BuildLiteBehavior [ RunTime:0.000030s ]
INFO: [ app_init ] --END-- [ RunTime:0.000745s ]
INFO: [ app_begin ] --START--
INFO: Run Behavior\ReadHtmlCacheBehavior [ RunTime:0.001481s ]
INFO: [ app_begin ] --END-- [ RunTime:0.001596s ]

[ 2015-04-29T21:18:16+08:00 ] ::1 /meeting/index.php/Admin/ConfirmEmail/think_send_mail/to/630248976@qq.com/name/CasparGX/
INFO: [ app_init ] --START--
INFO: Run Behavior\BuildLiteBehavior [ RunTime:0.000028s ]
INFO: [ app_init ] --END-- [ RunTime:0.000666s ]
INFO: [ app_begin ] --START--
INFO: Run Behavior\ReadHtmlCacheBehavior [ RunTime:0.001385s ]
INFO: [ app_begin ] --END-- [ RunTime:0.001510s ]

[ 2015-04-29T21:18:17+08:00 ] ::1 /meeting/index.php/Admin/ConfirmEmail/think_send_mail/to/630248976@qq.com/name/CasparGX/
INFO: [ app_init ] --START--
INFO: Run Behavior\BuildLiteBehavior [ RunTime:0.000032s ]
INFO: [ app_init ] --END-- [ RunTime:0.000735s ]
INFO: [ app_begin ] --START--
INFO: Run Behavior\ReadHtmlCacheBehavior [ RunTime:0.001355s ]
INFO: [ app_begin ] --END-- [ RunTime:0.001494s ]

[ 2015-04-29T21:18:17+08:00 ] ::1 /meeting/index.php/Admin/ConfirmEmail/think_send_mail/to/630248976@qq.com/name/CasparGX/
INFO: [ app_init ] --START--
INFO: Run Behavior\BuildLiteBehavior [ RunTime:0.000015s ]
INFO: [ app_init ] --END-- [ RunTime:0.000332s ]
INFO: [ app_begin ] --START--
INFO: Run Behavior\ReadHtmlCacheBehavior [ RunTime:0.000611s ]
INFO: [ app_begin ] --END-- [ RunTime:0.000654s ]

[ 2015-04-29T21:18:17+08:00 ] ::1 /meeting/index.php/Admin/ConfirmEmail/think_send_mail/to/630248976@qq.com/name/CasparGX/
INFO: [ app_init ] --START--
INFO: Run Behavior\BuildLiteBehavior [ RunTime:0.000015s ]
INFO: [ app_init ] --END-- [ RunTime:0.000329s ]
INFO: [ app_begin ] --START--
INFO: Run Behavior\ReadHtmlCacheBehavior [ RunTime:0.000600s ]
INFO: [ app_begin ] --END-- [ RunTime:0.000646s ]

[ 2015-04-29T21:18:18+08:00 ] ::1 /meeting/index.php/Admin/ConfirmEmail/think_send_mail/to/630248976@qq.com/name/CasparGX/
INFO: [ app_init ] --START--
INFO: Run Behavior\BuildLiteBehavior [ RunTime:0.000015s ]
INFO: [ app_init ] --END-- [ RunTime:0.000359s ]
INFO: [ app_begin ] --START--
INFO: Run Behavior\ReadHtmlCacheBehavior [ RunTime:0.000653s ]
INFO: [ app_begin ] --END-- [ RunTime:0.000710s ]

[ 2015-04-29T21:18:23+08:00 ] ::1 /meeting/index.php/Admin/ConfirmEmail/think_send_mail/to/630248976@qq.com/name/CasparGX/
INFO: [ app_init ] --START--
INFO: Run Behavior\BuildLiteBehavior [ RunTime:0.000015s ]
INFO: [ app_init ] --END-- [ RunTime:0.000334s ]
INFO: [ app_begin ] --START--
INFO: Run Behavior\ReadHtmlCacheBehavior [ RunTime:0.000816s ]
INFO: [ app_begin ] --END-- [ RunTime:0.000872s ]

[ 2015-04-29T21:18:24+08:00 ] ::1 /meeting/index.php/Admin/ConfirmEmail/think_send_mail/to/630248976@qq.com/name/CasparGX/
INFO: [ app_init ] --START--
INFO: Run Behavior\BuildLiteBehavior [ RunTime:0.000029s ]
INFO: [ app_init ] --END-- [ RunTime:0.000720s ]
INFO: [ app_begin ] --START--
INFO: Run Behavior\ReadHtmlCacheBehavior [ RunTime:0.001271s ]
INFO: [ app_begin ] --END-- [ RunTime:0.001376s ]

[ 2015-04-29T21:18:24+08:00 ] ::1 /meeting/index.php/Admin/ConfirmEmail/think_send_mail/to/630248976@qq.com/name/CasparGX/
INFO: [ app_init ] --START--
INFO: Run Behavior\BuildLiteBehavior [ RunTime:0.000016s ]
INFO: [ app_init ] --END-- [ RunTime:0.000350s ]
INFO: [ app_begin ] --START--
INFO: Run Behavior\ReadHtmlCacheBehavior [ RunTime:0.000607s ]
INFO: [ app_begin ] --END-- [ RunTime:0.000652s ]

[ 2015-04-29T21:18:24+08:00 ] ::1 /meeting/index.php/Admin/ConfirmEmail/think_send_mail/to/630248976@qq.com/name/CasparGX/
INFO: [ app_init ] --START--
INFO: Run Behavior\BuildLiteBehavior [ RunTime:0.000015s ]
INFO: [ app_init ] --END-- [ RunTime:0.000330s ]
INFO: [ app_begin ] --START--
INFO: Run Behavior\ReadHtmlCacheBehavior [ RunTime:0.000598s ]
INFO: [ app_begin ] --END-- [ RunTime:0.000643s ]

[ 2015-04-29T21:18:25+08:00 ] ::1 /meeting/index.php/Admin/ConfirmEmail/think_send_mail/to/630248976@qq.com/name/CasparGX/
INFO: [ app_init ] --START--
INFO: Run Behavior\BuildLiteBehavior [ RunTime:0.000031s ]
INFO: [ app_init ] --END-- [ RunTime:0.000819s ]
INFO: [ app_begin ] --START--
INFO: Run Behavior\ReadHtmlCacheBehavior [ RunTime:0.001409s ]
INFO: [ app_begin ] --END-- [ RunTime:0.001510s ]

[ 2015-04-29T21:18:25+08:00 ] ::1 /meeting/index.php/Admin/ConfirmEmail/think_send_mail/to/630248976@qq.com/name/CasparGX/
INFO: [ app_init ] --START--
INFO: Run Behavior\BuildLiteBehavior [ RunTime:0.000016s ]
INFO: [ app_init ] --END-- [ RunTime:0.000335s ]
INFO: [ app_begin ] --START--
INFO: Run Behavior\ReadHtmlCacheBehavior [ RunTime:0.000608s ]
INFO: [ app_begin ] --END-- [ RunTime:0.000658s ]

[ 2015-04-29T21:18:25+08:00 ] ::1 /meeting/index.php/Admin/ConfirmEmail/think_send_mail/to/630248976@qq.com/name/CasparGX/
INFO: [ app_init ] --START--
INFO: Run Behavior\BuildLiteBehavior [ RunTime:0.000014s ]
INFO: [ app_init ] --END-- [ RunTime:0.000335s ]
INFO: [ app_begin ] --START--
INFO: Run Behavior\ReadHtmlCacheBehavior [ RunTime:0.000591s ]
INFO: [ app_begin ] --END-- [ RunTime:0.000636s ]

[ 2015-04-29T21:18:33+08:00 ] ::1 /meeting/index.php/Admin/ConfirmEmail/think_send_mail/to/630248976@qq.com/name/CasparGX/
INFO: [ app_init ] --START--
INFO: Run Behavior\BuildLiteBehavior [ RunTime:0.000031s ]
INFO: [ app_init ] --END-- [ RunTime:0.000728s ]
INFO: [ app_begin ] --START--
INFO: Run Behavior\ReadHtmlCacheBehavior [ RunTime:0.001405s ]
INFO: [ app_begin ] --END-- [ RunTime:0.001548s ]

[ 2015-04-29T21:18:34+08:00 ] ::1 /meeting/index.php/Admin/ConfirmEmail/think_send_mail/to/630248976@qq.com/name/CasparGX/
INFO: [ app_init ] --START--
INFO: Run Behavior\BuildLiteBehavior [ RunTime:0.000028s ]
INFO: [ app_init ] --END-- [ RunTime:0.000674s ]
INFO: [ app_begin ] --START--
INFO: Run Behavior\ReadHtmlCacheBehavior [ RunTime:0.001294s ]
INFO: [ app_begin ] --END-- [ RunTime:0.001435s ]

[ 2015-04-29T21:19:37+08:00 ] ::1 /meeting/index.php/Admin/ConfirmEmail/think_send_mail/to/630248976@qq.com/name/CasparGX/
INFO: [ app_init ] --START--
INFO: Run Behavior\BuildLiteBehavior [ RunTime:0.000016s ]
INFO: [ app_init ] --END-- [ RunTime:0.000375s ]
INFO: [ app_begin ] --START--
INFO: Run Behavior\ReadHtmlCacheBehavior [ RunTime:0.000595s ]
INFO: [ app_begin ] --END-- [ RunTime:0.000649s ]

[ 2015-04-29T21:19:41+08:00 ] ::1 /meeting/index.php/Admin/ConfirmEmail/think_send_mail/to/630248976@qq.com/name/CasparGX/
INFO: [ app_init ] --START--
INFO: Run Behavior\BuildLiteBehavior [ RunTime:0.000032s ]
INFO: [ app_init ] --END-- [ RunTime:0.000809s ]
INFO: [ app_begin ] --START--
INFO: Run Behavior\ReadHtmlCacheBehavior [ RunTime:0.001470s ]
INFO: [ app_begin ] --END-- [ RunTime:0.001615s ]

[ 2015-04-29T21:19:42+08:00 ] ::1 /meeting/index.php/Admin/ConfirmEmail/think_send_mail/to/630248976@qq.com/name/CasparGX/
INFO: [ app_init ] --START--
INFO: Run Behavior\BuildLiteBehavior [ RunTime:0.000041s ]
INFO: [ app_init ] --END-- [ RunTime:0.001076s ]
INFO: [ app_begin ] --START--
INFO: Run Behavior\ReadHtmlCacheBehavior [ RunTime:0.001376s ]
INFO: [ app_begin ] --END-- [ RunTime:0.001476s ]

[ 2015-04-29T21:22:19+08:00 ] ::1 /meeting/index.php/Admin/ConfirmEmail/think_send_mail/to/630248976@qq.com/name/CasparGX/
INFO: [ app_init ] --START--
INFO: Run Behavior\BuildLiteBehavior [ RunTime:0.000027s ]
INFO: [ app_init ] --END-- [ RunTime:0.000624s ]
INFO: [ app_begin ] --START--
INFO: Run Behavior\ReadHtmlCacheBehavior [ RunTime:0.001143s ]
INFO: [ app_begin ] --END-- [ RunTime:0.001233s ]

[ 2015-04-29T21:22:21+08:00 ] ::1 /meeting/index.php/Admin/ConfirmEmail/think_send_mail/to/630248976@qq.com/name/CasparGX/
INFO: [ app_init ] --START--
INFO: Run Behavior\BuildLiteBehavior [ RunTime:0.000026s ]
INFO: [ app_init ] --END-- [ RunTime:0.000647s ]
INFO: [ app_begin ] --START--
INFO: Run Behavior\ReadHtmlCacheBehavior [ RunTime:0.001189s ]
INFO: [ app_begin ] --END-- [ RunTime:0.001281s ]

[ 2015-04-29T21:22:21+08:00 ] ::1 /meeting/index.php/Admin/ConfirmEmail/think_send_mail/to/630248976@qq.com/name/CasparGX/
INFO: [ app_init ] --START--
INFO: Run Behavior\BuildLiteBehavior [ RunTime:0.000026s ]
INFO: [ app_init ] --END-- [ RunTime:0.000687s ]
INFO: [ app_begin ] --START--
INFO: Run Behavior\ReadHtmlCacheBehavior [ RunTime:0.001337s ]
INFO: [ app_begin ] --END-- [ RunTime:0.001446s ]

[ 2015-04-29T21:25:19+08:00 ] ::1 /meeting/index.php/Admin/ConfirmEmail/think_send_mail/to/630248976@qq.com/name/CasparGX/
INFO: [ app_init ] --START--
INFO: Run Behavior\BuildLiteBehavior [ RunTime:0.000023s ]
INFO: [ app_init ] --END-- [ RunTime:0.000526s ]
INFO: [ app_begin ] --START--
INFO: Run Behavior\ReadHtmlCacheBehavior [ RunTime:0.000781s ]
INFO: [ app_begin ] --END-- [ RunTime:0.000842s ]

[ 2015-04-29T21:25:19+08:00 ] ::1 /meeting/index.php/Admin/ConfirmEmail/think_send_mail/to/630248976@qq.com/name/CasparGX/
INFO: [ app_init ] --START--
INFO: Run Behavior\BuildLiteBehavior [ RunTime:0.000023s ]
INFO: [ app_init ] --END-- [ RunTime:0.000504s ]
INFO: [ app_begin ] --START--
INFO: Run Behavior\ReadHtmlCacheBehavior [ RunTime:0.000961s ]
INFO: [ app_begin ] --END-- [ RunTime:0.001050s ]

[ 2015-04-29T21:25:19+08:00 ] ::1 /meeting/index.php/Admin/ConfirmEmail/think_send_mail/to/630248976@qq.com/name/CasparGX/
INFO: [ app_init ] --START--
INFO: Run Behavior\BuildLiteBehavior [ RunTime:0.000015s ]
INFO: [ app_init ] --END-- [ RunTime:0.000331s ]
INFO: [ app_begin ] --START--
INFO: Run Behavior\ReadHtmlCacheBehavior [ RunTime:0.000607s ]
INFO: [ app_begin ] --END-- [ RunTime:0.000656s ]

[ 2015-04-29T21:25:19+08:00 ] ::1 /meeting/index.php/Admin/ConfirmEmail/think_send_mail/to/630248976@qq.com/name/CasparGX/
INFO: [ app_init ] --START--
INFO: Run Behavior\BuildLiteBehavior [ RunTime:0.000016s ]
INFO: [ app_init ] --END-- [ RunTime:0.000369s ]
INFO: [ app_begin ] --START--
INFO: Run Behavior\ReadHtmlCacheBehavior [ RunTime:0.000681s ]
INFO: [ app_begin ] --END-- [ RunTime:0.000756s ]

[ 2015-04-29T21:25:20+08:00 ] ::1 /meeting/index.php/Admin/ConfirmEmail/think_send_mail/to/630248976@qq.com/name/CasparGX/
INFO: [ app_init ] --START--
INFO: Run Behavior\BuildLiteBehavior [ RunTime:0.000032s ]
INFO: [ app_init ] --END-- [ RunTime:0.000636s ]
INFO: [ app_begin ] --START--
INFO: Run Behavior\ReadHtmlCacheBehavior [ RunTime:0.001207s ]
INFO: [ app_begin ] --END-- [ RunTime:0.001306s ]

[ 2015-04-29T21:25:20+08:00 ] ::1 /meeting/index.php/Admin/ConfirmEmail/think_send_mail/to/630248976@qq.com/name/CasparGX/
INFO: [ app_init ] --START--
INFO: Run Behavior\BuildLiteBehavior [ RunTime:0.000014s ]
INFO: [ app_init ] --END-- [ RunTime:0.000318s ]
INFO: [ app_begin ] --START--
INFO: Run Behavior\ReadHtmlCacheBehavior [ RunTime:0.000717s ]
INFO: [ app_begin ] --END-- [ RunTime:0.000765s ]

[ 2015-04-29T21:25:20+08:00 ] ::1 /meeting/index.php/Admin/ConfirmEmail/think_send_mail/to/630248976@qq.com/name/CasparGX/
INFO: [ app_init ] --START--
INFO: Run Behavior\BuildLiteBehavior [ RunTime:0.000025s ]
INFO: [ app_init ] --END-- [ RunTime:0.000496s ]
INFO: [ app_begin ] --START--
INFO: Run Behavior\ReadHtmlCacheBehavior [ RunTime:0.000998s ]
INFO: [ app_begin ] --END-- [ RunTime:0.001099s ]

[ 2015-04-29T21:25:20+08:00 ] ::1 /meeting/index.php/Admin/ConfirmEmail/think_send_mail/to/630248976@qq.com/name/CasparGX/
INFO: [ app_init ] --START--
INFO: Run Behavior\BuildLiteBehavior [ RunTime:0.000017s ]
INFO: [ app_init ] --END-- [ RunTime:0.000414s ]
INFO: [ app_begin ] --START--
INFO: Run Behavior\ReadHtmlCacheBehavior [ RunTime:0.000640s ]
INFO: [ app_begin ] --END-- [ RunTime:0.000689s ]

[ 2015-04-29T21:27:46+08:00 ] 127.0.0.1 /meeting/index.php/Admin/ConfirmEmail/think_send_mail/to/630248976@qq.com/name/CasparGX/
INFO: [ app_init ] --START--
INFO: Run Behavior\BuildLiteBehavior [ RunTime:0.000028s ]
INFO: [ app_init ] --END-- [ RunTime:0.000734s ]
INFO: [ app_begin ] --START--
INFO: Run Behavior\ReadHtmlCacheBehavior [ RunTime:0.001215s ]
INFO: [ app_begin ] --END-- [ RunTime:0.001316s ]
NOTIC: [2] require(/ThinkPHP/Vendor/PHPMailer/class.phpmailer.php): failed to open stream: No such file or directory F:\WAMP\apache\htdocs\meeting\Application\Admin\Controller\ConfirmEmailController.class.php 第 20 行.

[ 2015-04-29T21:28:49+08:00 ] ::1 /meeting/index.php/Admin/ConfirmEmail/think_send_mail/to/630248976@qq.com/name/CasparGX/
INFO: [ app_init ] --START--
INFO: Run Behavior\BuildLiteBehavior [ RunTime:0.000031s ]
INFO: [ app_init ] --END-- [ RunTime:0.000707s ]
INFO: [ app_begin ] --START--
INFO: Run Behavior\ReadHtmlCacheBehavior [ RunTime:0.001989s ]
INFO: [ app_begin ] --END-- [ RunTime:0.002141s ]

[ 2015-04-29T21:29:06+08:00 ] ::1 /meeting/index.php/Admin/ConfirmEmail/think_send_mail/to/630248976@qq.com/name/CasparGX/
INFO: [ app_init ] --START--
INFO: Run Behavior\BuildLiteBehavior [ RunTime:0.000040s ]
INFO: [ app_init ] --END-- [ RunTime:0.000767s ]
INFO: [ app_begin ] --START--
INFO: Run Behavior\ReadHtmlCacheBehavior [ RunTime:0.001505s ]
INFO: [ app_begin ] --END-- [ RunTime:0.001637s ]

[ 2015-04-29T21:29:07+08:00 ] ::1 /meeting/index.php/Admin/ConfirmEmail/think_send_mail/to/630248976@qq.com/name/CasparGX/
INFO: [ app_init ] --START--
INFO: Run Behavior\BuildLiteBehavior [ RunTime:0.000031s ]
INFO: [ app_init ] --END-- [ RunTime:0.000733s ]
INFO: [ app_begin ] --START--
INFO: Run Behavior\ReadHtmlCacheBehavior [ RunTime:0.001944s ]
INFO: [ app_begin ] --END-- [ RunTime:0.002087s ]

[ 2015-04-29T21:34:50+08:00 ] ::1 /meeting/index.php/Admin/ConfirmEmail/think_send_mail/to/630248976@qq.com/name/CasparGX/
INFO: [ app_init ] --START--
INFO: Run Behavior\BuildLiteBehavior [ RunTime:0.000015s ]
INFO: [ app_init ] --END-- [ RunTime:0.000344s ]
INFO: [ app_begin ] --START--
INFO: Run Behavior\ReadHtmlCacheBehavior [ RunTime:0.000610s ]
INFO: [ app_begin ] --END-- [ RunTime:0.000656s ]

[ 2015-04-29T21:35:43+08:00 ] ::1 /meeting/index.php/Admin/ConfirmEmail/think_send_mail/to/630248976@qq.com/name/CasparGX/
INFO: [ app_init ] --START--
INFO: Run Behavior\BuildLiteBehavior [ RunTime:0.000045s ]
INFO: [ app_init ] --END-- [ RunTime:0.001039s ]
INFO: [ app_begin ] --START--
INFO: Run Behavior\ReadHtmlCacheBehavior [ RunTime:0.001529s ]
INFO: [ app_begin ] --END-- [ RunTime:0.001638s ]

[ 2015-04-29T21:36:45+08:00 ] ::1 /meeting/index.php/Admin/ConfirmEmail/think_send_mail/to/630248976@qq.com/name/CasparGX/
INFO: [ app_init ] --START--
INFO: Run Behavior\BuildLiteBehavior [ RunTime:0.000015s ]
INFO: [ app_init ] --END-- [ RunTime:0.000317s ]
INFO: [ app_begin ] --START--
INFO: Run Behavior\ReadHtmlCacheBehavior [ RunTime:0.000602s ]
INFO: [ app_begin ] --END-- [ RunTime:0.000657s ]

[ 2015-04-29T21:41:40+08:00 ] ::1 /meeting/index.php/Admin/ConfirmEmail/think_send_mail/to/630248976@qq.com/name/CasparGX/
INFO: [ app_init ] --START--
INFO: Run Behavior\BuildLiteBehavior [ RunTime:0.000031s ]
INFO: [ app_init ] --END-- [ RunTime:0.000696s ]
INFO: [ app_begin ] --START--
INFO: Run Behavior\ReadHtmlCacheBehavior [ RunTime:0.001362s ]
INFO: [ app_begin ] --END-- [ RunTime:0.001495s ]

[ 2015-04-29T21:41:40+08:00 ] ::1 /meeting/index.php/Admin/ConfirmEmail/think_send_mail/to/630248976@qq.com/name/CasparGX/
INFO: [ app_init ] --START--
INFO: Run Behavior\BuildLiteBehavior [ RunTime:0.000023s ]
INFO: [ app_init ] --END-- [ RunTime:0.000647s ]
INFO: [ app_begin ] --START--
INFO: Run Behavior\ReadHtmlCacheBehavior [ RunTime:0.001019s ]
INFO: [ app_begin ] --END-- [ RunTime:0.001097s ]

[ 2015-04-29T21:41:41+08:00 ] ::1 /meeting/index.php/Admin/ConfirmEmail/think_send_mail/to/630248976@qq.com/name/CasparGX/
INFO: [ app_init ] --START--
INFO: Run Behavior\BuildLiteBehavior [ RunTime:0.000014s ]
INFO: [ app_init ] --END-- [ RunTime:0.000321s ]
INFO: [ app_begin ] --START--
INFO: Run Behavior\ReadHtmlCacheBehavior [ RunTime:0.000612s ]
INFO: [ app_begin ] --END-- [ RunTime:0.000660s ]

[ 2015-04-29T21:41:41+08:00 ] ::1 /meeting/index.php/Admin/ConfirmEmail/think_send_mail/to/630248976@qq.com/name/CasparGX/
INFO: [ app_init ] --START--
INFO: Run Behavior\BuildLiteBehavior [ RunTime:0.000016s ]
INFO: [ app_init ] --END-- [ RunTime:0.000335s ]
INFO: [ app_begin ] --START--
INFO: Run Behavior\ReadHtmlCacheBehavior [ RunTime:0.000642s ]
INFO: [ app_begin ] --END-- [ RunTime:0.000695s ]

[ 2015-04-29T21:41:41+08:00 ] ::1 /meeting/index.php/Admin/ConfirmEmail/think_send_mail/to/630248976@qq.com/name/CasparGX/
INFO: [ app_init ] --START--
INFO: Run Behavior\BuildLiteBehavior [ RunTime:0.000016s ]
INFO: [ app_init ] --END-- [ RunTime:0.000352s ]
INFO: [ app_begin ] --START--
INFO: Run Behavior\ReadHtmlCacheBehavior [ RunTime:0.000688s ]
INFO: [ app_begin ] --END-- [ RunTime:0.000738s ]

[ 2015-04-29T21:41:41+08:00 ] ::1 /meeting/index.php/Admin/ConfirmEmail/think_send_mail/to/630248976@qq.com/name/CasparGX/
INFO: [ app_init ] --START--
INFO: Run Behavior\BuildLiteBehavior [ RunTime:0.000015s ]
INFO: [ app_init ] --END-- [ RunTime:0.000328s ]
INFO: [ app_begin ] --START--
INFO: Run Behavior\ReadHtmlCacheBehavior [ RunTime:0.000672s ]
INFO: [ app_begin ] --END-- [ RunTime:0.000721s ]

[ 2015-04-29T21:41:41+08:00 ] ::1 /meeting/index.php/Admin/ConfirmEmail/think_send_mail/to/630248976@qq.com/name/CasparGX/
INFO: [ app_init ] --START--
INFO: Run Behavior\BuildLiteBehavior [ RunTime:0.000024s ]
INFO: [ app_init ] --END-- [ RunTime:0.000530s ]
INFO: [ app_begin ] --START--
INFO: Run Behavior\ReadHtmlCacheBehavior [ RunTime:0.001052s ]
INFO: [ app_begin ] --END-- [ RunTime:0.001153s ]

[ 2015-04-29T21:41:41+08:00 ] ::1 /meeting/index.php/Admin/ConfirmEmail/think_send_mail/to/630248976@qq.com/name/CasparGX/
INFO: [ app_init ] --START--
INFO: Run Behavior\BuildLiteBehavior [ RunTime:0.000015s ]
INFO: [ app_init ] --END-- [ RunTime:0.000323s ]
INFO: [ app_begin ] --START--
INFO: Run Behavior\ReadHtmlCacheBehavior [ RunTime:0.000625s ]
INFO: [ app_begin ] --END-- [ RunTime:0.000673s ]

[ 2015-04-29T21:41:41+08:00 ] ::1 /meeting/index.php/Admin/ConfirmEmail/think_send_mail/to/630248976@qq.com/name/CasparGX/
INFO: [ app_init ] --START--
INFO: Run Behavior\BuildLiteBehavior [ RunTime:0.000015s ]
INFO: [ app_init ] --END-- [ RunTime:0.000318s ]
INFO: [ app_begin ] --START--
INFO: Run Behavior\ReadHtmlCacheBehavior [ RunTime:0.000665s ]
INFO: [ app_begin ] --END-- [ RunTime:0.000714s ]

[ 2015-04-29T21:41:42+08:00 ] ::1 /meeting/index.php/Admin/ConfirmEmail/think_send_mail/to/630248976@qq.com/name/CasparGX/
INFO: [ app_init ] --START--
INFO: Run Behavior\BuildLiteBehavior [ RunTime:0.000014s ]
INFO: [ app_init ] --END-- [ RunTime:0.000322s ]
INFO: [ app_begin ] --START--
INFO: Run Behavior\ReadHtmlCacheBehavior [ RunTime:0.000630s ]
INFO: [ app_begin ] --END-- [ RunTime:0.000678s ]

[ 2015-04-29T21:41:42+08:00 ] ::1 /meeting/index.php/Admin/ConfirmEmail/think_send_mail/to/630248976@qq.com/name/CasparGX/
INFO: [ app_init ] --START--
INFO: Run Behavior\BuildLiteBehavior [ RunTime:0.000023s ]
INFO: [ app_init ] --END-- [ RunTime:0.000406s ]
INFO: [ app_begin ] --START--
INFO: Run Behavior\ReadHtmlCacheBehavior [ RunTime:0.000615s ]
INFO: [ app_begin ] --END-- [ RunTime:0.000663s ]

[ 2015-04-29T21:41:42+08:00 ] ::1 /meeting/index.php/Admin/ConfirmEmail/think_send_mail/to/630248976@qq.com/name/CasparGX/
INFO: [ app_init ] --START--
INFO: Run Behavior\BuildLiteBehavior [ RunTime:0.000016s ]
INFO: [ app_init ] --END-- [ RunTime:0.000329s ]
INFO: [ app_begin ] --START--
INFO: Run Behavior\ReadHtmlCacheBehavior [ RunTime:0.000662s ]
INFO: [ app_begin ] --END-- [ RunTime:0.000713s ]

[ 2015-04-29T21:41:42+08:00 ] ::1 /meeting/index.php/Admin/ConfirmEmail/think_send_mail/to/630248976@qq.com/name/CasparGX/
INFO: [ app_init ] --START--
INFO: Run Behavior\BuildLiteBehavior [ RunTime:0.000015s ]
INFO: [ app_init ] --END-- [ RunTime:0.000421s ]
INFO: [ app_begin ] --START--
INFO: Run Behavior\ReadHtmlCacheBehavior [ RunTime:0.000625s ]
INFO: [ app_begin ] --END-- [ RunTime:0.000674s ]

[ 2015-04-29T21:41:42+08:00 ] ::1 /meeting/index.php/Admin/ConfirmEmail/think_send_mail/to/630248976@qq.com/name/CasparGX/
INFO: [ app_init ] --START--
INFO: Run Behavior\BuildLiteBehavior [ RunTime:0.000016s ]
INFO: [ app_init ] --END-- [ RunTime:0.000343s ]
INFO: [ app_begin ] --START--
INFO: Run Behavior\ReadHtmlCacheBehavior [ RunTime:0.000647s ]
INFO: [ app_begin ] --END-- [ RunTime:0.000702s ]

[ 2015-04-29T21:41:43+08:00 ] ::1 /meeting/index.php/Admin/ConfirmEmail/think_send_mail/to/630248976@qq.com/name/CasparGX/
INFO: [ app_init ] --START--
INFO: Run Behavior\BuildLiteBehavior [ RunTime:0.000015s ]
INFO: [ app_init ] --END-- [ RunTime:0.000332s ]
INFO: [ app_begin ] --START--
INFO: Run Behavior\ReadHtmlCacheBehavior [ RunTime:0.000646s ]
INFO: [ app_begin ] --END-- [ RunTime:0.000694s ]

[ 2015-04-29T21:41:43+08:00 ] ::1 /meeting/index.php/Admin/ConfirmEmail/think_send_mail/to/630248976@qq.com/name/CasparGX/
INFO: [ app_init ] --START--
INFO: Run Behavior\BuildLiteBehavior [ RunTime:0.000020s ]
INFO: [ app_init ] --END-- [ RunTime:0.000466s ]
INFO: [ app_begin ] --START--
INFO: Run Behavior\ReadHtmlCacheBehavior [ RunTime:0.000959s ]
INFO: [ app_begin ] --END-- [ RunTime:0.001051s ]

[ 2015-04-29T21:41:43+08:00 ] ::1 /meeting/index.php/Admin/ConfirmEmail/think_send_mail/to/630248976@qq.com/name/CasparGX/
INFO: [ app_init ] --START--
INFO: Run Behavior\BuildLiteBehavior [ RunTime:0.000016s ]
INFO: [ app_init ] --END-- [ RunTime:0.000336s ]
INFO: [ app_begin ] --START--
INFO: Run Behavior\ReadHtmlCacheBehavior [ RunTime:0.000636s ]
INFO: [ app_begin ] --END-- [ RunTime:0.000688s ]

[ 2015-04-29T21:41:43+08:00 ] ::1 /meeting/index.php/Admin/ConfirmEmail/think_send_mail/to/630248976@qq.com/name/CasparGX/
INFO: [ app_init ] --START--
INFO: Run Behavior\BuildLiteBehavior [ RunTime:0.000017s ]
INFO: [ app_init ] --END-- [ RunTime:0.000435s ]
INFO: [ app_begin ] --START--
INFO: Run Behavior\ReadHtmlCacheBehavior [ RunTime:0.000746s ]
INFO: [ app_begin ] --END-- [ RunTime:0.000853s ]

[ 2015-04-29T21:41:43+08:00 ] ::1 /meeting/index.php/Admin/ConfirmEmail/think_send_mail/to/630248976@qq.com/name/CasparGX/
INFO: [ app_init ] --START--
INFO: Run Behavior\BuildLiteBehavior [ RunTime:0.000016s ]
INFO: [ app_init ] --END-- [ RunTime:0.000350s ]
INFO: [ app_begin ] --START--
INFO: Run Behavior\ReadHtmlCacheBehavior [ RunTime:0.000620s ]
INFO: [ app_begin ] --END-- [ RunTime:0.000668s ]

[ 2015-04-29T21:55:36+08:00 ] ::1 /meeting/index.php/Admin/ConfirmEmail/think_send_mail/to/630248976@qq.com/name/CasparGX/
INFO: [ app_init ] --START--
INFO: Run Behavior\BuildLiteBehavior [ RunTime:0.000014s ]
INFO: [ app_init ] --END-- [ RunTime:0.000340s ]
INFO: [ app_begin ] --START--
INFO: Run Behavior\ReadHtmlCacheBehavior [ RunTime:0.000605s ]
INFO: [ app_begin ] --END-- [ RunTime:0.000652s ]

[ 2015-04-29T21:55:37+08:00 ] ::1 /meeting/index.php/Admin/ConfirmEmail/think_send_mail/to/630248976@qq.com/name/CasparGX/
INFO: [ app_init ] --START--
INFO: Run Behavior\BuildLiteBehavior [ RunTime:0.000033s ]
INFO: [ app_init ] --END-- [ RunTime:0.000750s ]
INFO: [ app_begin ] --START--
INFO: Run Behavior\ReadHtmlCacheBehavior [ RunTime:0.001432s ]
INFO: [ app_begin ] --END-- [ RunTime:0.001548s ]

[ 2015-04-29T21:55:37+08:00 ] ::1 /meeting/index.php/Admin/ConfirmEmail/think_send_mail/to/630248976@qq.com/name/CasparGX/
INFO: [ app_init ] --START--
INFO: Run Behavior\BuildLiteBehavior [ RunTime:0.000015s ]
INFO: [ app_init ] --END-- [ RunTime:0.000328s ]
INFO: [ app_begin ] --START--
INFO: Run Behavior\ReadHtmlCacheBehavior [ RunTime:0.000618s ]
INFO: [ app_begin ] --END-- [ RunTime:0.000671s ]

[ 2015-04-29T21:55:38+08:00 ] ::1 /meeting/index.php/Admin/ConfirmEmail/think_send_mail/to/630248976@qq.com/name/CasparGX/
INFO: [ app_init ] --START--
INFO: Run Behavior\BuildLiteBehavior [ RunTime:0.000015s ]
INFO: [ app_init ] --END-- [ RunTime:0.000328s ]
INFO: [ app_begin ] --START--
INFO: Run Behavior\ReadHtmlCacheBehavior [ RunTime:0.000610s ]
INFO: [ app_begin ] --END-- [ RunTime:0.000657s ]

[ 2015-04-29T21:55:38+08:00 ] ::1 /meeting/index.php/Admin/ConfirmEmail/think_send_mail/to/630248976@qq.com/name/CasparGX/
INFO: [ app_init ] --START--
INFO: Run Behavior\BuildLiteBehavior [ RunTime:0.000015s ]
INFO: [ app_init ] --END-- [ RunTime:0.000320s ]
INFO: [ app_begin ] --START--
INFO: Run Behavior\ReadHtmlCacheBehavior [ RunTime:0.000844s ]
INFO: [ app_begin ] --END-- [ RunTime:0.000913s ]

[ 2015-04-29T21:57:31+08:00 ] ::1 /meeting/index.php/Admin/ConfirmEmail/think_send_mail/to/630248976@qq.com/name/CasparGX/
INFO: [ app_init ] --START--
INFO: Run Behavior\BuildLiteBehavior [ RunTime:0.000028s ]
INFO: [ app_init ] --END-- [ RunTime:0.000634s ]
INFO: [ app_begin ] --START--
INFO: Run Behavior\ReadHtmlCacheBehavior [ RunTime:0.001241s ]
INFO: [ app_begin ] --END-- [ RunTime:0.001346s ]

[ 2015-04-29T21:57:31+08:00 ] ::1 /meeting/index.php/Admin/ConfirmEmail/think_send_mail/to/630248976@qq.com/name/CasparGX/
INFO: [ app_init ] --START--
INFO: Run Behavior\BuildLiteBehavior [ RunTime:0.000031s ]
INFO: [ app_init ] --END-- [ RunTime:0.000748s ]
INFO: [ app_begin ] --START--
INFO: Run Behavior\ReadHtmlCacheBehavior [ RunTime:0.001364s ]
INFO: [ app_begin ] --END-- [ RunTime:0.001465s ]

[ 2015-04-29T21:57:32+08:00 ] ::1 /meeting/index.php/Admin/ConfirmEmail/think_send_mail/to/630248976@qq.com/name/CasparGX/
INFO: [ app_init ] --START--
INFO: Run Behavior\BuildLiteBehavior [ RunTime:0.000014s ]
INFO: [ app_init ] --END-- [ RunTime:0.000328s ]
INFO: [ app_begin ] --START--
INFO: Run Behavior\ReadHtmlCacheBehavior [ RunTime:0.000601s ]
INFO: [ app_begin ] --END-- [ RunTime:0.000647s ]

[ 2015-04-29T21:57:32+08:00 ] ::1 /meeting/index.php/Admin/ConfirmEmail/think_send_mail/to/630248976@qq.com/name/CasparGX/
INFO: [ app_init ] --START--
INFO: Run Behavior\BuildLiteBehavior [ RunTime:0.000023s ]
INFO: [ app_init ] --END-- [ RunTime:0.000347s ]
INFO: [ app_begin ] --START--
INFO: Run Behavior\ReadHtmlCacheBehavior [ RunTime:0.000633s ]
INFO: [ app_begin ] --END-- [ RunTime:0.000677s ]

[ 2015-04-29T21:57:47+08:00 ] ::1 /meeting/index.php/Admin/ConfirmEmail/think_send_mail/to/630248976@qq.com/name/CasparGX/
INFO: [ app_init ] --START--
INFO: Run Behavior\BuildLiteBehavior [ RunTime:0.000015s ]
INFO: [ app_init ] --END-- [ RunTime:0.000317s ]
INFO: [ app_begin ] --START--
INFO: Run Behavior\ReadHtmlCacheBehavior [ RunTime:0.000597s ]
INFO: [ app_begin ] --END-- [ RunTime:0.000660s ]

[ 2015-04-29T21:57:48+08:00 ] ::1 /meeting/index.php/Admin/ConfirmEmail/think_send_mail/to/630248976@qq.com/name/CasparGX/
INFO: [ app_init ] --START--
INFO: Run Behavior\BuildLiteBehavior [ RunTime:0.000033s ]
INFO: [ app_init ] --END-- [ RunTime:0.000736s ]
INFO: [ app_begin ] --START--
INFO: Run Behavior\ReadHtmlCacheBehavior [ RunTime:0.001522s ]
INFO: [ app_begin ] --END-- [ RunTime:0.001690s ]

[ 2015-04-29T21:57:48+08:00 ] ::1 /meeting/index.php/Admin/ConfirmEmail/think_send_mail/to/630248976@qq.com/name/CasparGX/
INFO: [ app_init ] --START--
INFO: Run Behavior\BuildLiteBehavior [ RunTime:0.000015s ]
INFO: [ app_init ] --END-- [ RunTime:0.000322s ]
INFO: [ app_begin ] --START--
INFO: Run Behavior\ReadHtmlCacheBehavior [ RunTime:0.000608s ]
INFO: [ app_begin ] --END-- [ RunTime:0.000655s ]

