[ 2015-05-03T15:24:54+08:00 ] ::1 /meeting/index.php/Admin/User
INFO: [ app_init ] --START--
INFO: Run Behavior\BuildLiteBehavior [ RunTime:0.000019s ]
INFO: [ app_init ] --END-- [ RunTime:0.000733s ]
INFO: [ app_begin ] --START--
INFO: Run Behavior\ReadHtmlCacheBehavior [ RunTime:0.018825s ]
INFO: [ app_begin ] --END-- [ RunTime:0.018895s ]
INFO: [ view_parse ] --START--
INFO: [ template_filter ] --START--
INFO: Run Behavior\ContentReplaceBehavior [ RunTime:0.000031s ]
INFO: [ template_filter ] --END-- [ RunTime:0.000090s ]
INFO: Run Behavior\ParseTemplateBehavior [ RunTime:0.038999s ]
INFO: [ view_parse ] --END-- [ RunTime:0.039064s ]
INFO: [ view_filter ] --START--
INFO: Run Behavior\WriteHtmlCacheBehavior [ RunTime:0.015352s ]
INFO: [ view_filter ] --END-- [ RunTime:0.015418s ]
INFO: [ app_end ] --START--
INFO: Run Behavior\ShowPageTraceBehavior [ RunTime:0.009938s ]
INFO: [ app_end ] --END-- [ RunTime:0.010027s ]

[ 2015-05-03T15:25:03+08:00 ] ::1 /meeting/index.php/Admin/User/changeAvatar
INFO: [ app_init ] --START--
INFO: Run Behavior\BuildLiteBehavior [ RunTime:0.000047s ]
INFO: [ app_init ] --END-- [ RunTime:0.000530s ]
INFO: [ app_begin ] --START--
INFO: Run Behavior\ReadHtmlCacheBehavior [ RunTime:0.000562s ]
INFO: [ app_begin ] --END-- [ RunTime:0.000609s ]

[ 2015-05-03T15:26:04+08:00 ] ::1 /meeting/index.php/Admin/User/changeAvatar
INFO: [ app_init ] --START--
INFO: Run Behavior\BuildLiteBehavior [ RunTime:0.000013s ]
INFO: [ app_init ] --END-- [ RunTime:0.000318s ]
INFO: [ app_begin ] --START--
INFO: Run Behavior\ReadHtmlCacheBehavior [ RunTime:0.000592s ]
INFO: [ app_begin ] --END-- [ RunTime:0.000646s ]
NOTIC: [2] md5_file(./Public/uploadfile/user/avatar/5545cd8a529dc.jpg): failed to open stream: No such file or directory F:\WAMP\apache\htdocs\meeting\ThinkPHP\Library\Think\UploadFile.class.php 第 197 行.
SQL: SHOW COLUMNS FROM `tp_user` [ RunTime:0.0032s ]
SQL: UPDATE `tp_user` SET `avatar`='./Public/uploadfile/user/avatar/1.jpg',`scale`='0' WHERE `id` = 1 [ RunTime:0.0002s ]
INFO: [ view_parse ] --START--
INFO: [ template_filter ] --START--
INFO: Run Behavior\ContentReplaceBehavior [ RunTime:0.000071s ]
INFO: [ template_filter ] --END-- [ RunTime:0.000139s ]
INFO: Run Behavior\ParseTemplateBehavior [ RunTime:0.052058s ]
INFO: [ view_parse ] --END-- [ RunTime:0.052102s ]
INFO: [ view_filter ] --START--
INFO: Run Behavior\WriteHtmlCacheBehavior [ RunTime:0.000291s ]
INFO: [ view_filter ] --END-- [ RunTime:0.000327s ]

[ 2015-05-03T15:26:56+08:00 ] ::1 /meeting/index.php/Admin/User/changeAvatar
INFO: [ app_init ] --START--
INFO: Run Behavior\BuildLiteBehavior [ RunTime:0.000015s ]
INFO: [ app_init ] --END-- [ RunTime:0.000322s ]
INFO: [ app_begin ] --START--
INFO: Run Behavior\ReadHtmlCacheBehavior [ RunTime:0.000557s ]
INFO: [ app_begin ] --END-- [ RunTime:0.000610s ]
NOTIC: [2] md5_file(./Public/uploadfile/user/avatar/5545cdc0b50a3.jpg): failed to open stream: No such file or directory F:\WAMP\apache\htdocs\meeting\ThinkPHP\Library\Think\UploadFile.class.php 第 197 行.

[ 2015-05-03T15:28:12+08:00 ] ::1 /meeting/index.php/Admin/User/changeAvatar
INFO: [ app_init ] --START--
INFO: Run Behavior\BuildLiteBehavior [ RunTime:0.000015s ]
INFO: [ app_init ] --END-- [ RunTime:0.000324s ]
INFO: [ app_begin ] --START--
INFO: Run Behavior\ReadHtmlCacheBehavior [ RunTime:0.000516s ]
INFO: [ app_begin ] --END-- [ RunTime:0.000600s ]
NOTIC: [2] md5_file(./Public/uploadfile/user/avatar/5545ce0c90246.jpg): failed to open stream: No such file or directory F:\WAMP\apache\htdocs\meeting\ThinkPHP\Library\Think\UploadFile.class.php 第 197 行.

[ 2015-05-03T15:30:25+08:00 ] ::1 /meeting/index.php/Admin/User/changeAvatar
INFO: [ app_init ] --START--
INFO: Run Behavior\BuildLiteBehavior [ RunTime:0.000017s ]
INFO: [ app_init ] --END-- [ RunTime:0.000345s ]
INFO: [ app_begin ] --START--
INFO: Run Behavior\ReadHtmlCacheBehavior [ RunTime:0.000898s ]
INFO: [ app_begin ] --END-- [ RunTime:0.000975s ]
NOTIC: [2] md5_file(./Public/uploadfile/user/avatar/5545ce912c9f3.jpg): failed to open stream: No such file or directory F:\WAMP\apache\htdocs\meeting\ThinkPHP\Library\Think\UploadFile.class.php 第 197 行.

[ 2015-05-03T15:30:41+08:00 ] ::1 /meeting/index.php/Admin/User/changeAvatar
INFO: [ app_init ] --START--
INFO: Run Behavior\BuildLiteBehavior [ RunTime:0.000018s ]
INFO: [ app_init ] --END-- [ RunTime:0.000420s ]
INFO: [ app_begin ] --START--
INFO: Run Behavior\ReadHtmlCacheBehavior [ RunTime:0.000517s ]
INFO: [ app_begin ] --END-- [ RunTime:0.000568s ]
NOTIC: [2] md5_file(./Public/uploadfile/user/avatar/5545cea0e364c.jpg): failed to open stream: No such file or directory F:\WAMP\apache\htdocs\meeting\ThinkPHP\Library\Think\UploadFile.class.php 第 197 行.
SQL: SHOW COLUMNS FROM `tp_user` [ RunTime:0.0029s ]
SQL: UPDATE `tp_user` SET `avatar`='./Public/uploadfile/user/avatar/1.jpg',`scale`='1' WHERE `id` = 1 [ RunTime:0.0003s ]
INFO: [ view_parse ] --START--
INFO: [ template_filter ] --START--
INFO: Run Behavior\ContentReplaceBehavior [ RunTime:0.000065s ]
INFO: [ template_filter ] --END-- [ RunTime:0.000268s ]
INFO: Run Behavior\ParseTemplateBehavior [ RunTime:0.007298s ]
INFO: [ view_parse ] --END-- [ RunTime:0.007374s ]
INFO: [ view_filter ] --START--
INFO: Run Behavior\WriteHtmlCacheBehavior [ RunTime:0.000317s ]
INFO: [ view_filter ] --END-- [ RunTime:0.000358s ]
INFO: [ app_end ] --START--
INFO: Run Behavior\ShowPageTraceBehavior [ RunTime:0.000686s ]
INFO: [ app_end ] --END-- [ RunTime:0.000740s ]

[ 2015-05-03T15:30:43+08:00 ] ::1 /meeting/index.php/Admin/User
INFO: [ app_init ] --START--
INFO: Run Behavior\BuildLiteBehavior [ RunTime:0.000028s ]
INFO: [ app_init ] --END-- [ RunTime:0.000444s ]
INFO: [ app_begin ] --START--
INFO: Run Behavior\ReadHtmlCacheBehavior [ RunTime:0.000574s ]
INFO: [ app_begin ] --END-- [ RunTime:0.000636s ]
INFO: [ view_parse ] --START--
INFO: [ template_filter ] --START--
INFO: Run Behavior\ContentReplaceBehavior [ RunTime:0.000031s ]
INFO: [ template_filter ] --END-- [ RunTime:0.000085s ]
INFO: Run Behavior\ParseTemplateBehavior [ RunTime:0.004601s ]
INFO: [ view_parse ] --END-- [ RunTime:0.004693s ]
INFO: [ view_filter ] --START--
INFO: Run Behavior\WriteHtmlCacheBehavior [ RunTime:0.000456s ]
INFO: [ view_filter ] --END-- [ RunTime:0.000524s ]
INFO: [ app_end ] --START--
INFO: Run Behavior\ShowPageTraceBehavior [ RunTime:0.000647s ]
INFO: [ app_end ] --END-- [ RunTime:0.000706s ]

[ 2015-05-03T15:30:51+08:00 ] ::1 /meeting/index.php/Admin/User/changeAvatar
INFO: [ app_init ] --START--
INFO: Run Behavior\BuildLiteBehavior [ RunTime:0.000014s ]
INFO: [ app_init ] --END-- [ RunTime:0.000320s ]
INFO: [ app_begin ] --START--
INFO: Run Behavior\ReadHtmlCacheBehavior [ RunTime:0.000535s ]
INFO: [ app_begin ] --END-- [ RunTime:0.000582s ]
NOTIC: [2] md5_file(./Public/uploadfile/user/avatar/5545ceaa756cb.jpg): failed to open stream: No such file or directory F:\WAMP\apache\htdocs\meeting\ThinkPHP\Library\Think\UploadFile.class.php 第 197 行.
SQL: SHOW COLUMNS FROM `tp_user` [ RunTime:0.0052s ]
SQL: UPDATE `tp_user` SET `avatar`='./Public/uploadfile/user/avatar/1.jpg',`scale`='0' WHERE `id` = 1 [ RunTime:0.0005s ]
INFO: [ view_parse ] --START--
INFO: [ template_filter ] --START--
INFO: Run Behavior\ContentReplaceBehavior [ RunTime:0.000082s ]
INFO: [ template_filter ] --END-- [ RunTime:0.000190s ]
INFO: Run Behavior\ParseTemplateBehavior [ RunTime:0.011345s ]
INFO: [ view_parse ] --END-- [ RunTime:0.011457s ]
INFO: [ view_filter ] --START--
INFO: Run Behavior\WriteHtmlCacheBehavior [ RunTime:0.000620s ]
INFO: [ view_filter ] --END-- [ RunTime:0.000727s ]
INFO: [ app_end ] --START--
INFO: Run Behavior\ShowPageTraceBehavior [ RunTime:0.001023s ]
INFO: [ app_end ] --END-- [ RunTime:0.001110s ]

[ 2015-05-03T15:30:52+08:00 ] ::1 /meeting/index.php/Admin/User
INFO: [ app_init ] --START--
INFO: Run Behavior\BuildLiteBehavior [ RunTime:0.000016s ]
INFO: [ app_init ] --END-- [ RunTime:0.000325s ]
INFO: [ app_begin ] --START--
INFO: Run Behavior\ReadHtmlCacheBehavior [ RunTime:0.000520s ]
INFO: [ app_begin ] --END-- [ RunTime:0.000594s ]
INFO: [ view_parse ] --START--
INFO: [ template_filter ] --START--
INFO: Run Behavior\ContentReplaceBehavior [ RunTime:0.000029s ]
INFO: [ template_filter ] --END-- [ RunTime:0.000073s ]
INFO: Run Behavior\ParseTemplateBehavior [ RunTime:0.004287s ]
INFO: [ view_parse ] --END-- [ RunTime:0.004336s ]
INFO: [ view_filter ] --START--
INFO: Run Behavior\WriteHtmlCacheBehavior [ RunTime:0.000188s ]
INFO: [ view_filter ] --END-- [ RunTime:0.000227s ]
INFO: [ app_end ] --START--
INFO: Run Behavior\ShowPageTraceBehavior [ RunTime:0.000498s ]
INFO: [ app_end ] --END-- [ RunTime:0.000544s ]

[ 2015-05-03T15:30:58+08:00 ] ::1 /meeting/index.php/Admin/User/changeAvatar
INFO: [ app_init ] --START--
INFO: Run Behavior\BuildLiteBehavior [ RunTime:0.000016s ]
INFO: [ app_init ] --END-- [ RunTime:0.000323s ]
INFO: [ app_begin ] --START--
INFO: Run Behavior\ReadHtmlCacheBehavior [ RunTime:0.000523s ]
INFO: [ app_begin ] --END-- [ RunTime:0.000569s ]
NOTIC: [2] md5_file(./Public/uploadfile/user/avatar/5545ceb1e940f.jpg): failed to open stream: No such file or directory F:\WAMP\apache\htdocs\meeting\ThinkPHP\Library\Think\UploadFile.class.php 第 197 行.
SQL: SHOW COLUMNS FROM `tp_user` [ RunTime:0.0056s ]
SQL: UPDATE `tp_user` SET `avatar`='./Public/uploadfile/user/avatar/1.jpg',`scale`='0' WHERE `id` = 1 [ RunTime:0.0003s ]
INFO: [ view_parse ] --START--
INFO: [ template_filter ] --START--
INFO: Run Behavior\ContentReplaceBehavior [ RunTime:0.000043s ]
INFO: [ template_filter ] --END-- [ RunTime:0.000101s ]
INFO: Run Behavior\ParseTemplateBehavior [ RunTime:0.006716s ]
INFO: [ view_parse ] --END-- [ RunTime:0.006776s ]
INFO: [ view_filter ] --START--
INFO: Run Behavior\WriteHtmlCacheBehavior [ RunTime:0.000314s ]
INFO: [ view_filter ] --END-- [ RunTime:0.000355s ]

[ 2015-05-03T15:31:04+08:00 ] ::1 /meeting/index.php/Admin/User/changeAvatar
INFO: [ app_init ] --START--
INFO: Run Behavior\BuildLiteBehavior [ RunTime:0.000014s ]
INFO: [ app_init ] --END-- [ RunTime:0.000328s ]
INFO: [ app_begin ] --START--
INFO: Run Behavior\ReadHtmlCacheBehavior [ RunTime:0.000735s ]
INFO: [ app_begin ] --END-- [ RunTime:0.000814s ]
NOTIC: [2] md5_file(./Public/uploadfile/user/avatar/5545ceb7154b0.jpg): failed to open stream: No such file or directory F:\WAMP\apache\htdocs\meeting\ThinkPHP\Library\Think\UploadFile.class.php 第 197 行.
SQL: SHOW COLUMNS FROM `tp_user` [ RunTime:0.0076s ]
SQL: UPDATE `tp_user` SET `avatar`='./Public/uploadfile/user/avatar/1.jpg',`scale`='0' WHERE `id` = 1 [ RunTime:0.0007s ]
INFO: [ view_parse ] --START--
INFO: [ template_filter ] --START--
INFO: Run Behavior\ContentReplaceBehavior [ RunTime:0.000089s ]
INFO: [ template_filter ] --END-- [ RunTime:0.000204s ]
INFO: Run Behavior\ParseTemplateBehavior [ RunTime:0.013646s ]
INFO: [ view_parse ] --END-- [ RunTime:0.013775s ]
INFO: [ view_filter ] --START--
INFO: Run Behavior\WriteHtmlCacheBehavior [ RunTime:0.000623s ]
INFO: [ view_filter ] --END-- [ RunTime:0.000710s ]

[ 2015-05-03T15:31:16+08:00 ] ::1 /meeting/index.php/Admin/User/changeAvatar
INFO: [ app_init ] --START--
INFO: Run Behavior\BuildLiteBehavior [ RunTime:0.000022s ]
INFO: [ app_init ] --END-- [ RunTime:0.000517s ]
INFO: [ app_begin ] --START--
INFO: Run Behavior\ReadHtmlCacheBehavior [ RunTime:0.001138s ]
INFO: [ app_begin ] --END-- [ RunTime:0.001367s ]
NOTIC: [2] md5_file(./Public/uploadfile/user/avatar/5545cec2e952b.png): failed to open stream: No such file or directory F:\WAMP\apache\htdocs\meeting\ThinkPHP\Library\Think\UploadFile.class.php 第 197 行.
SQL: SHOW COLUMNS FROM `tp_user` [ RunTime:0.0038s ]
SQL: UPDATE `tp_user` SET `avatar`='./Public/uploadfile/user/avatar/1.png',`scale`='0' WHERE `id` = 1 [ RunTime:0.0004s ]
INFO: [ view_parse ] --START--
INFO: [ template_filter ] --START--
INFO: Run Behavior\ContentReplaceBehavior [ RunTime:0.000047s ]
INFO: [ template_filter ] --END-- [ RunTime:0.000110s ]
INFO: Run Behavior\ParseTemplateBehavior [ RunTime:0.006955s ]
INFO: [ view_parse ] --END-- [ RunTime:0.007024s ]
INFO: [ view_filter ] --START--
INFO: Run Behavior\WriteHtmlCacheBehavior [ RunTime:0.000315s ]
INFO: [ view_filter ] --END-- [ RunTime:0.000356s ]
INFO: [ app_end ] --START--
INFO: Run Behavior\ShowPageTraceBehavior [ RunTime:0.000522s ]
INFO: [ app_end ] --END-- [ RunTime:0.000565s ]

[ 2015-05-03T15:31:17+08:00 ] ::1 /meeting/index.php/Admin/User
INFO: [ app_init ] --START--
INFO: Run Behavior\BuildLiteBehavior [ RunTime:0.000015s ]
INFO: [ app_init ] --END-- [ RunTime:0.000332s ]
INFO: [ app_begin ] --START--
INFO: Run Behavior\ReadHtmlCacheBehavior [ RunTime:0.000816s ]
INFO: [ app_begin ] --END-- [ RunTime:0.000903s ]
INFO: [ view_parse ] --START--
INFO: [ template_filter ] --START--
INFO: Run Behavior\ContentReplaceBehavior [ RunTime:0.000043s ]
INFO: [ template_filter ] --END-- [ RunTime:0.000117s ]
INFO: Run Behavior\ParseTemplateBehavior [ RunTime:0.005851s ]
INFO: [ view_parse ] --END-- [ RunTime:0.005940s ]
INFO: [ view_filter ] --START--
INFO: Run Behavior\WriteHtmlCacheBehavior [ RunTime:0.000305s ]
INFO: [ view_filter ] --END-- [ RunTime:0.000371s ]
INFO: [ app_end ] --START--
INFO: Run Behavior\ShowPageTraceBehavior [ RunTime:0.000647s ]
INFO: [ app_end ] --END-- [ RunTime:0.000706s ]

[ 2015-05-03T15:31:22+08:00 ] ::1 /meeting/index.php/Admin/User/changeAvatar
INFO: [ app_init ] --START--
INFO: Run Behavior\BuildLiteBehavior [ RunTime:0.000016s ]
INFO: [ app_init ] --END-- [ RunTime:0.000350s ]
INFO: [ app_begin ] --START--
INFO: Run Behavior\ReadHtmlCacheBehavior [ RunTime:0.000631s ]
INFO: [ app_begin ] --END-- [ RunTime:0.000689s ]
NOTIC: [2] md5_file(./Public/uploadfile/user/avatar/5545ceca370c6.jpg): failed to open stream: No such file or directory F:\WAMP\apache\htdocs\meeting\ThinkPHP\Library\Think\UploadFile.class.php 第 197 行.
ERR: 不存在的图像文件

[ 2015-05-03T15:31:32+08:00 ] ::1 /meeting/index.php/Admin/User/changeAvatar
INFO: [ app_init ] --START--
INFO: Run Behavior\BuildLiteBehavior [ RunTime:0.000014s ]
INFO: [ app_init ] --END-- [ RunTime:0.000306s ]
INFO: [ app_begin ] --START--
INFO: Run Behavior\ReadHtmlCacheBehavior [ RunTime:0.000624s ]
INFO: [ app_begin ] --END-- [ RunTime:0.000670s ]
NOTIC: [2] md5_file(./Public/uploadfile/user/avatar/5545ced300306.jpg): failed to open stream: No such file or directory F:\WAMP\apache\htdocs\meeting\ThinkPHP\Library\Think\UploadFile.class.php 第 197 行.
SQL: SHOW COLUMNS FROM `tp_user` [ RunTime:0.0031s ]
SQL: UPDATE `tp_user` SET `avatar`='./Public/uploadfile/user/avatar/1.jpg',`scale`='0' WHERE `id` = 1 [ RunTime:0.0006s ]
INFO: [ view_parse ] --START--
INFO: [ template_filter ] --START--
INFO: Run Behavior\ContentReplaceBehavior [ RunTime:0.000043s ]
INFO: [ template_filter ] --END-- [ RunTime:0.000101s ]
INFO: Run Behavior\ParseTemplateBehavior [ RunTime:0.007530s ]
INFO: [ view_parse ] --END-- [ RunTime:0.007577s ]
INFO: [ view_filter ] --START--
INFO: Run Behavior\WriteHtmlCacheBehavior [ RunTime:0.000284s ]
INFO: [ view_filter ] --END-- [ RunTime:0.000323s ]
INFO: [ app_end ] --START--
INFO: Run Behavior\ShowPageTraceBehavior [ RunTime:0.000529s ]
INFO: [ app_end ] --END-- [ RunTime:0.000570s ]

[ 2015-05-03T15:31:33+08:00 ] ::1 /meeting/index.php/Admin/User
INFO: [ app_init ] --START--
INFO: Run Behavior\BuildLiteBehavior [ RunTime:0.000017s ]
INFO: [ app_init ] --END-- [ RunTime:0.000345s ]
INFO: [ app_begin ] --START--
INFO: Run Behavior\ReadHtmlCacheBehavior [ RunTime:0.000618s ]
INFO: [ app_begin ] --END-- [ RunTime:0.000849s ]
INFO: [ view_parse ] --START--
INFO: [ template_filter ] --START--
INFO: Run Behavior\ContentReplaceBehavior [ RunTime:0.000033s ]
INFO: [ template_filter ] --END-- [ RunTime:0.000094s ]
INFO: Run Behavior\ParseTemplateBehavior [ RunTime:0.005476s ]
INFO: [ view_parse ] --END-- [ RunTime:0.005566s ]
INFO: [ view_filter ] --START--
INFO: Run Behavior\WriteHtmlCacheBehavior [ RunTime:0.000286s ]
INFO: [ view_filter ] --END-- [ RunTime:0.000348s ]
INFO: [ app_end ] --START--
INFO: Run Behavior\ShowPageTraceBehavior [ RunTime:0.000488s ]
INFO: [ app_end ] --END-- [ RunTime:0.000533s ]

[ 2015-05-03T15:31:37+08:00 ] ::1 /meeting/index.php/Admin/User/changeAvatar
INFO: [ app_init ] --START--
INFO: Run Behavior\BuildLiteBehavior [ RunTime:0.000016s ]
INFO: [ app_init ] --END-- [ RunTime:0.000434s ]
INFO: [ app_begin ] --START--
INFO: Run Behavior\ReadHtmlCacheBehavior [ RunTime:0.000496s ]
INFO: [ app_begin ] --END-- [ RunTime:0.000544s ]
NOTIC: [2] md5_file(./Public/uploadfile/user/avatar/5545ced8c466c.jpg): failed to open stream: No such file or directory F:\WAMP\apache\htdocs\meeting\ThinkPHP\Library\Think\UploadFile.class.php 第 197 行.
SQL: SHOW COLUMNS FROM `tp_user` [ RunTime:0.0026s ]
SQL: UPDATE `tp_user` SET `avatar`='./Public/uploadfile/user/avatar/1.jpg',`scale`='0' WHERE `id` = 1 [ RunTime:0.0002s ]
INFO: [ view_parse ] --START--
INFO: [ template_filter ] --START--
INFO: Run Behavior\ContentReplaceBehavior [ RunTime:0.000044s ]
INFO: [ template_filter ] --END-- [ RunTime:0.000105s ]
INFO: Run Behavior\ParseTemplateBehavior [ RunTime:0.005587s ]
INFO: [ view_parse ] --END-- [ RunTime:0.005636s ]
INFO: [ view_filter ] --START--
INFO: Run Behavior\WriteHtmlCacheBehavior [ RunTime:0.000317s ]
INFO: [ view_filter ] --END-- [ RunTime:0.000357s ]

[ 2015-05-03T15:32:49+08:00 ] ::1 /meeting/index.php/Admin/User/changeAvatar
INFO: [ app_init ] --START--
INFO: Run Behavior\BuildLiteBehavior [ RunTime:0.000015s ]
INFO: [ app_init ] --END-- [ RunTime:0.000325s ]
INFO: [ app_begin ] --START--
INFO: Run Behavior\ReadHtmlCacheBehavior [ RunTime:0.000564s ]
INFO: [ app_begin ] --END-- [ RunTime:0.000614s ]
NOTIC: [2] md5_file(./Public/uploadfile/user/avatar/5545cf20ac70e.jpg): failed to open stream: No such file or directory F:\WAMP\apache\htdocs\meeting\ThinkPHP\Library\Think\UploadFile.class.php 第 197 行.
SQL: SHOW COLUMNS FROM `tp_user` [ RunTime:0.0034s ]
SQL: UPDATE `tp_user` SET `avatar`='./Public/uploadfile/user/avatar/1.jpg',`scale`='0' WHERE `id` = 1 [ RunTime:0.0003s ]
INFO: [ view_parse ] --START--
INFO: [ template_filter ] --START--
INFO: Run Behavior\ContentReplaceBehavior [ RunTime:0.000043s ]
INFO: [ template_filter ] --END-- [ RunTime:0.000102s ]
INFO: Run Behavior\ParseTemplateBehavior [ RunTime:0.006059s ]
INFO: [ view_parse ] --END-- [ RunTime:0.006107s ]
INFO: [ view_filter ] --START--
INFO: Run Behavior\WriteHtmlCacheBehavior [ RunTime:0.000281s ]
INFO: [ view_filter ] --END-- [ RunTime:0.000323s ]

[ 2015-05-03T15:33:08+08:00 ] ::1 /meeting/index.php/Admin/User/changeAvatar
INFO: [ app_init ] --START--
INFO: Run Behavior\BuildLiteBehavior [ RunTime:0.000015s ]
INFO: [ app_init ] --END-- [ RunTime:0.000326s ]
INFO: [ app_begin ] --START--
INFO: Run Behavior\ReadHtmlCacheBehavior [ RunTime:0.000495s ]
INFO: [ app_begin ] --END-- [ RunTime:0.000542s ]
NOTIC: [2] md5_file(./Public/uploadfile/user/avatar/5545cf333dd4d.jpg): failed to open stream: No such file or directory F:\WAMP\apache\htdocs\meeting\ThinkPHP\Library\Think\UploadFile.class.php 第 197 行.
SQL: SHOW COLUMNS FROM `tp_user` [ RunTime:0.0028s ]
SQL: UPDATE `tp_user` SET `avatar`='./Public/uploadfile/user/avatar/1.jpg',`scale`='0' WHERE `id` = 1 [ RunTime:0.0003s ]
INFO: [ view_parse ] --START--
INFO: [ template_filter ] --START--
INFO: Run Behavior\ContentReplaceBehavior [ RunTime:0.000044s ]
INFO: [ template_filter ] --END-- [ RunTime:0.000106s ]
INFO: Run Behavior\ParseTemplateBehavior [ RunTime:0.007409s ]
INFO: [ view_parse ] --END-- [ RunTime:0.007471s ]
INFO: [ view_filter ] --START--
INFO: Run Behavior\WriteHtmlCacheBehavior [ RunTime:0.000381s ]
INFO: [ view_filter ] --END-- [ RunTime:0.000437s ]

[ 2015-05-03T15:33:22+08:00 ] ::1 /meeting/index.php/Admin/User/changeAvatar
INFO: [ app_init ] --START--
INFO: Run Behavior\BuildLiteBehavior [ RunTime:0.000016s ]
INFO: [ app_init ] --END-- [ RunTime:0.000332s ]
INFO: [ app_begin ] --START--
INFO: Run Behavior\ReadHtmlCacheBehavior [ RunTime:0.000746s ]
INFO: [ app_begin ] --END-- [ RunTime:0.000820s ]
NOTIC: [2] md5_file(./Public/uploadfile/user/avatar/5545cf426af1d.jpg): failed to open stream: No such file or directory F:\WAMP\apache\htdocs\meeting\ThinkPHP\Library\Think\UploadFile.class.php 第 197 行.

[ 2015-05-03T15:33:30+08:00 ] ::1 /meeting/index.php/Admin/User/changeAvatar
INFO: [ app_init ] --START--
INFO: Run Behavior\BuildLiteBehavior [ RunTime:0.000020s ]
INFO: [ app_init ] --END-- [ RunTime:0.000335s ]
INFO: [ app_begin ] --START--
INFO: Run Behavior\ReadHtmlCacheBehavior [ RunTime:0.000551s ]
INFO: [ app_begin ] --END-- [ RunTime:0.000607s ]
NOTIC: [2] md5_file(./Public/uploadfile/user/avatar/5545cf4a09b8a.jpg): failed to open stream: No such file or directory F:\WAMP\apache\htdocs\meeting\ThinkPHP\Library\Think\UploadFile.class.php 第 197 行.

[ 2015-05-03T15:33:40+08:00 ] ::1 /meeting/index.php/Admin/User/changeAvatar
INFO: [ app_init ] --START--
INFO: Run Behavior\BuildLiteBehavior [ RunTime:0.000016s ]
INFO: [ app_init ] --END-- [ RunTime:0.000357s ]
INFO: [ app_begin ] --START--
INFO: Run Behavior\ReadHtmlCacheBehavior [ RunTime:0.000485s ]
INFO: [ app_begin ] --END-- [ RunTime:0.000539s ]
NOTIC: [2] md5_file(./Public/uploadfile/user/avatar/5545cf5458d35.jpg): failed to open stream: No such file or directory F:\WAMP\apache\htdocs\meeting\ThinkPHP\Library\Think\UploadFile.class.php 第 197 行.

[ 2015-05-03T15:33:45+08:00 ] ::1 /meeting/index.php/Admin/User/changeAvatar
INFO: [ app_init ] --START--
INFO: Run Behavior\BuildLiteBehavior [ RunTime:0.000016s ]
INFO: [ app_init ] --END-- [ RunTime:0.000336s ]
INFO: [ app_begin ] --START--
INFO: Run Behavior\ReadHtmlCacheBehavior [ RunTime:0.000785s ]
INFO: [ app_begin ] --END-- [ RunTime:0.000859s ]
NOTIC: [2] md5_file(./Public/uploadfile/user/avatar/5545cf598988b.png): failed to open stream: No such file or directory F:\WAMP\apache\htdocs\meeting\ThinkPHP\Library\Think\UploadFile.class.php 第 197 行.

[ 2015-05-03T15:33:49+08:00 ] ::1 /meeting/index.php/Admin/User/changeAvatar
INFO: [ app_init ] --START--
INFO: Run Behavior\BuildLiteBehavior [ RunTime:0.000016s ]
INFO: [ app_init ] --END-- [ RunTime:0.000347s ]
INFO: [ app_begin ] --START--
INFO: Run Behavior\ReadHtmlCacheBehavior [ RunTime:0.000543s ]
INFO: [ app_begin ] --END-- [ RunTime:0.000603s ]
NOTIC: [2] md5_file(./Public/uploadfile/user/avatar/5545cf5d9b5bc.jpg): failed to open stream: No such file or directory F:\WAMP\apache\htdocs\meeting\ThinkPHP\Library\Think\UploadFile.class.php 第 197 行.

[ 2015-05-03T15:33:53+08:00 ] ::1 /meeting/index.php/Admin/User/changeAvatar
INFO: [ app_init ] --START--
INFO: Run Behavior\BuildLiteBehavior [ RunTime:0.000034s ]
INFO: [ app_init ] --END-- [ RunTime:0.000720s ]
INFO: [ app_begin ] --START--
INFO: Run Behavior\ReadHtmlCacheBehavior [ RunTime:0.001002s ]
INFO: [ app_begin ] --END-- [ RunTime:0.001103s ]
NOTIC: [2] md5_file(./Public/uploadfile/user/avatar/5545cf61936c3.jpg): failed to open stream: No such file or directory F:\WAMP\apache\htdocs\meeting\ThinkPHP\Library\Think\UploadFile.class.php 第 197 行.

[ 2015-05-03T15:33:58+08:00 ] ::1 /meeting/index.php/Admin/User/changeAvatar
INFO: [ app_init ] --START--
INFO: Run Behavior\BuildLiteBehavior [ RunTime:0.000028s ]
INFO: [ app_init ] --END-- [ RunTime:0.000626s ]
INFO: [ app_begin ] --START--
INFO: Run Behavior\ReadHtmlCacheBehavior [ RunTime:0.001016s ]
INFO: [ app_begin ] --END-- [ RunTime:0.001100s ]
NOTIC: [2] md5_file(./Public/uploadfile/user/avatar/5545cf66168b8.jpg): failed to open stream: No such file or directory F:\WAMP\apache\htdocs\meeting\ThinkPHP\Library\Think\UploadFile.class.php 第 197 行.

[ 2015-05-03T15:34:06+08:00 ] ::1 /meeting/index.php/Admin/User/changeAvatar
INFO: [ app_init ] --START--
INFO: Run Behavior\BuildLiteBehavior [ RunTime:0.000023s ]
INFO: [ app_init ] --END-- [ RunTime:0.000478s ]
INFO: [ app_begin ] --START--
INFO: Run Behavior\ReadHtmlCacheBehavior [ RunTime:0.000587s ]
INFO: [ app_begin ] --END-- [ RunTime:0.000665s ]
NOTIC: [2] md5_file(./Public/uploadfile/user/avatar/5545cf6d54acc.jpg): failed to open stream: No such file or directory F:\WAMP\apache\htdocs\meeting\ThinkPHP\Library\Think\UploadFile.class.php 第 197 行.
SQL: SHOW COLUMNS FROM `tp_user` [ RunTime:0.0024s ]
SQL: UPDATE `tp_user` SET `avatar`='./Public/uploadfile/user/avatar/1.jpg',`scale`='1' WHERE `id` = 1 [ RunTime:0.0002s ]
INFO: [ view_parse ] --START--
INFO: [ template_filter ] --START--
INFO: Run Behavior\ContentReplaceBehavior [ RunTime:0.000044s ]
INFO: [ template_filter ] --END-- [ RunTime:0.000122s ]
INFO: Run Behavior\ParseTemplateBehavior [ RunTime:0.006720s ]
INFO: [ view_parse ] --END-- [ RunTime:0.006769s ]
INFO: [ view_filter ] --START--
INFO: Run Behavior\WriteHtmlCacheBehavior [ RunTime:0.000347s ]
INFO: [ view_filter ] --END-- [ RunTime:0.000391s ]
INFO: [ app_end ] --START--
INFO: Run Behavior\ShowPageTraceBehavior [ RunTime:0.000517s ]
INFO: [ app_end ] --END-- [ RunTime:0.000561s ]

[ 2015-05-03T15:34:07+08:00 ] ::1 /meeting/index.php/Admin/User
INFO: [ app_init ] --START--
INFO: Run Behavior\BuildLiteBehavior [ RunTime:0.000016s ]
INFO: [ app_init ] --END-- [ RunTime:0.000328s ]
INFO: [ app_begin ] --START--
INFO: Run Behavior\ReadHtmlCacheBehavior [ RunTime:0.000629s ]
INFO: [ app_begin ] --END-- [ RunTime:0.000694s ]
INFO: [ view_parse ] --START--
INFO: [ template_filter ] --START--
INFO: Run Behavior\ContentReplaceBehavior [ RunTime:0.000059s ]
INFO: [ template_filter ] --END-- [ RunTime:0.000269s ]
INFO: Run Behavior\ParseTemplateBehavior [ RunTime:0.006443s ]
INFO: [ view_parse ] --END-- [ RunTime:0.006513s ]
INFO: [ view_filter ] --START--
INFO: Run Behavior\WriteHtmlCacheBehavior [ RunTime:0.000395s ]
INFO: [ view_filter ] --END-- [ RunTime:0.000458s ]
INFO: [ app_end ] --START--
INFO: Run Behavior\ShowPageTraceBehavior [ RunTime:0.000527s ]
INFO: [ app_end ] --END-- [ RunTime:0.000570s ]

[ 2015-05-03T15:34:13+08:00 ] ::1 /meeting/index.php/Admin/User/changeAvatar
INFO: [ app_init ] --START--
INFO: Run Behavior\BuildLiteBehavior [ RunTime:0.000015s ]
INFO: [ app_init ] --END-- [ RunTime:0.000324s ]
INFO: [ app_begin ] --START--
INFO: Run Behavior\ReadHtmlCacheBehavior [ RunTime:0.000490s ]
INFO: [ app_begin ] --END-- [ RunTime:0.000534s ]
NOTIC: [2] md5_file(./Public/uploadfile/user/avatar/5545cf744786d.jpg): failed to open stream: No such file or directory F:\WAMP\apache\htdocs\meeting\ThinkPHP\Library\Think\UploadFile.class.php 第 197 行.
SQL: SHOW COLUMNS FROM `tp_user` [ RunTime:0.0107s ]
SQL: UPDATE `tp_user` SET `avatar`='./Public/uploadfile/user/avatar/1.jpg',`scale`='1' WHERE `id` = 1 [ RunTime:0.0005s ]
INFO: [ view_parse ] --START--
INFO: [ template_filter ] --START--
INFO: Run Behavior\ContentReplaceBehavior [ RunTime:0.000059s ]
INFO: [ template_filter ] --END-- [ RunTime:0.000128s ]
INFO: Run Behavior\ParseTemplateBehavior [ RunTime:0.007698s ]
INFO: [ view_parse ] --END-- [ RunTime:0.007774s ]
INFO: [ view_filter ] --START--
INFO: Run Behavior\WriteHtmlCacheBehavior [ RunTime:0.000325s ]
INFO: [ view_filter ] --END-- [ RunTime:0.000418s ]

[ 2015-05-03T15:34:42+08:00 ] ::1 /meeting/index.php/Admin/User/changeAvatar
INFO: [ app_init ] --START--
INFO: Run Behavior\BuildLiteBehavior [ RunTime:0.000016s ]
INFO: [ app_init ] --END-- [ RunTime:0.000327s ]
INFO: [ app_begin ] --START--
INFO: Run Behavior\ReadHtmlCacheBehavior [ RunTime:0.000548s ]
INFO: [ app_begin ] --END-- [ RunTime:0.000596s ]
NOTIC: [2] md5_file(./Public/uploadfile/user/avatar/5545cf91c29be.jpg): failed to open stream: No such file or directory F:\WAMP\apache\htdocs\meeting\ThinkPHP\Library\Think\UploadFile.class.php 第 197 行.
SQL: SHOW COLUMNS FROM `tp_user` [ RunTime:0.0038s ]
SQL: UPDATE `tp_user` SET `avatar`='./Public/uploadfile/user/avatar/1.jpg',`scale`='1' WHERE `id` = 1 [ RunTime:0.0004s ]

[ 2015-05-03T15:36:44+08:00 ] ::1 /meeting/index.php/Admin/User/changeAvatar
INFO: [ app_init ] --START--
INFO: Run Behavior\BuildLiteBehavior [ RunTime:0.000014s ]
INFO: [ app_init ] --END-- [ RunTime:0.000303s ]
INFO: [ app_begin ] --START--
INFO: Run Behavior\ReadHtmlCacheBehavior [ RunTime:0.000505s ]
INFO: [ app_begin ] --END-- [ RunTime:0.000553s ]
NOTIC: [2] md5_file(./Public/uploadfile/user/avatar/5545d00bd1b4c.jpg): failed to open stream: No such file or directory F:\WAMP\apache\htdocs\meeting\ThinkPHP\Library\Think\UploadFile.class.php 第 197 行.
SQL: SHOW COLUMNS FROM `tp_user` [ RunTime:0.0023s ]
SQL: UPDATE `tp_user` SET `avatar`='./Public/uploadfile/user/avatar/1.jpg',`scale`='1' WHERE `id` = 1 [ RunTime:0.0002s ]
INFO: [ view_parse ] --START--
INFO: [ template_filter ] --START--
INFO: Run Behavior\ContentReplaceBehavior [ RunTime:0.000045s ]
INFO: [ template_filter ] --END-- [ RunTime:0.000126s ]
INFO: Run Behavior\ParseTemplateBehavior [ RunTime:0.006417s ]
INFO: [ view_parse ] --END-- [ RunTime:0.006467s ]
INFO: [ view_filter ] --START--
INFO: Run Behavior\WriteHtmlCacheBehavior [ RunTime:0.000294s ]
INFO: [ view_filter ] --END-- [ RunTime:0.000334s ]
INFO: [ app_end ] --START--
INFO: Run Behavior\ShowPageTraceBehavior [ RunTime:0.000496s ]
INFO: [ app_end ] --END-- [ RunTime:0.000537s ]

[ 2015-05-03T15:36:46+08:00 ] ::1 /meeting/index.php/Admin/User
INFO: [ app_init ] --START--
INFO: Run Behavior\BuildLiteBehavior [ RunTime:0.000015s ]
INFO: [ app_init ] --END-- [ RunTime:0.000318s ]
INFO: [ app_begin ] --START--
INFO: Run Behavior\ReadHtmlCacheBehavior [ RunTime:0.000526s ]
INFO: [ app_begin ] --END-- [ RunTime:0.000576s ]
INFO: [ view_parse ] --START--
INFO: [ template_filter ] --START--
INFO: Run Behavior\ContentReplaceBehavior [ RunTime:0.000032s ]
INFO: [ template_filter ] --END-- [ RunTime:0.000088s ]
INFO: Run Behavior\ParseTemplateBehavior [ RunTime:0.004624s ]
INFO: [ view_parse ] --END-- [ RunTime:0.004672s ]
INFO: [ view_filter ] --START--
INFO: Run Behavior\WriteHtmlCacheBehavior [ RunTime:0.000180s ]
INFO: [ view_filter ] --END-- [ RunTime:0.000217s ]
INFO: [ app_end ] --START--
INFO: Run Behavior\ShowPageTraceBehavior [ RunTime:0.000436s ]
INFO: [ app_end ] --END-- [ RunTime:0.000477s ]

