[ 2015-05-01T13:43:49+08:00 ] ::1 /meeting/index.php/Admin/ConfirmEmail/think_send_mail/to/630248976@qq.com/name/CasparGX/
INFO: [ app_init ] --START--
INFO: Run Behavior\BuildLiteBehavior [ RunTime:0.000042s ]
INFO: [ app_init ] --END-- [ RunTime:0.001687s ]
INFO: [ app_begin ] --START--
INFO: Run Behavior\ReadHtmlCacheBehavior [ RunTime:0.015749s ]
INFO: [ app_begin ] --END-- [ RunTime:0.015912s ]
INFO: [ app_end ] --START--
INFO: Run Behavior\ShowPageTraceBehavior [ RunTime:0.013698s ]
INFO: [ app_end ] --END-- [ RunTime:0.013846s ]

[ 2015-05-01T13:44:35+08:00 ] ::1 /meeting/index.php/Admin/ConfirmEmail/think_send_mail/to/630248976@qq.com/name/CasparGX/
INFO: [ app_init ] --START--
INFO: Run Behavior\BuildLiteBehavior [ RunTime:0.000015s ]
INFO: [ app_init ] --END-- [ RunTime:0.000326s ]
INFO: [ app_begin ] --START--
INFO: Run Behavior\ReadHtmlCacheBehavior [ RunTime:0.000651s ]
INFO: [ app_begin ] --END-- [ RunTime:0.000706s ]
INFO: [ app_end ] --START--
INFO: Run Behavior\ShowPageTraceBehavior [ RunTime:0.000630s ]
INFO: [ app_end ] --END-- [ RunTime:0.000692s ]

[ 2015-05-01T13:44:57+08:00 ] ::1 /meeting/index.php/Admin/ConfirmEmail/think_send_mail/to/630248976@qq.com/name/CasparGX/body/123123
INFO: [ app_init ] --START--
INFO: Run Behavior\BuildLiteBehavior [ RunTime:0.000015s ]
INFO: [ app_init ] --END-- [ RunTime:0.000352s ]
INFO: [ app_begin ] --START--
INFO: Run Behavior\ReadHtmlCacheBehavior [ RunTime:0.000609s ]
INFO: [ app_begin ] --END-- [ RunTime:0.000659s ]
INFO: [ app_end ] --START--
INFO: Run Behavior\ShowPageTraceBehavior [ RunTime:0.002100s ]
INFO: [ app_end ] --END-- [ RunTime:0.002319s ]

[ 2015-05-01T14:30:02+08:00 ] ::1 /meeting/index.php/Admin/Register
INFO: [ app_init ] --START--
INFO: Run Behavior\BuildLiteBehavior [ RunTime:0.000015s ]
INFO: [ app_init ] --END-- [ RunTime:0.000325s ]
INFO: [ app_begin ] --START--
INFO: Run Behavior\ReadHtmlCacheBehavior [ RunTime:0.000554s ]
INFO: [ app_begin ] --END-- [ RunTime:0.000603s ]
INFO: [ app_end ] --START--
INFO: Run Behavior\ShowPageTraceBehavior [ RunTime:0.000545s ]
INFO: [ app_end ] --END-- [ RunTime:0.000592s ]

[ 2015-05-01T14:30:07+08:00 ] ::1 /meeting/index.php/Admin/Register
INFO: [ app_init ] --START--
INFO: Run Behavior\BuildLiteBehavior [ RunTime:0.000033s ]
INFO: [ app_init ] --END-- [ RunTime:0.000675s ]
INFO: [ app_begin ] --START--
INFO: Run Behavior\ReadHtmlCacheBehavior [ RunTime:0.001067s ]
INFO: [ app_begin ] --END-- [ RunTime:0.001156s ]
INFO: [ app_end ] --START--
INFO: Run Behavior\ShowPageTraceBehavior [ RunTime:0.001054s ]
INFO: [ app_end ] --END-- [ RunTime:0.001153s ]

[ 2015-05-01T14:30:09+08:00 ] ::1 /meeting/index.php/Admin/Register
INFO: [ app_init ] --START--
INFO: Run Behavior\BuildLiteBehavior [ RunTime:0.000016s ]
INFO: [ app_init ] --END-- [ RunTime:0.000319s ]
INFO: [ app_begin ] --START--
INFO: Run Behavior\ReadHtmlCacheBehavior [ RunTime:0.000675s ]
INFO: [ app_begin ] --END-- [ RunTime:0.000754s ]
INFO: [ app_end ] --START--
INFO: Run Behavior\ShowPageTraceBehavior [ RunTime:0.000546s ]
INFO: [ app_end ] --END-- [ RunTime:0.000593s ]

[ 2015-05-01T14:30:10+08:00 ] ::1 /meeting/index.php/Admin/Register
INFO: [ app_init ] --START--
INFO: Run Behavior\BuildLiteBehavior [ RunTime:0.000014s ]
INFO: [ app_init ] --END-- [ RunTime:0.000311s ]
INFO: [ app_begin ] --START--
INFO: Run Behavior\ReadHtmlCacheBehavior [ RunTime:0.000636s ]
INFO: [ app_begin ] --END-- [ RunTime:0.000692s ]
INFO: [ app_end ] --START--
INFO: Run Behavior\ShowPageTraceBehavior [ RunTime:0.000544s ]
INFO: [ app_end ] --END-- [ RunTime:0.000595s ]

[ 2015-05-01T14:30:11+08:00 ] ::1 /meeting/index.php/Admin/Register
INFO: [ app_init ] --START--
INFO: Run Behavior\BuildLiteBehavior [ RunTime:0.000030s ]
INFO: [ app_init ] --END-- [ RunTime:0.000530s ]
INFO: [ app_begin ] --START--
INFO: Run Behavior\ReadHtmlCacheBehavior [ RunTime:0.000968s ]
INFO: [ app_begin ] --END-- [ RunTime:0.001060s ]
INFO: [ app_end ] --START--
INFO: Run Behavior\ShowPageTraceBehavior [ RunTime:0.000919s ]
INFO: [ app_end ] --END-- [ RunTime:0.001073s ]

[ 2015-05-01T14:30:11+08:00 ] ::1 /meeting/index.php/Admin/Register
INFO: [ app_init ] --START--
INFO: Run Behavior\BuildLiteBehavior [ RunTime:0.000015s ]
INFO: [ app_init ] --END-- [ RunTime:0.000353s ]
INFO: [ app_begin ] --START--
INFO: Run Behavior\ReadHtmlCacheBehavior [ RunTime:0.001008s ]
INFO: [ app_begin ] --END-- [ RunTime:0.001110s ]
INFO: [ app_end ] --START--
INFO: Run Behavior\ShowPageTraceBehavior [ RunTime:0.000607s ]
INFO: [ app_end ] --END-- [ RunTime:0.000665s ]

[ 2015-05-01T14:30:12+08:00 ] ::1 /meeting/index.php/Admin/Register
INFO: [ app_init ] --START--
INFO: Run Behavior\BuildLiteBehavior [ RunTime:0.000014s ]
INFO: [ app_init ] --END-- [ RunTime:0.000291s ]
INFO: [ app_begin ] --START--
INFO: Run Behavior\ReadHtmlCacheBehavior [ RunTime:0.000560s ]
INFO: [ app_begin ] --END-- [ RunTime:0.000606s ]
INFO: [ app_end ] --START--
INFO: Run Behavior\ShowPageTraceBehavior [ RunTime:0.000956s ]
INFO: [ app_end ] --END-- [ RunTime:0.001028s ]

[ 2015-05-01T14:30:13+08:00 ] ::1 /meeting/index.php/Admin/Register
INFO: [ app_init ] --START--
INFO: Run Behavior\BuildLiteBehavior [ RunTime:0.000016s ]
INFO: [ app_init ] --END-- [ RunTime:0.000344s ]
INFO: [ app_begin ] --START--
INFO: Run Behavior\ReadHtmlCacheBehavior [ RunTime:0.000544s ]
INFO: [ app_begin ] --END-- [ RunTime:0.000591s ]
INFO: [ app_end ] --START--
INFO: Run Behavior\ShowPageTraceBehavior [ RunTime:0.000538s ]
INFO: [ app_end ] --END-- [ RunTime:0.000588s ]

[ 2015-05-01T14:36:00+08:00 ] ::1 /meeting/index.php/Admin/Register
INFO: [ app_init ] --START--
INFO: Run Behavior\BuildLiteBehavior [ RunTime:0.000014s ]
INFO: [ app_init ] --END-- [ RunTime:0.000337s ]
INFO: [ app_begin ] --START--
INFO: Run Behavior\ReadHtmlCacheBehavior [ RunTime:0.000515s ]
INFO: [ app_begin ] --END-- [ RunTime:0.000562s ]

[ 2015-05-01T14:55:30+08:00 ] ::1 /meeting/index.php/Admin/testRegister
INFO: [ app_init ] --START--
INFO: Run Behavior\BuildLiteBehavior [ RunTime:0.000027s ]
INFO: [ app_init ] --END-- [ RunTime:0.000706s ]
INFO: [ app_begin ] --START--
INFO: Run Behavior\ReadHtmlCacheBehavior [ RunTime:0.000780s ]
INFO: [ app_begin ] --END-- [ RunTime:0.000861s ]
ERR: 无法加载控制器:TestRegister

[ 2015-05-01T14:55:54+08:00 ] ::1 /meeting/index.php/Admin/Register
INFO: [ app_init ] --START--
INFO: Run Behavior\BuildLiteBehavior [ RunTime:0.000023s ]
INFO: [ app_init ] --END-- [ RunTime:0.000529s ]
INFO: [ app_begin ] --START--
INFO: Run Behavior\ReadHtmlCacheBehavior [ RunTime:0.000885s ]
INFO: [ app_begin ] --END-- [ RunTime:0.000992s ]

[ 2015-05-01T14:56:00+08:00 ] ::1 /meeting/index.php/Admin/Register/testRegister
INFO: [ app_init ] --START--
INFO: Run Behavior\BuildLiteBehavior [ RunTime:0.000024s ]
INFO: [ app_init ] --END-- [ RunTime:0.000339s ]
INFO: [ app_begin ] --START--
INFO: Run Behavior\ReadHtmlCacheBehavior [ RunTime:0.000545s ]
INFO: [ app_begin ] --END-- [ RunTime:0.000589s ]
ERR: 模板不存在:./Application/Admin/View/Register/testRegister.html

[ 2015-05-01T14:56:42+08:00 ] ::1 /meeting/index.php/Admin/Register/testRegister
INFO: [ app_init ] --START--
INFO: Run Behavior\BuildLiteBehavior [ RunTime:0.000015s ]
INFO: [ app_init ] --END-- [ RunTime:0.000319s ]
INFO: [ app_begin ] --START--
INFO: Run Behavior\ReadHtmlCacheBehavior [ RunTime:0.000622s ]
INFO: [ app_begin ] --END-- [ RunTime:0.000678s ]
INFO: [ view_parse ] --START--
INFO: [ template_filter ] --START--
INFO: Run Behavior\ContentReplaceBehavior [ RunTime:0.000043s ]
INFO: [ template_filter ] --END-- [ RunTime:0.000095s ]
INFO: Run Behavior\ParseTemplateBehavior [ RunTime:0.005902s ]
INFO: [ view_parse ] --END-- [ RunTime:0.005957s ]
INFO: [ view_filter ] --START--
INFO: Run Behavior\WriteHtmlCacheBehavior [ RunTime:0.000301s ]
INFO: [ view_filter ] --END-- [ RunTime:0.000340s ]
INFO: [ app_end ] --START--
INFO: Run Behavior\ShowPageTraceBehavior [ RunTime:0.000671s ]
INFO: [ app_end ] --END-- [ RunTime:0.000743s ]

[ 2015-05-01T14:57:31+08:00 ] ::1 /meeting/index.php/Admin/Register/testRegister
INFO: [ app_init ] --START--
INFO: Run Behavior\BuildLiteBehavior [ RunTime:0.000016s ]
INFO: [ app_init ] --END-- [ RunTime:0.000677s ]
INFO: [ app_begin ] --START--
INFO: Run Behavior\ReadHtmlCacheBehavior [ RunTime:0.000569s ]
INFO: [ app_begin ] --END-- [ RunTime:0.000625s ]
INFO: [ view_parse ] --START--
INFO: [ template_filter ] --START--
INFO: Run Behavior\ContentReplaceBehavior [ RunTime:0.000037s ]
INFO: [ template_filter ] --END-- [ RunTime:0.000096s ]
INFO: Run Behavior\ParseTemplateBehavior [ RunTime:0.006394s ]
INFO: [ view_parse ] --END-- [ RunTime:0.006502s ]
INFO: [ view_filter ] --START--
INFO: Run Behavior\WriteHtmlCacheBehavior [ RunTime:0.000488s ]
INFO: [ view_filter ] --END-- [ RunTime:0.000581s ]
INFO: [ app_end ] --START--
INFO: Run Behavior\ShowPageTraceBehavior [ RunTime:0.000740s ]
INFO: [ app_end ] --END-- [ RunTime:0.000792s ]

[ 2015-05-01T14:57:32+08:00 ] ::1 /meeting/index.php/Admin/Register/testRegister
INFO: [ app_init ] --START--
INFO: Run Behavior\BuildLiteBehavior [ RunTime:0.000016s ]
INFO: [ app_init ] --END-- [ RunTime:0.000332s ]
INFO: [ app_begin ] --START--
INFO: Run Behavior\ReadHtmlCacheBehavior [ RunTime:0.000565s ]
INFO: [ app_begin ] --END-- [ RunTime:0.000613s ]
INFO: [ view_parse ] --START--
INFO: [ template_filter ] --START--
INFO: Run Behavior\ContentReplaceBehavior [ RunTime:0.000035s ]
INFO: [ template_filter ] --END-- [ RunTime:0.000088s ]
INFO: Run Behavior\ParseTemplateBehavior [ RunTime:0.005531s ]
INFO: [ view_parse ] --END-- [ RunTime:0.005590s ]
INFO: [ view_filter ] --START--
INFO: Run Behavior\WriteHtmlCacheBehavior [ RunTime:0.000370s ]
INFO: [ view_filter ] --END-- [ RunTime:0.000427s ]
INFO: [ app_end ] --START--
INFO: Run Behavior\ShowPageTraceBehavior [ RunTime:0.000680s ]
INFO: [ app_end ] --END-- [ RunTime:0.000759s ]

[ 2015-05-01T14:57:33+08:00 ] ::1 /meeting/index.php/Admin/Register/testRegister
INFO: [ app_init ] --START--
INFO: Run Behavior\BuildLiteBehavior [ RunTime:0.000016s ]
INFO: [ app_init ] --END-- [ RunTime:0.000334s ]
INFO: [ app_begin ] --START--
INFO: Run Behavior\ReadHtmlCacheBehavior [ RunTime:0.000576s ]
INFO: [ app_begin ] --END-- [ RunTime:0.000629s ]
INFO: [ view_parse ] --START--
INFO: [ template_filter ] --START--
INFO: Run Behavior\ContentReplaceBehavior [ RunTime:0.000037s ]
INFO: [ template_filter ] --END-- [ RunTime:0.000122s ]
INFO: Run Behavior\ParseTemplateBehavior [ RunTime:0.005458s ]
INFO: [ view_parse ] --END-- [ RunTime:0.005535s ]
INFO: [ view_filter ] --START--
INFO: Run Behavior\WriteHtmlCacheBehavior [ RunTime:0.000310s ]
INFO: [ view_filter ] --END-- [ RunTime:0.000346s ]
INFO: [ app_end ] --START--
INFO: Run Behavior\ShowPageTraceBehavior [ RunTime:0.000512s ]
INFO: [ app_end ] --END-- [ RunTime:0.000550s ]

[ 2015-05-01T14:57:33+08:00 ] ::1 /meeting/index.php/Admin/Register/testRegister
INFO: [ app_init ] --START--
INFO: Run Behavior\BuildLiteBehavior [ RunTime:0.000024s ]
INFO: [ app_init ] --END-- [ RunTime:0.000545s ]
INFO: [ app_begin ] --START--
INFO: Run Behavior\ReadHtmlCacheBehavior [ RunTime:0.001022s ]
INFO: [ app_begin ] --END-- [ RunTime:0.001120s ]
INFO: [ view_parse ] --START--
INFO: [ template_filter ] --START--
INFO: Run Behavior\ContentReplaceBehavior [ RunTime:0.000062s ]
INFO: [ template_filter ] --END-- [ RunTime:0.000158s ]
INFO: Run Behavior\ParseTemplateBehavior [ RunTime:0.007033s ]
INFO: [ view_parse ] --END-- [ RunTime:0.007124s ]
INFO: [ view_filter ] --START--
INFO: Run Behavior\WriteHtmlCacheBehavior [ RunTime:0.000296s ]
INFO: [ view_filter ] --END-- [ RunTime:0.000332s ]
INFO: [ app_end ] --START--
INFO: Run Behavior\ShowPageTraceBehavior [ RunTime:0.000514s ]
INFO: [ app_end ] --END-- [ RunTime:0.000570s ]

[ 2015-05-01T14:57:42+08:00 ] ::1 /meeting/index.php/Admin/Register/testRegister
INFO: [ app_init ] --START--
INFO: Run Behavior\BuildLiteBehavior [ RunTime:0.000015s ]
INFO: [ app_init ] --END-- [ RunTime:0.000364s ]
INFO: [ app_begin ] --START--
INFO: Run Behavior\ReadHtmlCacheBehavior [ RunTime:0.000678s ]
INFO: [ app_begin ] --END-- [ RunTime:0.000740s ]
INFO: [ view_parse ] --START--
INFO: [ template_filter ] --START--
INFO: Run Behavior\ContentReplaceBehavior [ RunTime:0.000039s ]
INFO: [ template_filter ] --END-- [ RunTime:0.000106s ]
INFO: Run Behavior\ParseTemplateBehavior [ RunTime:0.005851s ]
INFO: [ view_parse ] --END-- [ RunTime:0.005903s ]
INFO: [ view_filter ] --START--
INFO: Run Behavior\WriteHtmlCacheBehavior [ RunTime:0.000396s ]
INFO: [ view_filter ] --END-- [ RunTime:0.000434s ]
INFO: [ app_end ] --START--
INFO: Run Behavior\ShowPageTraceBehavior [ RunTime:0.000594s ]
INFO: [ app_end ] --END-- [ RunTime:0.000632s ]

[ 2015-05-01T14:57:42+08:00 ] ::1 /meeting/index.php/Admin/Register/testRegister
INFO: [ app_init ] --START--
INFO: Run Behavior\BuildLiteBehavior [ RunTime:0.000026s ]
INFO: [ app_init ] --END-- [ RunTime:0.000666s ]
INFO: [ app_begin ] --START--
INFO: Run Behavior\ReadHtmlCacheBehavior [ RunTime:0.000952s ]
INFO: [ app_begin ] --END-- [ RunTime:0.001027s ]
INFO: [ view_parse ] --START--
INFO: [ template_filter ] --START--
INFO: Run Behavior\ContentReplaceBehavior [ RunTime:0.000035s ]
INFO: [ template_filter ] --END-- [ RunTime:0.000082s ]
INFO: Run Behavior\ParseTemplateBehavior [ RunTime:0.005213s ]
INFO: [ view_parse ] --END-- [ RunTime:0.005262s ]
INFO: [ view_filter ] --START--
INFO: Run Behavior\WriteHtmlCacheBehavior [ RunTime:0.000361s ]
INFO: [ view_filter ] --END-- [ RunTime:0.000399s ]
INFO: [ app_end ] --START--
INFO: Run Behavior\ShowPageTraceBehavior [ RunTime:0.000607s ]
INFO: [ app_end ] --END-- [ RunTime:0.000649s ]

[ 2015-05-01T14:57:43+08:00 ] ::1 /meeting/index.php/Admin/Register/testRegister
INFO: [ app_init ] --START--
INFO: Run Behavior\BuildLiteBehavior [ RunTime:0.000014s ]
INFO: [ app_init ] --END-- [ RunTime:0.000346s ]
INFO: [ app_begin ] --START--
INFO: Run Behavior\ReadHtmlCacheBehavior [ RunTime:0.000563s ]
INFO: [ app_begin ] --END-- [ RunTime:0.000608s ]
INFO: [ view_parse ] --START--
INFO: [ template_filter ] --START--
INFO: Run Behavior\ContentReplaceBehavior [ RunTime:0.000052s ]
INFO: [ template_filter ] --END-- [ RunTime:0.000132s ]
INFO: Run Behavior\ParseTemplateBehavior [ RunTime:0.006259s ]
INFO: [ view_parse ] --END-- [ RunTime:0.006318s ]
INFO: [ view_filter ] --START--
INFO: Run Behavior\WriteHtmlCacheBehavior [ RunTime:0.000560s ]
INFO: [ view_filter ] --END-- [ RunTime:0.000622s ]
INFO: [ app_end ] --START--
INFO: Run Behavior\ShowPageTraceBehavior [ RunTime:0.001288s ]
INFO: [ app_end ] --END-- [ RunTime:0.001408s ]

[ 2015-05-01T14:57:43+08:00 ] ::1 /meeting/index.php/Admin/Register/testRegister
INFO: [ app_init ] --START--
INFO: Run Behavior\BuildLiteBehavior [ RunTime:0.000016s ]
INFO: [ app_init ] --END-- [ RunTime:0.000676s ]
INFO: [ app_begin ] --START--
INFO: Run Behavior\ReadHtmlCacheBehavior [ RunTime:0.000643s ]
INFO: [ app_begin ] --END-- [ RunTime:0.000698s ]
INFO: [ view_parse ] --START--
INFO: [ template_filter ] --START--
INFO: Run Behavior\ContentReplaceBehavior [ RunTime:0.000037s ]
INFO: [ template_filter ] --END-- [ RunTime:0.000094s ]
INFO: Run Behavior\ParseTemplateBehavior [ RunTime:0.005505s ]
INFO: [ view_parse ] --END-- [ RunTime:0.005560s ]
INFO: [ view_filter ] --START--
INFO: Run Behavior\WriteHtmlCacheBehavior [ RunTime:0.000362s ]
INFO: [ view_filter ] --END-- [ RunTime:0.000403s ]
INFO: [ app_end ] --START--
INFO: Run Behavior\ShowPageTraceBehavior [ RunTime:0.000621s ]
INFO: [ app_end ] --END-- [ RunTime:0.000669s ]

[ 2015-05-01T14:57:43+08:00 ] ::1 /meeting/index.php/Admin/Register/testRegister
INFO: [ app_init ] --START--
INFO: Run Behavior\BuildLiteBehavior [ RunTime:0.000017s ]
INFO: [ app_init ] --END-- [ RunTime:0.000345s ]
INFO: [ app_begin ] --START--
INFO: Run Behavior\ReadHtmlCacheBehavior [ RunTime:0.000580s ]
INFO: [ app_begin ] --END-- [ RunTime:0.000635s ]
INFO: [ view_parse ] --START--
INFO: [ template_filter ] --START--
INFO: Run Behavior\ContentReplaceBehavior [ RunTime:0.000068s ]
INFO: [ template_filter ] --END-- [ RunTime:0.000167s ]
INFO: Run Behavior\ParseTemplateBehavior [ RunTime:0.007742s ]
INFO: [ view_parse ] --END-- [ RunTime:0.007825s ]
INFO: [ view_filter ] --START--
INFO: Run Behavior\WriteHtmlCacheBehavior [ RunTime:0.000503s ]
INFO: [ view_filter ] --END-- [ RunTime:0.000571s ]
INFO: [ app_end ] --START--
INFO: Run Behavior\ShowPageTraceBehavior [ RunTime:0.000878s ]
INFO: [ app_end ] --END-- [ RunTime:0.000981s ]

[ 2015-05-01T14:57:44+08:00 ] ::1 /meeting/index.php/Admin/Register/testRegister
INFO: [ app_init ] --START--
INFO: Run Behavior\BuildLiteBehavior [ RunTime:0.000016s ]
INFO: [ app_init ] --END-- [ RunTime:0.000344s ]
INFO: [ app_begin ] --START--
INFO: Run Behavior\ReadHtmlCacheBehavior [ RunTime:0.000558s ]
INFO: [ app_begin ] --END-- [ RunTime:0.000608s ]
INFO: [ view_parse ] --START--
INFO: [ template_filter ] --START--
INFO: Run Behavior\ContentReplaceBehavior [ RunTime:0.000061s ]
INFO: [ template_filter ] --END-- [ RunTime:0.000161s ]
INFO: Run Behavior\ParseTemplateBehavior [ RunTime:0.009342s ]
INFO: [ view_parse ] --END-- [ RunTime:0.009432s ]
INFO: [ view_filter ] --START--
INFO: Run Behavior\WriteHtmlCacheBehavior [ RunTime:0.000756s ]
INFO: [ view_filter ] --END-- [ RunTime:0.000838s ]
INFO: [ app_end ] --START--
INFO: Run Behavior\ShowPageTraceBehavior [ RunTime:0.000937s ]
INFO: [ app_end ] --END-- [ RunTime:0.001021s ]

[ 2015-05-01T14:57:44+08:00 ] ::1 /meeting/index.php/Admin/Register/testRegister
INFO: [ app_init ] --START--
INFO: Run Behavior\BuildLiteBehavior [ RunTime:0.000021s ]
INFO: [ app_init ] --END-- [ RunTime:0.000502s ]
INFO: [ app_begin ] --START--
INFO: Run Behavior\ReadHtmlCacheBehavior [ RunTime:0.001020s ]
INFO: [ app_begin ] --END-- [ RunTime:0.001194s ]
INFO: [ view_parse ] --START--
INFO: [ template_filter ] --START--
INFO: Run Behavior\ContentReplaceBehavior [ RunTime:0.000059s ]
INFO: [ template_filter ] --END-- [ RunTime:0.000157s ]
INFO: Run Behavior\ParseTemplateBehavior [ RunTime:0.008977s ]
INFO: [ view_parse ] --END-- [ RunTime:0.009064s ]
INFO: [ view_filter ] --START--
INFO: Run Behavior\WriteHtmlCacheBehavior [ RunTime:0.000607s ]
INFO: [ view_filter ] --END-- [ RunTime:0.000678s ]
INFO: [ app_end ] --START--
INFO: Run Behavior\ShowPageTraceBehavior [ RunTime:0.001304s ]
INFO: [ app_end ] --END-- [ RunTime:0.001467s ]

[ 2015-05-01T14:57:46+08:00 ] ::1 /meeting/index.php/Admin/Register/testRegister
INFO: [ app_init ] --START--
INFO: Run Behavior\BuildLiteBehavior [ RunTime:0.000015s ]
INFO: [ app_init ] --END-- [ RunTime:0.000326s ]
INFO: [ app_begin ] --START--
INFO: Run Behavior\ReadHtmlCacheBehavior [ RunTime:0.000608s ]
INFO: [ app_begin ] --END-- [ RunTime:0.000655s ]
INFO: [ view_parse ] --START--
INFO: [ template_filter ] --START--
INFO: Run Behavior\ContentReplaceBehavior [ RunTime:0.000031s ]
INFO: [ template_filter ] --END-- [ RunTime:0.000073s ]
INFO: Run Behavior\ParseTemplateBehavior [ RunTime:0.005246s ]
INFO: [ view_parse ] --END-- [ RunTime:0.005292s ]
INFO: [ view_filter ] --START--
INFO: Run Behavior\WriteHtmlCacheBehavior [ RunTime:0.000376s ]
INFO: [ view_filter ] --END-- [ RunTime:0.000412s ]
INFO: [ app_end ] --START--
INFO: Run Behavior\ShowPageTraceBehavior [ RunTime:0.000557s ]
INFO: [ app_end ] --END-- [ RunTime:0.000596s ]

[ 2015-05-01T14:58:12+08:00 ] ::1 /meeting/index.php/Admin/Register/testRegister
INFO: [ app_init ] --START--
INFO: Run Behavior\BuildLiteBehavior [ RunTime:0.000026s ]
INFO: [ app_init ] --END-- [ RunTime:0.000628s ]
INFO: [ app_begin ] --START--
INFO: Run Behavior\ReadHtmlCacheBehavior [ RunTime:0.001266s ]
INFO: [ app_begin ] --END-- [ RunTime:0.001358s ]
INFO: [ view_parse ] --START--
INFO: [ template_filter ] --START--
INFO: Run Behavior\ContentReplaceBehavior [ RunTime:0.000057s ]
INFO: [ template_filter ] --END-- [ RunTime:0.000154s ]
INFO: Run Behavior\ParseTemplateBehavior [ RunTime:0.006587s ]
INFO: [ view_parse ] --END-- [ RunTime:0.006653s ]
INFO: [ view_filter ] --START--
INFO: Run Behavior\WriteHtmlCacheBehavior [ RunTime:0.000438s ]
INFO: [ view_filter ] --END-- [ RunTime:0.000547s ]
INFO: [ app_end ] --START--
INFO: Run Behavior\ShowPageTraceBehavior [ RunTime:0.000843s ]
INFO: [ app_end ] --END-- [ RunTime:0.000914s ]

[ 2015-05-01T14:58:30+08:00 ] ::1 /meeting/index.php/Admin/Register/testRegister
INFO: [ app_init ] --START--
INFO: Run Behavior\BuildLiteBehavior [ RunTime:0.000017s ]
INFO: [ app_init ] --END-- [ RunTime:0.000342s ]
INFO: [ app_begin ] --START--
INFO: Run Behavior\ReadHtmlCacheBehavior [ RunTime:0.000578s ]
INFO: [ app_begin ] --END-- [ RunTime:0.000629s ]
INFO: [ view_parse ] --START--
INFO: [ template_filter ] --START--
INFO: Run Behavior\ContentReplaceBehavior [ RunTime:0.000034s ]
INFO: [ template_filter ] --END-- [ RunTime:0.000090s ]
INFO: Run Behavior\ParseTemplateBehavior [ RunTime:0.005733s ]
INFO: [ view_parse ] --END-- [ RunTime:0.005781s ]
INFO: [ view_filter ] --START--
INFO: Run Behavior\WriteHtmlCacheBehavior [ RunTime:0.000285s ]
INFO: [ view_filter ] --END-- [ RunTime:0.000321s ]
INFO: [ app_end ] --START--
INFO: Run Behavior\ShowPageTraceBehavior [ RunTime:0.000539s ]
INFO: [ app_end ] --END-- [ RunTime:0.000578s ]

[ 2015-05-01T14:58:51+08:00 ] ::1 /meeting/index.php/Admin/Register/testRegister
INFO: [ app_init ] --START--
INFO: Run Behavior\BuildLiteBehavior [ RunTime:0.000017s ]
INFO: [ app_init ] --END-- [ RunTime:0.000350s ]
INFO: [ app_begin ] --START--
INFO: Run Behavior\ReadHtmlCacheBehavior [ RunTime:0.000607s ]
INFO: [ app_begin ] --END-- [ RunTime:0.000655s ]
INFO: [ view_parse ] --START--
INFO: [ template_filter ] --START--
INFO: Run Behavior\ContentReplaceBehavior [ RunTime:0.000034s ]
INFO: [ template_filter ] --END-- [ RunTime:0.000088s ]
INFO: Run Behavior\ParseTemplateBehavior [ RunTime:0.006312s ]
INFO: [ view_parse ] --END-- [ RunTime:0.006362s ]
INFO: [ view_filter ] --START--
INFO: Run Behavior\WriteHtmlCacheBehavior [ RunTime:0.000485s ]
INFO: [ view_filter ] --END-- [ RunTime:0.000527s ]
INFO: [ app_end ] --START--
INFO: Run Behavior\ShowPageTraceBehavior [ RunTime:0.000961s ]
INFO: [ app_end ] --END-- [ RunTime:0.001010s ]

[ 2015-05-01T15:02:27+08:00 ] ::1 /meeting/index.php/Admin/Register/testRegister
INFO: [ app_init ] --START--
INFO: Run Behavior\BuildLiteBehavior [ RunTime:0.000023s ]
INFO: [ app_init ] --END-- [ RunTime:0.000335s ]
INFO: [ app_begin ] --START--
INFO: Run Behavior\ReadHtmlCacheBehavior [ RunTime:0.000632s ]
INFO: [ app_begin ] --END-- [ RunTime:0.000681s ]
INFO: [ view_parse ] --START--
INFO: [ template_filter ] --START--
INFO: Run Behavior\ContentReplaceBehavior [ RunTime:0.000040s ]
INFO: [ template_filter ] --END-- [ RunTime:0.000100s ]
INFO: Run Behavior\ParseTemplateBehavior [ RunTime:0.006327s ]
INFO: [ view_parse ] --END-- [ RunTime:0.006379s ]
INFO: [ view_filter ] --START--
INFO: Run Behavior\WriteHtmlCacheBehavior [ RunTime:0.000314s ]
INFO: [ view_filter ] --END-- [ RunTime:0.000352s ]
INFO: [ app_end ] --START--
INFO: Run Behavior\ShowPageTraceBehavior [ RunTime:0.000621s ]
INFO: [ app_end ] --END-- [ RunTime:0.000678s ]

[ 2015-05-01T15:02:59+08:00 ] ::1 /meeting/index.php/Admin/Register/testRegister
INFO: [ app_init ] --START--
INFO: Run Behavior\BuildLiteBehavior [ RunTime:0.000030s ]
INFO: [ app_init ] --END-- [ RunTime:0.001891s ]
INFO: [ app_begin ] --START--
INFO: Run Behavior\ReadHtmlCacheBehavior [ RunTime:0.000652s ]
INFO: [ app_begin ] --END-- [ RunTime:0.000711s ]
INFO: [ view_parse ] --START--
INFO: [ template_filter ] --START--
INFO: Run Behavior\ContentReplaceBehavior [ RunTime:0.000040s ]
INFO: [ template_filter ] --END-- [ RunTime:0.000101s ]
INFO: Run Behavior\ParseTemplateBehavior [ RunTime:0.005816s ]
INFO: [ view_parse ] --END-- [ RunTime:0.005872s ]
INFO: [ view_filter ] --START--
INFO: Run Behavior\WriteHtmlCacheBehavior [ RunTime:0.000592s ]
INFO: [ view_filter ] --END-- [ RunTime:0.000632s ]
INFO: [ app_end ] --START--
INFO: Run Behavior\ShowPageTraceBehavior [ RunTime:0.000631s ]
INFO: [ app_end ] --END-- [ RunTime:0.000676s ]

[ 2015-05-01T15:03:50+08:00 ] ::1 /meeting/index.php/Admin/Register/testRegister
INFO: [ app_init ] --START--
INFO: Run Behavior\BuildLiteBehavior [ RunTime:0.000015s ]
INFO: [ app_init ] --END-- [ RunTime:0.000392s ]
INFO: [ app_begin ] --START--
INFO: Run Behavior\ReadHtmlCacheBehavior [ RunTime:0.000581s ]
INFO: [ app_begin ] --END-- [ RunTime:0.000632s ]
INFO: [ view_parse ] --START--
INFO: [ template_filter ] --START--
INFO: Run Behavior\ContentReplaceBehavior [ RunTime:0.000035s ]
INFO: [ template_filter ] --END-- [ RunTime:0.000085s ]
INFO: Run Behavior\ParseTemplateBehavior [ RunTime:0.005306s ]
INFO: [ view_parse ] --END-- [ RunTime:0.005351s ]
INFO: [ view_filter ] --START--
INFO: Run Behavior\WriteHtmlCacheBehavior [ RunTime:0.000274s ]
INFO: [ view_filter ] --END-- [ RunTime:0.000310s ]
INFO: [ app_end ] --START--
INFO: Run Behavior\ShowPageTraceBehavior [ RunTime:0.000518s ]
INFO: [ app_end ] --END-- [ RunTime:0.000574s ]

[ 2015-05-01T15:04:50+08:00 ] ::1 /meeting/index.php/Admin/Register/testRegister
INFO: [ app_init ] --START--
INFO: Run Behavior\BuildLiteBehavior [ RunTime:0.000015s ]
INFO: [ app_init ] --END-- [ RunTime:0.000321s ]
INFO: [ app_begin ] --START--
INFO: Run Behavior\ReadHtmlCacheBehavior [ RunTime:0.000552s ]
INFO: [ app_begin ] --END-- [ RunTime:0.000600s ]
INFO: [ view_parse ] --START--
INFO: [ template_filter ] --START--
INFO: Run Behavior\ContentReplaceBehavior [ RunTime:0.000036s ]
INFO: [ template_filter ] --END-- [ RunTime:0.000086s ]
INFO: Run Behavior\ParseTemplateBehavior [ RunTime:0.006111s ]
INFO: [ view_parse ] --END-- [ RunTime:0.006156s ]
INFO: [ view_filter ] --START--
INFO: Run Behavior\WriteHtmlCacheBehavior [ RunTime:0.000318s ]
INFO: [ view_filter ] --END-- [ RunTime:0.000355s ]
INFO: [ app_end ] --START--
INFO: Run Behavior\ShowPageTraceBehavior [ RunTime:0.000837s ]
INFO: [ app_end ] --END-- [ RunTime:0.000910s ]

[ 2015-05-01T15:04:52+08:00 ] ::1 /meeting/index.php/Admin/Admin/Register
INFO: [ app_init ] --START--
INFO: Run Behavior\BuildLiteBehavior [ RunTime:0.000016s ]
INFO: [ app_init ] --END-- [ RunTime:0.000430s ]
INFO: [ app_begin ] --START--
INFO: Run Behavior\ReadHtmlCacheBehavior [ RunTime:0.000565s ]
INFO: [ app_begin ] --END-- [ RunTime:0.000614s ]
ERR: 无法加载控制器:Admin

[ 2015-05-01T15:05:17+08:00 ] ::1 /meeting/index.php/Admin/Register/testRegister
INFO: [ app_init ] --START--
INFO: Run Behavior\BuildLiteBehavior [ RunTime:0.000016s ]
INFO: [ app_init ] --END-- [ RunTime:0.000344s ]
INFO: [ app_begin ] --START--
INFO: Run Behavior\ReadHtmlCacheBehavior [ RunTime:0.000561s ]
INFO: [ app_begin ] --END-- [ RunTime:0.000612s ]
INFO: [ view_parse ] --START--
INFO: [ template_filter ] --START--
INFO: Run Behavior\ContentReplaceBehavior [ RunTime:0.000040s ]
INFO: [ template_filter ] --END-- [ RunTime:0.000101s ]
INFO: Run Behavior\ParseTemplateBehavior [ RunTime:0.007989s ]
INFO: [ view_parse ] --END-- [ RunTime:0.008057s ]
INFO: [ view_filter ] --START--
INFO: Run Behavior\WriteHtmlCacheBehavior [ RunTime:0.000385s ]
INFO: [ view_filter ] --END-- [ RunTime:0.000433s ]
INFO: [ app_end ] --START--
INFO: Run Behavior\ShowPageTraceBehavior [ RunTime:0.000609s ]
INFO: [ app_end ] --END-- [ RunTime:0.000691s ]

[ 2015-05-01T15:05:20+08:00 ] ::1 /meeting/index.php/Admin/Register/Register
INFO: [ app_init ] --START--
INFO: Run Behavior\BuildLiteBehavior [ RunTime:0.000014s ]
INFO: [ app_init ] --END-- [ RunTime:0.000302s ]
INFO: [ app_begin ] --START--
INFO: Run Behavior\ReadHtmlCacheBehavior [ RunTime:0.000529s ]
INFO: [ app_begin ] --END-- [ RunTime:0.000586s ]
ERR: 非法操作:Register

[ 2015-05-01T15:05:40+08:00 ] ::1 /meeting/index.php/Admin/Register/testRegister
INFO: [ app_init ] --START--
INFO: Run Behavior\BuildLiteBehavior [ RunTime:0.000015s ]
INFO: [ app_init ] --END-- [ RunTime:0.000319s ]
INFO: [ app_begin ] --START--
INFO: Run Behavior\ReadHtmlCacheBehavior [ RunTime:0.000609s ]
INFO: [ app_begin ] --END-- [ RunTime:0.000672s ]
INFO: [ view_parse ] --START--
INFO: [ template_filter ] --START--
INFO: Run Behavior\ContentReplaceBehavior [ RunTime:0.000038s ]
INFO: [ template_filter ] --END-- [ RunTime:0.000093s ]

[ 2015-05-01T15:05:56+08:00 ] ::1 /meeting/index.php/Admin/Register/testRegister
INFO: [ app_init ] --START--
INFO: Run Behavior\BuildLiteBehavior [ RunTime:0.000024s ]
INFO: [ app_init ] --END-- [ RunTime:0.000543s ]
INFO: [ app_begin ] --START--
INFO: Run Behavior\ReadHtmlCacheBehavior [ RunTime:0.000990s ]
INFO: [ app_begin ] --END-- [ RunTime:0.001086s ]
INFO: [ view_parse ] --START--
INFO: [ template_filter ] --START--
INFO: Run Behavior\ContentReplaceBehavior [ RunTime:0.000035s ]
INFO: [ template_filter ] --END-- [ RunTime:0.000112s ]
INFO: Run Behavior\ParseTemplateBehavior [ RunTime:0.005538s ]
INFO: [ view_parse ] --END-- [ RunTime:0.005586s ]
INFO: [ view_filter ] --START--
INFO: Run Behavior\WriteHtmlCacheBehavior [ RunTime:0.000371s ]
INFO: [ view_filter ] --END-- [ RunTime:0.000407s ]
INFO: [ app_end ] --START--
INFO: Run Behavior\ShowPageTraceBehavior [ RunTime:0.000703s ]
INFO: [ app_end ] --END-- [ RunTime:0.000755s ]

[ 2015-05-01T15:06:07+08:00 ] ::1 /meeting/index.php/Admin/Register/testRegister
INFO: [ app_init ] --START--
INFO: Run Behavior\BuildLiteBehavior [ RunTime:0.000015s ]
INFO: [ app_init ] --END-- [ RunTime:0.000320s ]
INFO: [ app_begin ] --START--
INFO: Run Behavior\ReadHtmlCacheBehavior [ RunTime:0.000619s ]
INFO: [ app_begin ] --END-- [ RunTime:0.000673s ]
INFO: [ view_parse ] --START--
INFO: [ template_filter ] --START--
INFO: Run Behavior\ContentReplaceBehavior [ RunTime:0.000039s ]
INFO: [ template_filter ] --END-- [ RunTime:0.000094s ]
INFO: Run Behavior\ParseTemplateBehavior [ RunTime:0.005493s ]
INFO: [ view_parse ] --END-- [ RunTime:0.005558s ]
INFO: [ view_filter ] --START--
INFO: Run Behavior\WriteHtmlCacheBehavior [ RunTime:0.000300s ]
INFO: [ view_filter ] --END-- [ RunTime:0.000356s ]
INFO: [ app_end ] --START--
INFO: Run Behavior\ShowPageTraceBehavior [ RunTime:0.000541s ]
INFO: [ app_end ] --END-- [ RunTime:0.000583s ]

[ 2015-05-01T15:06:08+08:00 ] ::1 /meeting/index.php/Admin/Register/testRegister
INFO: [ app_init ] --START--
INFO: Run Behavior\BuildLiteBehavior [ RunTime:0.000015s ]
INFO: [ app_init ] --END-- [ RunTime:0.000319s ]
INFO: [ app_begin ] --START--
INFO: Run Behavior\ReadHtmlCacheBehavior [ RunTime:0.000555s ]
INFO: [ app_begin ] --END-- [ RunTime:0.000603s ]
INFO: [ view_parse ] --START--
INFO: [ template_filter ] --START--
INFO: Run Behavior\ContentReplaceBehavior [ RunTime:0.000039s ]
INFO: [ template_filter ] --END-- [ RunTime:0.000098s ]
INFO: Run Behavior\ParseTemplateBehavior [ RunTime:0.005440s ]
INFO: [ view_parse ] --END-- [ RunTime:0.005491s ]
INFO: [ view_filter ] --START--
INFO: Run Behavior\WriteHtmlCacheBehavior [ RunTime:0.000320s ]
INFO: [ view_filter ] --END-- [ RunTime:0.000359s ]
INFO: [ app_end ] --START--
INFO: Run Behavior\ShowPageTraceBehavior [ RunTime:0.000559s ]
INFO: [ app_end ] --END-- [ RunTime:0.000603s ]

[ 2015-05-01T15:06:19+08:00 ] ::1 /meeting/index.php/Admin/Register/testRegister
INFO: [ app_init ] --START--
INFO: Run Behavior\BuildLiteBehavior [ RunTime:0.000017s ]
INFO: [ app_init ] --END-- [ RunTime:0.000354s ]
INFO: [ app_begin ] --START--
INFO: Run Behavior\ReadHtmlCacheBehavior [ RunTime:0.000551s ]
INFO: [ app_begin ] --END-- [ RunTime:0.000602s ]
INFO: [ view_parse ] --START--
INFO: [ template_filter ] --START--
INFO: Run Behavior\ContentReplaceBehavior [ RunTime:0.000037s ]
INFO: [ template_filter ] --END-- [ RunTime:0.000099s ]
INFO: Run Behavior\ParseTemplateBehavior [ RunTime:0.006191s ]
INFO: [ view_parse ] --END-- [ RunTime:0.006253s ]
INFO: [ view_filter ] --START--
INFO: Run Behavior\WriteHtmlCacheBehavior [ RunTime:0.000436s ]
INFO: [ view_filter ] --END-- [ RunTime:0.000500s ]
INFO: [ app_end ] --START--
INFO: Run Behavior\ShowPageTraceBehavior [ RunTime:0.000731s ]
INFO: [ app_end ] --END-- [ RunTime:0.000784s ]

[ 2015-05-01T15:06:23+08:00 ] ::1 /meeting/index.php/Admin/Register/index
INFO: [ app_init ] --START--
INFO: Run Behavior\BuildLiteBehavior [ RunTime:0.000031s ]
INFO: [ app_init ] --END-- [ RunTime:0.000668s ]
INFO: [ app_begin ] --START--
INFO: Run Behavior\ReadHtmlCacheBehavior [ RunTime:0.000888s ]
INFO: [ app_begin ] --END-- [ RunTime:0.000959s ]

[ 2015-05-01T15:06:31+08:00 ] ::1 /meeting/index.php/Admin/Register/index
INFO: [ app_init ] --START--
INFO: Run Behavior\BuildLiteBehavior [ RunTime:0.000014s ]
INFO: [ app_init ] --END-- [ RunTime:0.000318s ]
INFO: [ app_begin ] --START--
INFO: Run Behavior\ReadHtmlCacheBehavior [ RunTime:0.000684s ]
INFO: [ app_begin ] --END-- [ RunTime:0.000734s ]

[ 2015-05-01T15:06:31+08:00 ] ::1 /meeting/index.php/Admin/Register/index
INFO: [ app_init ] --START--
INFO: Run Behavior\BuildLiteBehavior [ RunTime:0.000014s ]
INFO: [ app_init ] --END-- [ RunTime:0.000343s ]
INFO: [ app_begin ] --START--
INFO: Run Behavior\ReadHtmlCacheBehavior [ RunTime:0.000548s ]
INFO: [ app_begin ] --END-- [ RunTime:0.000587s ]

[ 2015-05-01T15:06:31+08:00 ] ::1 /meeting/index.php/Admin/Register/index
INFO: [ app_init ] --START--
INFO: Run Behavior\BuildLiteBehavior [ RunTime:0.000022s ]
INFO: [ app_init ] --END-- [ RunTime:0.000546s ]
INFO: [ app_begin ] --START--
INFO: Run Behavior\ReadHtmlCacheBehavior [ RunTime:0.001012s ]
INFO: [ app_begin ] --END-- [ RunTime:0.001079s ]

[ 2015-05-01T15:06:32+08:00 ] ::1 /meeting/index.php/Admin/Register/index
INFO: [ app_init ] --START--
INFO: Run Behavior\BuildLiteBehavior [ RunTime:0.000022s ]
INFO: [ app_init ] --END-- [ RunTime:0.000523s ]
INFO: [ app_begin ] --START--
INFO: Run Behavior\ReadHtmlCacheBehavior [ RunTime:0.001074s ]
INFO: [ app_begin ] --END-- [ RunTime:0.001147s ]

[ 2015-05-01T15:06:44+08:00 ] ::1 /meeting/index.php/Admin/Register/testRegister
INFO: [ app_init ] --START--
INFO: Run Behavior\BuildLiteBehavior [ RunTime:0.000022s ]
INFO: [ app_init ] --END-- [ RunTime:0.000578s ]
INFO: [ app_begin ] --START--
INFO: Run Behavior\ReadHtmlCacheBehavior [ RunTime:0.000629s ]
INFO: [ app_begin ] --END-- [ RunTime:0.000676s ]
INFO: [ view_parse ] --START--
INFO: [ template_filter ] --START--
INFO: Run Behavior\ContentReplaceBehavior [ RunTime:0.000038s ]
INFO: [ template_filter ] --END-- [ RunTime:0.000093s ]
INFO: Run Behavior\ParseTemplateBehavior [ RunTime:0.006173s ]
INFO: [ view_parse ] --END-- [ RunTime:0.006219s ]
INFO: [ view_filter ] --START--
INFO: Run Behavior\WriteHtmlCacheBehavior [ RunTime:0.000364s ]
INFO: [ view_filter ] --END-- [ RunTime:0.000402s ]
INFO: [ app_end ] --START--
INFO: Run Behavior\ShowPageTraceBehavior [ RunTime:0.000730s ]
INFO: [ app_end ] --END-- [ RunTime:0.000792s ]

[ 2015-05-01T15:06:46+08:00 ] ::1 /meeting/index.php/Admin/Register/index
INFO: [ app_init ] --START--
INFO: Run Behavior\BuildLiteBehavior [ RunTime:0.000022s ]
INFO: [ app_init ] --END-- [ RunTime:0.000551s ]
INFO: [ app_begin ] --START--
INFO: Run Behavior\ReadHtmlCacheBehavior [ RunTime:0.001059s ]
INFO: [ app_begin ] --END-- [ RunTime:0.001155s ]

[ 2015-05-01T15:07:03+08:00 ] ::1 /meeting/index.php/Admin/Register/index
INFO: [ app_init ] --START--
INFO: Run Behavior\BuildLiteBehavior [ RunTime:0.000015s ]
INFO: [ app_init ] --END-- [ RunTime:0.000330s ]
INFO: [ app_begin ] --START--
INFO: Run Behavior\ReadHtmlCacheBehavior [ RunTime:0.000545s ]
INFO: [ app_begin ] --END-- [ RunTime:0.000588s ]
INFO: [ app_end ] --START--
INFO: Run Behavior\ShowPageTraceBehavior [ RunTime:0.000541s ]
INFO: [ app_end ] --END-- [ RunTime:0.000584s ]

[ 2015-05-01T15:07:06+08:00 ] ::1 /meeting/index.php/Admin/Register/index
INFO: [ app_init ] --START--
INFO: Run Behavior\BuildLiteBehavior [ RunTime:0.000013s ]
INFO: [ app_init ] --END-- [ RunTime:0.000318s ]
INFO: [ app_begin ] --START--
INFO: Run Behavior\ReadHtmlCacheBehavior [ RunTime:0.000530s ]
INFO: [ app_begin ] --END-- [ RunTime:0.000569s ]
INFO: [ app_end ] --START--
INFO: Run Behavior\ShowPageTraceBehavior [ RunTime:0.000489s ]
INFO: [ app_end ] --END-- [ RunTime:0.000526s ]

[ 2015-05-01T15:07:07+08:00 ] ::1 /meeting/index.php/Admin/Register/index
INFO: [ app_init ] --START--
INFO: Run Behavior\BuildLiteBehavior [ RunTime:0.000014s ]
INFO: [ app_init ] --END-- [ RunTime:0.000289s ]
INFO: [ app_begin ] --START--
INFO: Run Behavior\ReadHtmlCacheBehavior [ RunTime:0.000525s ]
INFO: [ app_begin ] --END-- [ RunTime:0.000565s ]
INFO: [ app_end ] --START--
INFO: Run Behavior\ShowPageTraceBehavior [ RunTime:0.000492s ]
INFO: [ app_end ] --END-- [ RunTime:0.000530s ]

[ 2015-05-01T15:07:07+08:00 ] ::1 /meeting/index.php/Admin/Register/index
INFO: [ app_init ] --START--
INFO: Run Behavior\BuildLiteBehavior [ RunTime:0.000023s ]
INFO: [ app_init ] --END-- [ RunTime:0.000545s ]
INFO: [ app_begin ] --START--
INFO: Run Behavior\ReadHtmlCacheBehavior [ RunTime:0.000968s ]
INFO: [ app_begin ] --END-- [ RunTime:0.001044s ]
INFO: [ app_end ] --START--
INFO: Run Behavior\ShowPageTraceBehavior [ RunTime:0.000958s ]
INFO: [ app_end ] --END-- [ RunTime:0.001031s ]

[ 2015-05-01T15:07:07+08:00 ] ::1 /meeting/index.php/Admin/Register/index
INFO: [ app_init ] --START--
INFO: Run Behavior\BuildLiteBehavior [ RunTime:0.000012s ]
INFO: [ app_init ] --END-- [ RunTime:0.000298s ]
INFO: [ app_begin ] --START--
INFO: Run Behavior\ReadHtmlCacheBehavior [ RunTime:0.000496s ]
INFO: [ app_begin ] --END-- [ RunTime:0.000534s ]
INFO: [ app_end ] --START--
INFO: Run Behavior\ShowPageTraceBehavior [ RunTime:0.000522s ]
INFO: [ app_end ] --END-- [ RunTime:0.000560s ]

[ 2015-05-01T15:07:07+08:00 ] ::1 /meeting/index.php/Admin/Register/index
INFO: [ app_init ] --START--
INFO: Run Behavior\BuildLiteBehavior [ RunTime:0.000021s ]
INFO: [ app_init ] --END-- [ RunTime:0.000451s ]
INFO: [ app_begin ] --START--
INFO: Run Behavior\ReadHtmlCacheBehavior [ RunTime:0.000552s ]
INFO: [ app_begin ] --END-- [ RunTime:0.000592s ]
INFO: [ app_end ] --START--
INFO: Run Behavior\ShowPageTraceBehavior [ RunTime:0.000497s ]
INFO: [ app_end ] --END-- [ RunTime:0.000536s ]

[ 2015-05-01T15:07:07+08:00 ] ::1 /meeting/index.php/Admin/Register/index
INFO: [ app_init ] --START--
INFO: Run Behavior\BuildLiteBehavior [ RunTime:0.000015s ]
INFO: [ app_init ] --END-- [ RunTime:0.000296s ]
INFO: [ app_begin ] --START--
INFO: Run Behavior\ReadHtmlCacheBehavior [ RunTime:0.000500s ]
INFO: [ app_begin ] --END-- [ RunTime:0.000542s ]
INFO: [ app_end ] --START--
INFO: Run Behavior\ShowPageTraceBehavior [ RunTime:0.000706s ]
INFO: [ app_end ] --END-- [ RunTime:0.000761s ]

[ 2015-05-01T15:07:08+08:00 ] ::1 /meeting/index.php/Admin/Register/index
INFO: [ app_init ] --START--
INFO: Run Behavior\BuildLiteBehavior [ RunTime:0.000024s ]
INFO: [ app_init ] --END-- [ RunTime:0.000562s ]
INFO: [ app_begin ] --START--
INFO: Run Behavior\ReadHtmlCacheBehavior [ RunTime:0.000964s ]
INFO: [ app_begin ] --END-- [ RunTime:0.001039s ]
INFO: [ app_end ] --START--
INFO: Run Behavior\ShowPageTraceBehavior [ RunTime:0.000964s ]
INFO: [ app_end ] --END-- [ RunTime:0.001039s ]

[ 2015-05-01T15:29:49+08:00 ] ::1 /meeting/index.php/Admin/Register/testRegister
INFO: [ app_init ] --START--
INFO: Run Behavior\BuildLiteBehavior [ RunTime:0.000014s ]
INFO: [ app_init ] --END-- [ RunTime:0.000291s ]
INFO: [ app_begin ] --START--
INFO: Run Behavior\ReadHtmlCacheBehavior [ RunTime:0.000531s ]
INFO: [ app_begin ] --END-- [ RunTime:0.000575s ]

[ 2015-05-01T15:30:04+08:00 ] ::1 /meeting/index.php/Admin/Register/testRegister
INFO: [ app_init ] --START--
INFO: Run Behavior\BuildLiteBehavior [ RunTime:0.000017s ]
INFO: [ app_init ] --END-- [ RunTime:0.000346s ]
INFO: [ app_begin ] --START--
INFO: Run Behavior\ReadHtmlCacheBehavior [ RunTime:0.000739s ]
INFO: [ app_begin ] --END-- [ RunTime:0.000808s ]
INFO: [ view_parse ] --START--
INFO: [ template_filter ] --START--
INFO: Run Behavior\ContentReplaceBehavior [ RunTime:0.000041s ]
INFO: [ template_filter ] --END-- [ RunTime:0.000107s ]
INFO: Run Behavior\ParseTemplateBehavior [ RunTime:0.006848s ]
INFO: [ view_parse ] --END-- [ RunTime:0.006899s ]
INFO: [ view_filter ] --START--
INFO: Run Behavior\WriteHtmlCacheBehavior [ RunTime:0.000503s ]
INFO: [ view_filter ] --END-- [ RunTime:0.000547s ]
INFO: [ app_end ] --START--
INFO: Run Behavior\ShowPageTraceBehavior [ RunTime:0.000645s ]
INFO: [ app_end ] --END-- [ RunTime:0.000690s ]

[ 2015-05-01T15:30:17+08:00 ] ::1 /meeting/index.php/Admin/Register/index
INFO: [ app_init ] --START--
INFO: Run Behavior\BuildLiteBehavior [ RunTime:0.000020s ]
INFO: [ app_init ] --END-- [ RunTime:0.000470s ]
INFO: [ app_begin ] --START--
INFO: Run Behavior\ReadHtmlCacheBehavior [ RunTime:0.000548s ]
INFO: [ app_begin ] --END-- [ RunTime:0.000590s ]

[ 2015-05-01T15:30:43+08:00 ] ::1 /meeting/index.php/Admin/Register/index
INFO: [ app_init ] --START--
INFO: Run Behavior\BuildLiteBehavior [ RunTime:0.000021s ]
INFO: [ app_init ] --END-- [ RunTime:0.000441s ]
INFO: [ app_begin ] --START--
INFO: Run Behavior\ReadHtmlCacheBehavior [ RunTime:0.000826s ]
INFO: [ app_begin ] --END-- [ RunTime:0.000896s ]

[ 2015-05-01T15:31:03+08:00 ] ::1 /meeting/index.php/Admin/Register/index
INFO: [ app_init ] --START--
INFO: Run Behavior\BuildLiteBehavior [ RunTime:0.000021s ]
INFO: [ app_init ] --END-- [ RunTime:0.000506s ]
INFO: [ app_begin ] --START--
INFO: Run Behavior\ReadHtmlCacheBehavior [ RunTime:0.000948s ]
INFO: [ app_begin ] --END-- [ RunTime:0.001019s ]

[ 2015-05-01T15:31:24+08:00 ] ::1 /meeting/index.php/Admin/Register/index
INFO: [ app_init ] --START--
INFO: Run Behavior\BuildLiteBehavior [ RunTime:0.000016s ]
INFO: [ app_init ] --END-- [ RunTime:0.000351s ]
INFO: [ app_begin ] --START--
INFO: Run Behavior\ReadHtmlCacheBehavior [ RunTime:0.000605s ]
INFO: [ app_begin ] --END-- [ RunTime:0.000655s ]

[ 2015-05-01T15:32:10+08:00 ] ::1 /meeting/index.php/Admin/Register/index
INFO: [ app_init ] --START--
INFO: Run Behavior\BuildLiteBehavior [ RunTime:0.000015s ]
INFO: [ app_init ] --END-- [ RunTime:0.000332s ]
INFO: [ app_begin ] --START--
INFO: Run Behavior\ReadHtmlCacheBehavior [ RunTime:0.000599s ]
INFO: [ app_begin ] --END-- [ RunTime:0.000645s ]
NOTIC: [2048] Non-static method Admin\Controller\ConfirmEmailController::think_send_mail() should not be called statically, assuming $this from incompatible context F:\WAMP\apache\htdocs\meeting\Application\Admin\Controller\RegisterController.class.php 第 27 行.

[ 2015-05-01T15:32:24+08:00 ] ::1 /meeting/index.php/Admin/Register/index
INFO: [ app_init ] --START--
INFO: Run Behavior\BuildLiteBehavior [ RunTime:0.000015s ]
INFO: [ app_init ] --END-- [ RunTime:0.000318s ]
INFO: [ app_begin ] --START--
INFO: Run Behavior\ReadHtmlCacheBehavior [ RunTime:0.000590s ]
INFO: [ app_begin ] --END-- [ RunTime:0.000633s ]
NOTIC: [2048] Non-static method Admin\Controller\ConfirmEmailController::think_send_mail() should not be called statically, assuming $this from incompatible context F:\WAMP\apache\htdocs\meeting\Application\Admin\Controller\RegisterController.class.php 第 27 行.

[ 2015-05-01T15:37:01+08:00 ] ::1 /meeting/index.php/Admin/Register/index
INFO: [ app_init ] --START--
INFO: Run Behavior\BuildLiteBehavior [ RunTime:0.000013s ]
INFO: [ app_init ] --END-- [ RunTime:0.000314s ]
INFO: [ app_begin ] --START--
INFO: Run Behavior\ReadHtmlCacheBehavior [ RunTime:0.000639s ]
INFO: [ app_begin ] --END-- [ RunTime:0.000703s ]
NOTIC: [2048] Non-static method Admin\Controller\ConfirmEmailController::think_send_mail() should not be called statically, assuming $this from incompatible context F:\WAMP\apache\htdocs\meeting\Application\Admin\Controller\RegisterController.class.php 第 27 行.

[ 2015-05-01T15:37:29+08:00 ] ::1 /meeting/index.php/Admin/Register/testRegister
INFO: [ app_init ] --START--
INFO: Run Behavior\BuildLiteBehavior [ RunTime:0.000020s ]
INFO: [ app_init ] --END-- [ RunTime:0.000545s ]
INFO: [ app_begin ] --START--
INFO: Run Behavior\ReadHtmlCacheBehavior [ RunTime:0.000875s ]
INFO: [ app_begin ] --END-- [ RunTime:0.000981s ]
INFO: [ view_parse ] --START--
INFO: [ template_filter ] --START--
INFO: Run Behavior\ContentReplaceBehavior [ RunTime:0.000056s ]
INFO: [ template_filter ] --END-- [ RunTime:0.000137s ]
INFO: Run Behavior\ParseTemplateBehavior [ RunTime:0.007544s ]
INFO: [ view_parse ] --END-- [ RunTime:0.007614s ]
INFO: [ view_filter ] --START--
INFO: Run Behavior\WriteHtmlCacheBehavior [ RunTime:0.000520s ]
INFO: [ view_filter ] --END-- [ RunTime:0.000599s ]
INFO: [ app_end ] --START--
INFO: Run Behavior\ShowPageTraceBehavior [ RunTime:0.000653s ]
INFO: [ app_end ] --END-- [ RunTime:0.000698s ]

[ 2015-05-01T15:37:38+08:00 ] ::1 /meeting/index.php/Admin/Register/index
INFO: [ app_init ] --START--
INFO: Run Behavior\BuildLiteBehavior [ RunTime:0.000025s ]
INFO: [ app_init ] --END-- [ RunTime:0.000598s ]
INFO: [ app_begin ] --START--
INFO: Run Behavior\ReadHtmlCacheBehavior [ RunTime:0.001121s ]
INFO: [ app_begin ] --END-- [ RunTime:0.001201s ]
NOTIC: [2048] Non-static method Admin\Controller\ConfirmEmailController::think_send_mail() should not be called statically, assuming $this from incompatible context F:\WAMP\apache\htdocs\meeting\Application\Admin\Controller\RegisterController.class.php 第 27 行.

[ 2015-05-01T15:38:26+08:00 ] ::1 /meeting/index.php/Admin/Register/index
INFO: [ app_init ] --START--
INFO: Run Behavior\BuildLiteBehavior [ RunTime:0.000015s ]
INFO: [ app_init ] --END-- [ RunTime:0.000355s ]
INFO: [ app_begin ] --START--
INFO: Run Behavior\ReadHtmlCacheBehavior [ RunTime:0.000565s ]
INFO: [ app_begin ] --END-- [ RunTime:0.000618s ]
NOTIC: [2048] Non-static method Admin\Controller\ConfirmEmailController::think_send_mail() should not be called statically, assuming $this from incompatible context F:\WAMP\apache\htdocs\meeting\Application\Admin\Controller\RegisterController.class.php 第 27 行.

[ 2015-05-01T15:39:17+08:00 ] ::1 /meeting/index.php/Admin/Register/index
INFO: [ app_init ] --START--
INFO: Run Behavior\BuildLiteBehavior [ RunTime:0.000014s ]
INFO: [ app_init ] --END-- [ RunTime:0.000351s ]
INFO: [ app_begin ] --START--
INFO: Run Behavior\ReadHtmlCacheBehavior [ RunTime:0.000564s ]
INFO: [ app_begin ] --END-- [ RunTime:0.000608s ]
NOTIC: [2048] Non-static method Admin\Controller\ConfirmEmailController::think_send_mail() should not be called statically, assuming $this from incompatible context F:\WAMP\apache\htdocs\meeting\Application\Admin\Controller\RegisterController.class.php 第 28 行.

[ 2015-05-01T15:39:39+08:00 ] ::1 /meeting/index.php/Admin/Register/index
INFO: [ app_init ] --START--
INFO: Run Behavior\BuildLiteBehavior [ RunTime:0.000024s ]
INFO: [ app_init ] --END-- [ RunTime:0.000554s ]
INFO: [ app_begin ] --START--
INFO: Run Behavior\ReadHtmlCacheBehavior [ RunTime:0.001258s ]
INFO: [ app_begin ] --END-- [ RunTime:0.001367s ]
NOTIC: [2048] Non-static method Admin\Controller\ConfirmEmailController::think_send_mail() should not be called statically, assuming $this from incompatible context F:\WAMP\apache\htdocs\meeting\Application\Admin\Controller\RegisterController.class.php 第 28 行.

[ 2015-05-01T15:41:09+08:00 ] ::1 /meeting/index.php/Admin/Register/confirm/email/
INFO: [ app_init ] --START--
INFO: Run Behavior\BuildLiteBehavior [ RunTime:0.000024s ]
INFO: [ app_init ] --END-- [ RunTime:0.000484s ]
INFO: [ app_begin ] --START--
INFO: Run Behavior\ReadHtmlCacheBehavior [ RunTime:0.001037s ]
INFO: [ app_begin ] --END-- [ RunTime:0.001136s ]
ERR: 非法操作:confirm

[ 2015-05-01T15:42:22+08:00 ] ::1 /meeting/index.php/Admin/Register/index
INFO: [ app_init ] --START--
INFO: Run Behavior\BuildLiteBehavior [ RunTime:0.000014s ]
INFO: [ app_init ] --END-- [ RunTime:0.000298s ]
INFO: [ app_begin ] --START--
INFO: Run Behavior\ReadHtmlCacheBehavior [ RunTime:0.000529s ]
INFO: [ app_begin ] --END-- [ RunTime:0.000567s ]
NOTIC: [2048] Non-static method Admin\Controller\ConfirmEmailController::think_send_mail() should not be called statically, assuming $this from incompatible context F:\WAMP\apache\htdocs\meeting\Application\Admin\Controller\RegisterController.class.php 第 28 行.

[ 2015-05-01T15:42:33+08:00 ] ::1 /meeting/index.php/Admin/Register/confirm/email/630248976@qq.com/cdkey/f686c15313b2ab07fe3a8ebff611d58f
INFO: [ app_init ] --START--
INFO: Run Behavior\BuildLiteBehavior [ RunTime:0.000016s ]
INFO: [ app_init ] --END-- [ RunTime:0.000343s ]
INFO: [ app_begin ] --START--
INFO: Run Behavior\ReadHtmlCacheBehavior [ RunTime:0.000673s ]
INFO: [ app_begin ] --END-- [ RunTime:0.000726s ]
ERR: 非法操作:confirm

[ 2015-05-01T15:48:27+08:00 ] ::1 /meeting/index.php/Admin/Register/index
INFO: [ app_init ] --START--
INFO: Run Behavior\BuildLiteBehavior [ RunTime:0.000014s ]
INFO: [ app_init ] --END-- [ RunTime:0.000298s ]
INFO: [ app_begin ] --START--
INFO: Run Behavior\ReadHtmlCacheBehavior [ RunTime:0.000562s ]
INFO: [ app_begin ] --END-- [ RunTime:0.000619s ]
NOTIC: [2048] Non-static method Admin\Controller\ConfirmEmailController::think_send_mail() should not be called statically, assuming $this from incompatible context F:\WAMP\apache\htdocs\meeting\Application\Admin\Controller\RegisterController.class.php 第 28 行.

[ 2015-05-01T15:50:54+08:00 ] ::1 /meeting/index.php/Admin/Register/index
INFO: [ app_init ] --START--
INFO: Run Behavior\BuildLiteBehavior [ RunTime:0.000022s ]
INFO: [ app_init ] --END-- [ RunTime:0.000515s ]
INFO: [ app_begin ] --START--
INFO: Run Behavior\ReadHtmlCacheBehavior [ RunTime:0.000920s ]
INFO: [ app_begin ] --END-- [ RunTime:0.000991s ]
NOTIC: [2048] Non-static method Admin\Controller\ConfirmEmailController::think_send_mail() should not be called statically, assuming $this from incompatible context F:\WAMP\apache\htdocs\meeting\Application\Admin\Controller\RegisterController.class.php 第 28 行.

[ 2015-05-01T15:52:43+08:00 ] ::1 /meeting/index.php/Admin/Register/index
INFO: [ app_init ] --START--
INFO: Run Behavior\BuildLiteBehavior [ RunTime:0.000022s ]
INFO: [ app_init ] --END-- [ RunTime:0.000514s ]
INFO: [ app_begin ] --START--
INFO: Run Behavior\ReadHtmlCacheBehavior [ RunTime:0.000930s ]
INFO: [ app_begin ] --END-- [ RunTime:0.001015s ]
NOTIC: [2048] Non-static method Admin\Controller\ConfirmEmailController::think_send_mail() should not be called statically, assuming $this from incompatible context F:\WAMP\apache\htdocs\meeting\Application\Admin\Controller\RegisterController.class.php 第 28 行.

[ 2015-05-01T15:59:31+08:00 ] ::1 /meeting/index.php/Admin/Register/testRegister
INFO: [ app_init ] --START--
INFO: Run Behavior\BuildLiteBehavior [ RunTime:0.000023s ]
INFO: [ app_init ] --END-- [ RunTime:0.000507s ]
INFO: [ app_begin ] --START--
INFO: Run Behavior\ReadHtmlCacheBehavior [ RunTime:0.000775s ]
INFO: [ app_begin ] --END-- [ RunTime:0.000852s ]
INFO: [ view_parse ] --START--
INFO: [ template_filter ] --START--
INFO: Run Behavior\ContentReplaceBehavior [ RunTime:0.000041s ]
INFO: [ template_filter ] --END-- [ RunTime:0.000115s ]
INFO: Run Behavior\ParseTemplateBehavior [ RunTime:0.006126s ]
INFO: [ view_parse ] --END-- [ RunTime:0.006176s ]
INFO: [ view_filter ] --START--
INFO: Run Behavior\WriteHtmlCacheBehavior [ RunTime:0.000295s ]
INFO: [ view_filter ] --END-- [ RunTime:0.000331s ]
INFO: [ app_end ] --START--
INFO: Run Behavior\ShowPageTraceBehavior [ RunTime:0.000558s ]
INFO: [ app_end ] --END-- [ RunTime:0.000597s ]

[ 2015-05-01T15:59:46+08:00 ] ::1 /meeting/index.php/Admin/Register/index
INFO: [ app_init ] --START--
INFO: Run Behavior\BuildLiteBehavior [ RunTime:0.000022s ]
INFO: [ app_init ] --END-- [ RunTime:0.000502s ]
INFO: [ app_begin ] --START--
INFO: Run Behavior\ReadHtmlCacheBehavior [ RunTime:0.000932s ]
INFO: [ app_begin ] --END-- [ RunTime:0.001004s ]
NOTIC: [2048] Non-static method Admin\Controller\ConfirmEmailController::think_send_mail() should not be called statically, assuming $this from incompatible context F:\WAMP\apache\htdocs\meeting\Application\Admin\Controller\RegisterController.class.php 第 28 行.

[ 2015-05-01T16:06:43+08:00 ] ::1 /meeting/index.php/Admin/Register/index
INFO: [ app_init ] --START--
INFO: Run Behavior\BuildLiteBehavior [ RunTime:0.000014s ]
INFO: [ app_init ] --END-- [ RunTime:0.000320s ]
INFO: [ app_begin ] --START--
INFO: Run Behavior\ReadHtmlCacheBehavior [ RunTime:0.001109s ]
INFO: [ app_begin ] --END-- [ RunTime:0.001174s ]
NOTIC: [2048] Non-static method Admin\Controller\ConfirmEmailController::think_send_mail() should not be called statically, assuming $this from incompatible context F:\WAMP\apache\htdocs\meeting\Application\Admin\Controller\RegisterController.class.php 第 29 行.

[ 2015-05-01T16:08:05+08:00 ] ::1 /meeting/index.php/Admin/Register/index
INFO: [ app_init ] --START--
INFO: Run Behavior\BuildLiteBehavior [ RunTime:0.000017s ]
INFO: [ app_init ] --END-- [ RunTime:0.000536s ]
INFO: [ app_begin ] --START--
INFO: Run Behavior\ReadHtmlCacheBehavior [ RunTime:0.000567s ]
INFO: [ app_begin ] --END-- [ RunTime:0.000617s ]
NOTIC: [2048] Non-static method Admin\Controller\ConfirmEmailController::think_send_mail() should not be called statically, assuming $this from incompatible context F:\WAMP\apache\htdocs\meeting\Application\Admin\Controller\RegisterController.class.php 第 30 行.

[ 2015-05-01T16:10:05+08:00 ] ::1 /meeting/index.php/Admin/Register/index
INFO: [ app_init ] --START--
INFO: Run Behavior\BuildLiteBehavior [ RunTime:0.000015s ]
INFO: [ app_init ] --END-- [ RunTime:0.000332s ]
INFO: [ app_begin ] --START--
INFO: Run Behavior\ReadHtmlCacheBehavior [ RunTime:0.000590s ]
INFO: [ app_begin ] --END-- [ RunTime:0.000669s ]
NOTIC: [2048] Non-static method Admin\Controller\ConfirmEmailController::think_send_mail() should not be called statically, assuming $this from incompatible context F:\WAMP\apache\htdocs\meeting\Application\Admin\Controller\RegisterController.class.php 第 30 行.

[ 2015-05-01T16:10:26+08:00 ] ::1 /meeting/index.php/Admin/Register/index
INFO: [ app_init ] --START--
INFO: Run Behavior\BuildLiteBehavior [ RunTime:0.000014s ]
INFO: [ app_init ] --END-- [ RunTime:0.000319s ]
INFO: [ app_begin ] --START--
INFO: Run Behavior\ReadHtmlCacheBehavior [ RunTime:0.000550s ]
INFO: [ app_begin ] --END-- [ RunTime:0.000591s ]
NOTIC: [2048] Non-static method Admin\Controller\ConfirmEmailController::think_send_mail() should not be called statically, assuming $this from incompatible context F:\WAMP\apache\htdocs\meeting\Application\Admin\Controller\RegisterController.class.php 第 30 行.

[ 2015-05-01T16:12:04+08:00 ] ::1 /meeting/index.php/Admin/Register/index
INFO: [ app_init ] --START--
INFO: Run Behavior\BuildLiteBehavior [ RunTime:0.000022s ]
INFO: [ app_init ] --END-- [ RunTime:0.000477s ]
INFO: [ app_begin ] --START--
INFO: Run Behavior\ReadHtmlCacheBehavior [ RunTime:0.000871s ]
INFO: [ app_begin ] --END-- [ RunTime:0.000965s ]

[ 2015-05-01T16:12:09+08:00 ] ::1 /meeting/index.php/Admin/Register/index
INFO: [ app_init ] --START--
INFO: Run Behavior\BuildLiteBehavior [ RunTime:0.000016s ]
INFO: [ app_init ] --END-- [ RunTime:0.000334s ]
INFO: [ app_begin ] --START--
INFO: Run Behavior\ReadHtmlCacheBehavior [ RunTime:0.000501s ]
INFO: [ app_begin ] --END-- [ RunTime:0.000544s ]
NOTIC: [2048] Non-static method Admin\Controller\ConfirmEmailController::think_send_mail() should not be called statically, assuming $this from incompatible context F:\WAMP\apache\htdocs\meeting\Application\Admin\Controller\RegisterController.class.php 第 30 行.

[ 2015-05-01T16:22:37+08:00 ] ::1 /meeting/index.php/Admin/Register/index
INFO: [ app_init ] --START--
INFO: Run Behavior\BuildLiteBehavior [ RunTime:0.000015s ]
INFO: [ app_init ] --END-- [ RunTime:0.000367s ]
INFO: [ app_begin ] --START--
INFO: Run Behavior\ReadHtmlCacheBehavior [ RunTime:0.000602s ]
INFO: [ app_begin ] --END-- [ RunTime:0.000664s ]
NOTIC: [2048] Non-static method Admin\Controller\ConfirmEmailController::think_send_mail() should not be called statically, assuming $this from incompatible context F:\WAMP\apache\htdocs\meeting\Application\Admin\Controller\RegisterController.class.php 第 30 行.

[ 2015-05-01T16:22:47+08:00 ] ::1 /meeting/index.php/Admin/Register/confirm/email/9a7acf22ed8634f9e7e1ab2e03543daa/cdkey/2ed05ce89ac5d7fb73680ba938d32b6f
INFO: [ app_init ] --START--
INFO: Run Behavior\BuildLiteBehavior [ RunTime:0.000020s ]
INFO: [ app_init ] --END-- [ RunTime:0.000354s ]
INFO: [ app_begin ] --START--
INFO: Run Behavior\ReadHtmlCacheBehavior [ RunTime:0.000577s ]
INFO: [ app_begin ] --END-- [ RunTime:0.000634s ]
ERR: 非法操作:confirm

[ 2015-05-01T16:22:53+08:00 ] ::1 /meeting/index.php/Admin/Register/confirm/email/9a7acf22ed8634f9e7e1ab2e03543daa/cdkey/2ed05ce89ac5d7fb73680ba938d32b6f
INFO: [ app_init ] --START--
INFO: Run Behavior\BuildLiteBehavior [ RunTime:0.000016s ]
INFO: [ app_init ] --END-- [ RunTime:0.000325s ]
INFO: [ app_begin ] --START--
INFO: Run Behavior\ReadHtmlCacheBehavior [ RunTime:0.000741s ]
INFO: [ app_begin ] --END-- [ RunTime:0.000809s ]
ERR: 非法操作:confirm

[ 2015-05-01T17:08:17+08:00 ] ::1 /meeting/index.php/Admin/Register/confirm/email/9a7acf22ed8634f9e7e1ab2e03543daa/cdkey/2ed05ce89ac5d7fb73680ba938d32b6f
INFO: [ app_init ] --START--
INFO: Run Behavior\BuildLiteBehavior [ RunTime:0.000016s ]
INFO: [ app_init ] --END-- [ RunTime:0.000371s ]
INFO: [ app_begin ] --START--
INFO: Run Behavior\ReadHtmlCacheBehavior [ RunTime:0.000521s ]
INFO: [ app_begin ] --END-- [ RunTime:0.000565s ]
INFO: [ app_end ] --START--
INFO: Run Behavior\ShowPageTraceBehavior [ RunTime:0.000543s ]
INFO: [ app_end ] --END-- [ RunTime:0.000585s ]

[ 2015-05-01T17:08:36+08:00 ] ::1 /meeting/index.php/Admin/Register/index
INFO: [ app_init ] --START--
INFO: Run Behavior\BuildLiteBehavior [ RunTime:0.000022s ]
INFO: [ app_init ] --END-- [ RunTime:0.000491s ]
INFO: [ app_begin ] --START--
INFO: Run Behavior\ReadHtmlCacheBehavior [ RunTime:0.000854s ]
INFO: [ app_begin ] --END-- [ RunTime:0.000926s ]
SQL: SHOW COLUMNS FROM `tp_user` [ RunTime:0.0116s ]
NOTIC: [8] Undefined variable: data F:\WAMP\apache\htdocs\meeting\Application\Admin\Controller\RegisterController.class.php 第 27 行.
NOTIC: [2] Missing argument 2 for Admin\Model\UserModel::addUser(), called in F:\WAMP\apache\htdocs\meeting\Application\Admin\Controller\RegisterController.class.php on line 27 and defined F:\WAMP\apache\htdocs\meeting\Application\Admin\Model\UserModel.class.php 第 7 行.
NOTIC: [2] Missing argument 3 for Admin\Model\UserModel::addUser(), called in F:\WAMP\apache\htdocs\meeting\Application\Admin\Controller\RegisterController.class.php on line 27 and defined F:\WAMP\apache\htdocs\meeting\Application\Admin\Model\UserModel.class.php 第 7 行.
NOTIC: [2] Missing argument 4 for Admin\Model\UserModel::addUser(), called in F:\WAMP\apache\htdocs\meeting\Application\Admin\Controller\RegisterController.class.php on line 27 and defined F:\WAMP\apache\htdocs\meeting\Application\Admin\Model\UserModel.class.php 第 7 行.
NOTIC: [2] Missing argument 5 for Admin\Model\UserModel::addUser(), called in F:\WAMP\apache\htdocs\meeting\Application\Admin\Controller\RegisterController.class.php on line 27 and defined F:\WAMP\apache\htdocs\meeting\Application\Admin\Model\UserModel.class.php 第 7 行.
NOTIC: [2] Missing argument 6 for Admin\Model\UserModel::addUser(), called in F:\WAMP\apache\htdocs\meeting\Application\Admin\Controller\RegisterController.class.php on line 27 and defined F:\WAMP\apache\htdocs\meeting\Application\Admin\Model\UserModel.class.php 第 7 行.
NOTIC: [8] Undefined variable: email F:\WAMP\apache\htdocs\meeting\Application\Admin\Model\UserModel.class.php 第 10 行.
NOTIC: [8] Undefined variable: password F:\WAMP\apache\htdocs\meeting\Application\Admin\Model\UserModel.class.php 第 11 行.
NOTIC: [8] Undefined variable: power F:\WAMP\apache\htdocs\meeting\Application\Admin\Model\UserModel.class.php 第 12 行.
NOTIC: [8] Undefined variable: cdkey F:\WAMP\apache\htdocs\meeting\Application\Admin\Model\UserModel.class.php 第 13 行.
NOTIC: [8] Undefined variable: cdkeyTime F:\WAMP\apache\htdocs\meeting\Application\Admin\Model\UserModel.class.php 第 15 行.
ERR: SQLSTATE[HY000]: General error: 1364 Field 'name' doesn't have a default value

[ 2015-05-01T17:09:01+08:00 ] ::1 /meeting/index.php/Admin/Register/index
INFO: [ app_init ] --START--
INFO: Run Behavior\BuildLiteBehavior [ RunTime:0.000013s ]
INFO: [ app_init ] --END-- [ RunTime:0.000318s ]
INFO: [ app_begin ] --START--
INFO: Run Behavior\ReadHtmlCacheBehavior [ RunTime:0.000570s ]
INFO: [ app_begin ] --END-- [ RunTime:0.000611s ]
SQL: SHOW COLUMNS FROM `tp_user` [ RunTime:0.0071s ]
NOTIC: [8] Undefined variable: data F:\WAMP\apache\htdocs\meeting\Application\Admin\Controller\RegisterController.class.php 第 27 行.
NOTIC: [2] Missing argument 2 for Admin\Model\UserModel::addUser(), called in F:\WAMP\apache\htdocs\meeting\Application\Admin\Controller\RegisterController.class.php on line 27 and defined F:\WAMP\apache\htdocs\meeting\Application\Admin\Model\UserModel.class.php 第 7 行.
NOTIC: [2] Missing argument 3 for Admin\Model\UserModel::addUser(), called in F:\WAMP\apache\htdocs\meeting\Application\Admin\Controller\RegisterController.class.php on line 27 and defined F:\WAMP\apache\htdocs\meeting\Application\Admin\Model\UserModel.class.php 第 7 行.
NOTIC: [2] Missing argument 4 for Admin\Model\UserModel::addUser(), called in F:\WAMP\apache\htdocs\meeting\Application\Admin\Controller\RegisterController.class.php on line 27 and defined F:\WAMP\apache\htdocs\meeting\Application\Admin\Model\UserModel.class.php 第 7 行.
NOTIC: [2] Missing argument 5 for Admin\Model\UserModel::addUser(), called in F:\WAMP\apache\htdocs\meeting\Application\Admin\Controller\RegisterController.class.php on line 27 and defined F:\WAMP\apache\htdocs\meeting\Application\Admin\Model\UserModel.class.php 第 7 行.
NOTIC: [2] Missing argument 6 for Admin\Model\UserModel::addUser(), called in F:\WAMP\apache\htdocs\meeting\Application\Admin\Controller\RegisterController.class.php on line 27 and defined F:\WAMP\apache\htdocs\meeting\Application\Admin\Model\UserModel.class.php 第 7 行.
NOTIC: [8] Undefined variable: email F:\WAMP\apache\htdocs\meeting\Application\Admin\Model\UserModel.class.php 第 10 行.
NOTIC: [8] Undefined variable: password F:\WAMP\apache\htdocs\meeting\Application\Admin\Model\UserModel.class.php 第 11 行.
NOTIC: [8] Undefined variable: power F:\WAMP\apache\htdocs\meeting\Application\Admin\Model\UserModel.class.php 第 12 行.
NOTIC: [8] Undefined variable: cdkey F:\WAMP\apache\htdocs\meeting\Application\Admin\Model\UserModel.class.php 第 13 行.
NOTIC: [8] Undefined variable: cdkeyTime F:\WAMP\apache\htdocs\meeting\Application\Admin\Model\UserModel.class.php 第 15 行.
ERR: SQLSTATE[HY000]: General error: 1364 Field 'name' doesn't have a default value

[ 2015-05-01T17:09:07+08:00 ] ::1 /meeting/index.php/Admin/Register/index
INFO: [ app_init ] --START--
INFO: Run Behavior\BuildLiteBehavior [ RunTime:0.000016s ]
INFO: [ app_init ] --END-- [ RunTime:0.000376s ]
INFO: [ app_begin ] --START--
INFO: Run Behavior\ReadHtmlCacheBehavior [ RunTime:0.000649s ]
INFO: [ app_begin ] --END-- [ RunTime:0.000708s ]

[ 2015-05-01T17:10:16+08:00 ] ::1 /meeting/index.php/Admin/Register/testRegister
INFO: [ app_init ] --START--
INFO: Run Behavior\BuildLiteBehavior [ RunTime:0.000016s ]
INFO: [ app_init ] --END-- [ RunTime:0.000371s ]
INFO: [ app_begin ] --START--
INFO: Run Behavior\ReadHtmlCacheBehavior [ RunTime:0.000615s ]
INFO: [ app_begin ] --END-- [ RunTime:0.000664s ]
INFO: [ view_parse ] --START--
INFO: [ template_filter ] --START--
INFO: Run Behavior\ContentReplaceBehavior [ RunTime:0.000038s ]
INFO: [ template_filter ] --END-- [ RunTime:0.000102s ]
INFO: Run Behavior\ParseTemplateBehavior [ RunTime:0.006297s ]
INFO: [ view_parse ] --END-- [ RunTime:0.006361s ]
INFO: [ view_filter ] --START--
INFO: Run Behavior\WriteHtmlCacheBehavior [ RunTime:0.000375s ]
INFO: [ view_filter ] --END-- [ RunTime:0.000416s ]
INFO: [ app_end ] --START--
INFO: Run Behavior\ShowPageTraceBehavior [ RunTime:0.000639s ]
INFO: [ app_end ] --END-- [ RunTime:0.000682s ]

[ 2015-05-01T17:10:33+08:00 ] ::1 /meeting/index.php/Admin/Register/index
INFO: [ app_init ] --START--
INFO: Run Behavior\BuildLiteBehavior [ RunTime:0.000015s ]
INFO: [ app_init ] --END-- [ RunTime:0.000385s ]
INFO: [ app_begin ] --START--
INFO: Run Behavior\ReadHtmlCacheBehavior [ RunTime:0.000567s ]
INFO: [ app_begin ] --END-- [ RunTime:0.000610s ]
SQL: SHOW COLUMNS FROM `tp_user` [ RunTime:0.0077s ]
NOTIC: [8] Undefined variable: data F:\WAMP\apache\htdocs\meeting\Application\Admin\Controller\RegisterController.class.php 第 27 行.
NOTIC: [2] Missing argument 2 for Admin\Model\UserModel::addUser(), called in F:\WAMP\apache\htdocs\meeting\Application\Admin\Controller\RegisterController.class.php on line 27 and defined F:\WAMP\apache\htdocs\meeting\Application\Admin\Model\UserModel.class.php 第 7 行.
NOTIC: [2] Missing argument 3 for Admin\Model\UserModel::addUser(), called in F:\WAMP\apache\htdocs\meeting\Application\Admin\Controller\RegisterController.class.php on line 27 and defined F:\WAMP\apache\htdocs\meeting\Application\Admin\Model\UserModel.class.php 第 7 行.
NOTIC: [2] Missing argument 4 for Admin\Model\UserModel::addUser(), called in F:\WAMP\apache\htdocs\meeting\Application\Admin\Controller\RegisterController.class.php on line 27 and defined F:\WAMP\apache\htdocs\meeting\Application\Admin\Model\UserModel.class.php 第 7 行.
NOTIC: [2] Missing argument 5 for Admin\Model\UserModel::addUser(), called in F:\WAMP\apache\htdocs\meeting\Application\Admin\Controller\RegisterController.class.php on line 27 and defined F:\WAMP\apache\htdocs\meeting\Application\Admin\Model\UserModel.class.php 第 7 行.
NOTIC: [2] Missing argument 6 for Admin\Model\UserModel::addUser(), called in F:\WAMP\apache\htdocs\meeting\Application\Admin\Controller\RegisterController.class.php on line 27 and defined F:\WAMP\apache\htdocs\meeting\Application\Admin\Model\UserModel.class.php 第 7 行.
NOTIC: [8] Undefined variable: email F:\WAMP\apache\htdocs\meeting\Application\Admin\Model\UserModel.class.php 第 10 行.
NOTIC: [8] Undefined variable: password F:\WAMP\apache\htdocs\meeting\Application\Admin\Model\UserModel.class.php 第 11 行.
NOTIC: [8] Undefined variable: power F:\WAMP\apache\htdocs\meeting\Application\Admin\Model\UserModel.class.php 第 12 行.
NOTIC: [8] Undefined variable: cdkey F:\WAMP\apache\htdocs\meeting\Application\Admin\Model\UserModel.class.php 第 13 行.
NOTIC: [8] Undefined variable: cdkeyTime F:\WAMP\apache\htdocs\meeting\Application\Admin\Model\UserModel.class.php 第 15 行.
ERR: SQLSTATE[HY000]: General error: 1364 Field 'name' doesn't have a default value

[ 2015-05-01T17:12:33+08:00 ] ::1 /meeting/index.php/Admin/Register/index
INFO: [ app_init ] --START--
INFO: Run Behavior\BuildLiteBehavior [ RunTime:0.000014s ]
INFO: [ app_init ] --END-- [ RunTime:0.000328s ]
INFO: [ app_begin ] --START--
INFO: Run Behavior\ReadHtmlCacheBehavior [ RunTime:0.000597s ]
INFO: [ app_begin ] --END-- [ RunTime:0.000643s ]

[ 2015-05-01T17:12:34+08:00 ] ::1 /meeting/index.php/Admin/Register/index
INFO: [ app_init ] --START--
INFO: Run Behavior\BuildLiteBehavior [ RunTime:0.000017s ]
INFO: [ app_init ] --END-- [ RunTime:0.000416s ]
INFO: [ app_begin ] --START--
INFO: Run Behavior\ReadHtmlCacheBehavior [ RunTime:0.000630s ]
INFO: [ app_begin ] --END-- [ RunTime:0.000682s ]

[ 2015-05-01T17:12:34+08:00 ] ::1 /meeting/index.php/Admin/Register/index
INFO: [ app_init ] --START--
INFO: Run Behavior\BuildLiteBehavior [ RunTime:0.000013s ]
INFO: [ app_init ] --END-- [ RunTime:0.000341s ]
INFO: [ app_begin ] --START--
INFO: Run Behavior\ReadHtmlCacheBehavior [ RunTime:0.000551s ]
INFO: [ app_begin ] --END-- [ RunTime:0.000594s ]

[ 2015-05-01T17:12:34+08:00 ] ::1 /meeting/index.php/Admin/Register/index
INFO: [ app_init ] --START--
INFO: Run Behavior\BuildLiteBehavior [ RunTime:0.000014s ]
INFO: [ app_init ] --END-- [ RunTime:0.000309s ]
INFO: [ app_begin ] --START--
INFO: Run Behavior\ReadHtmlCacheBehavior [ RunTime:0.000580s ]
INFO: [ app_begin ] --END-- [ RunTime:0.000623s ]

[ 2015-05-01T17:12:35+08:00 ] ::1 /meeting/index.php/Admin/Register/index
INFO: [ app_init ] --START--
INFO: Run Behavior\BuildLiteBehavior [ RunTime:0.000021s ]
INFO: [ app_init ] --END-- [ RunTime:0.000520s ]
INFO: [ app_begin ] --START--
INFO: Run Behavior\ReadHtmlCacheBehavior [ RunTime:0.000985s ]
INFO: [ app_begin ] --END-- [ RunTime:0.001063s ]

[ 2015-05-01T17:12:35+08:00 ] ::1 /meeting/index.php/Admin/Register/index
INFO: [ app_init ] --START--
INFO: Run Behavior\BuildLiteBehavior [ RunTime:0.000015s ]
INFO: [ app_init ] --END-- [ RunTime:0.000330s ]
INFO: [ app_begin ] --START--
INFO: Run Behavior\ReadHtmlCacheBehavior [ RunTime:0.000625s ]
INFO: [ app_begin ] --END-- [ RunTime:0.000675s ]

[ 2015-05-01T17:12:35+08:00 ] ::1 /meeting/index.php/Admin/Register/index
INFO: [ app_init ] --START--
INFO: Run Behavior\BuildLiteBehavior [ RunTime:0.000041s ]
INFO: [ app_init ] --END-- [ RunTime:0.000575s ]
INFO: [ app_begin ] --START--
INFO: Run Behavior\ReadHtmlCacheBehavior [ RunTime:0.000991s ]
INFO: [ app_begin ] --END-- [ RunTime:0.001042s ]

[ 2015-05-01T17:12:36+08:00 ] ::1 /meeting/index.php/Admin/Register/index
INFO: [ app_init ] --START--
INFO: Run Behavior\BuildLiteBehavior [ RunTime:0.000020s ]
INFO: [ app_init ] --END-- [ RunTime:0.000600s ]
INFO: [ app_begin ] --START--
INFO: Run Behavior\ReadHtmlCacheBehavior [ RunTime:0.000653s ]
INFO: [ app_begin ] --END-- [ RunTime:0.000711s ]

[ 2015-05-01T17:12:36+08:00 ] ::1 /meeting/index.php/Admin/Register/index
INFO: [ app_init ] --START--
INFO: Run Behavior\BuildLiteBehavior [ RunTime:0.000027s ]
INFO: [ app_init ] --END-- [ RunTime:0.000627s ]
INFO: [ app_begin ] --START--
INFO: Run Behavior\ReadHtmlCacheBehavior [ RunTime:0.001105s ]
INFO: [ app_begin ] --END-- [ RunTime:0.001188s ]

[ 2015-05-01T17:12:46+08:00 ] ::1 /meeting/index.php/Admin/Register/index
INFO: [ app_init ] --START--
INFO: Run Behavior\BuildLiteBehavior [ RunTime:0.000015s ]
INFO: [ app_init ] --END-- [ RunTime:0.000334s ]
INFO: [ app_begin ] --START--
INFO: Run Behavior\ReadHtmlCacheBehavior [ RunTime:0.000869s ]
INFO: [ app_begin ] --END-- [ RunTime:0.000923s ]

[ 2015-05-01T17:13:07+08:00 ] ::1 /meeting/index.php/Admin/Register/index
INFO: [ app_init ] --START--
INFO: Run Behavior\BuildLiteBehavior [ RunTime:0.000017s ]
INFO: [ app_init ] --END-- [ RunTime:0.000360s ]
INFO: [ app_begin ] --START--
INFO: Run Behavior\ReadHtmlCacheBehavior [ RunTime:0.001166s ]
INFO: [ app_begin ] --END-- [ RunTime:0.001416s ]

[ 2015-05-01T17:13:11+08:00 ] ::1 /meeting/index.php/Admin/Register/index
INFO: [ app_init ] --START--
INFO: Run Behavior\BuildLiteBehavior [ RunTime:0.000025s ]
INFO: [ app_init ] --END-- [ RunTime:0.000699s ]
INFO: [ app_begin ] --START--
INFO: Run Behavior\ReadHtmlCacheBehavior [ RunTime:0.000982s ]
INFO: [ app_begin ] --END-- [ RunTime:0.001068s ]

[ 2015-05-01T17:13:47+08:00 ] ::1 /meeting/index.php/Admin/Register/index
INFO: [ app_init ] --START--
INFO: Run Behavior\BuildLiteBehavior [ RunTime:0.000015s ]
INFO: [ app_init ] --END-- [ RunTime:0.000335s ]
INFO: [ app_begin ] --START--
INFO: Run Behavior\ReadHtmlCacheBehavior [ RunTime:0.000604s ]
INFO: [ app_begin ] --END-- [ RunTime:0.000651s ]

[ 2015-05-01T17:14:12+08:00 ] ::1 /meeting/index.php/Admin/Register/index
INFO: [ app_init ] --START--
INFO: Run Behavior\BuildLiteBehavior [ RunTime:0.000021s ]
INFO: [ app_init ] --END-- [ RunTime:0.000523s ]
INFO: [ app_begin ] --START--
INFO: Run Behavior\ReadHtmlCacheBehavior [ RunTime:0.000950s ]
INFO: [ app_begin ] --END-- [ RunTime:0.001021s ]
SQL: SHOW COLUMNS FROM `tp_user` [ RunTime:0.0065s ]
NOTIC: [8] Undefined variable: data F:\WAMP\apache\htdocs\meeting\Application\Admin\Controller\RegisterController.class.php 第 27 行.
NOTIC: [2] Missing argument 2 for Admin\Model\UserModel::addUser(), called in F:\WAMP\apache\htdocs\meeting\Application\Admin\Controller\RegisterController.class.php on line 27 and defined F:\WAMP\apache\htdocs\meeting\Application\Admin\Model\UserModel.class.php 第 7 行.
NOTIC: [2] Missing argument 3 for Admin\Model\UserModel::addUser(), called in F:\WAMP\apache\htdocs\meeting\Application\Admin\Controller\RegisterController.class.php on line 27 and defined F:\WAMP\apache\htdocs\meeting\Application\Admin\Model\UserModel.class.php 第 7 行.
NOTIC: [2] Missing argument 4 for Admin\Model\UserModel::addUser(), called in F:\WAMP\apache\htdocs\meeting\Application\Admin\Controller\RegisterController.class.php on line 27 and defined F:\WAMP\apache\htdocs\meeting\Application\Admin\Model\UserModel.class.php 第 7 行.
NOTIC: [2] Missing argument 5 for Admin\Model\UserModel::addUser(), called in F:\WAMP\apache\htdocs\meeting\Application\Admin\Controller\RegisterController.class.php on line 27 and defined F:\WAMP\apache\htdocs\meeting\Application\Admin\Model\UserModel.class.php 第 7 行.
NOTIC: [2] Missing argument 6 for Admin\Model\UserModel::addUser(), called in F:\WAMP\apache\htdocs\meeting\Application\Admin\Controller\RegisterController.class.php on line 27 and defined F:\WAMP\apache\htdocs\meeting\Application\Admin\Model\UserModel.class.php 第 7 行.
NOTIC: [8] Undefined variable: email F:\WAMP\apache\htdocs\meeting\Application\Admin\Model\UserModel.class.php 第 10 行.
NOTIC: [8] Undefined variable: password F:\WAMP\apache\htdocs\meeting\Application\Admin\Model\UserModel.class.php 第 11 行.
NOTIC: [8] Undefined variable: power F:\WAMP\apache\htdocs\meeting\Application\Admin\Model\UserModel.class.php 第 12 行.
NOTIC: [8] Undefined variable: cdkey F:\WAMP\apache\htdocs\meeting\Application\Admin\Model\UserModel.class.php 第 13 行.
NOTIC: [8] Undefined variable: cdkeyTime F:\WAMP\apache\htdocs\meeting\Application\Admin\Model\UserModel.class.php 第 15 行.
ERR: SQLSTATE[HY000]: General error: 1364 Field 'name' doesn't have a default value

[ 2015-05-01T17:18:28+08:00 ] ::1 /meeting/index.php/Admin/Register/testRegister
INFO: [ app_init ] --START--
INFO: Run Behavior\BuildLiteBehavior [ RunTime:0.000015s ]
INFO: [ app_init ] --END-- [ RunTime:0.000320s ]
INFO: [ app_begin ] --START--
INFO: Run Behavior\ReadHtmlCacheBehavior [ RunTime:0.000569s ]
INFO: [ app_begin ] --END-- [ RunTime:0.000620s ]
INFO: [ view_parse ] --START--
INFO: [ template_filter ] --START--
INFO: Run Behavior\ContentReplaceBehavior [ RunTime:0.000037s ]
INFO: [ template_filter ] --END-- [ RunTime:0.000084s ]
INFO: Run Behavior\ParseTemplateBehavior [ RunTime:0.005262s ]
INFO: [ view_parse ] --END-- [ RunTime:0.005309s ]
INFO: [ view_filter ] --START--
INFO: Run Behavior\WriteHtmlCacheBehavior [ RunTime:0.000296s ]
INFO: [ view_filter ] --END-- [ RunTime:0.000335s ]
INFO: [ app_end ] --START--
INFO: Run Behavior\ShowPageTraceBehavior [ RunTime:0.000544s ]
INFO: [ app_end ] --END-- [ RunTime:0.000585s ]

[ 2015-05-01T17:18:42+08:00 ] ::1 /meeting/index.php/Admin/Register/index
INFO: [ app_init ] --START--
INFO: Run Behavior\BuildLiteBehavior [ RunTime:0.000015s ]
INFO: [ app_init ] --END-- [ RunTime:0.000318s ]
INFO: [ app_begin ] --START--
INFO: Run Behavior\ReadHtmlCacheBehavior [ RunTime:0.000581s ]
INFO: [ app_begin ] --END-- [ RunTime:0.000621s ]
SQL: SHOW COLUMNS FROM `tp_user` [ RunTime:0.0062s ]
NOTIC: [8] Undefined variable: data F:\WAMP\apache\htdocs\meeting\Application\Admin\Controller\RegisterController.class.php 第 27 行.
NOTIC: [2] Missing argument 2 for Admin\Model\UserModel::addUser(), called in F:\WAMP\apache\htdocs\meeting\Application\Admin\Controller\RegisterController.class.php on line 27 and defined F:\WAMP\apache\htdocs\meeting\Application\Admin\Model\UserModel.class.php 第 7 行.
NOTIC: [2] Missing argument 3 for Admin\Model\UserModel::addUser(), called in F:\WAMP\apache\htdocs\meeting\Application\Admin\Controller\RegisterController.class.php on line 27 and defined F:\WAMP\apache\htdocs\meeting\Application\Admin\Model\UserModel.class.php 第 7 行.
NOTIC: [2] Missing argument 4 for Admin\Model\UserModel::addUser(), called in F:\WAMP\apache\htdocs\meeting\Application\Admin\Controller\RegisterController.class.php on line 27 and defined F:\WAMP\apache\htdocs\meeting\Application\Admin\Model\UserModel.class.php 第 7 行.
NOTIC: [2] Missing argument 5 for Admin\Model\UserModel::addUser(), called in F:\WAMP\apache\htdocs\meeting\Application\Admin\Controller\RegisterController.class.php on line 27 and defined F:\WAMP\apache\htdocs\meeting\Application\Admin\Model\UserModel.class.php 第 7 行.
NOTIC: [2] Missing argument 6 for Admin\Model\UserModel::addUser(), called in F:\WAMP\apache\htdocs\meeting\Application\Admin\Controller\RegisterController.class.php on line 27 and defined F:\WAMP\apache\htdocs\meeting\Application\Admin\Model\UserModel.class.php 第 7 行.
NOTIC: [8] Undefined variable: email F:\WAMP\apache\htdocs\meeting\Application\Admin\Model\UserModel.class.php 第 10 行.
NOTIC: [8] Undefined variable: password F:\WAMP\apache\htdocs\meeting\Application\Admin\Model\UserModel.class.php 第 11 行.
NOTIC: [8] Undefined variable: power F:\WAMP\apache\htdocs\meeting\Application\Admin\Model\UserModel.class.php 第 12 行.
NOTIC: [8] Undefined variable: cdkey F:\WAMP\apache\htdocs\meeting\Application\Admin\Model\UserModel.class.php 第 13 行.
NOTIC: [8] Undefined variable: cdkeyTime F:\WAMP\apache\htdocs\meeting\Application\Admin\Model\UserModel.class.php 第 15 行.
ERR: SQLSTATE[HY000]: General error: 1364 Field 'name' doesn't have a default value

[ 2015-05-01T17:19:24+08:00 ] ::1 /meeting/index.php/Admin/Register/index
INFO: [ app_init ] --START--
INFO: Run Behavior\BuildLiteBehavior [ RunTime:0.000016s ]
INFO: [ app_init ] --END-- [ RunTime:0.000347s ]
INFO: [ app_begin ] --START--
INFO: Run Behavior\ReadHtmlCacheBehavior [ RunTime:0.000612s ]
INFO: [ app_begin ] --END-- [ RunTime:0.000655s ]
SQL: SHOW COLUMNS FROM `tp_user` [ RunTime:0.0024s ]
NOTIC: [8] Undefined variable: data F:\WAMP\apache\htdocs\meeting\Application\Admin\Controller\RegisterController.class.php 第 27 行.
NOTIC: [2] Missing argument 2 for Admin\Model\UserModel::addUser(), called in F:\WAMP\apache\htdocs\meeting\Application\Admin\Controller\RegisterController.class.php on line 27 and defined F:\WAMP\apache\htdocs\meeting\Application\Admin\Model\UserModel.class.php 第 7 行.
NOTIC: [2] Missing argument 3 for Admin\Model\UserModel::addUser(), called in F:\WAMP\apache\htdocs\meeting\Application\Admin\Controller\RegisterController.class.php on line 27 and defined F:\WAMP\apache\htdocs\meeting\Application\Admin\Model\UserModel.class.php 第 7 行.
NOTIC: [2] Missing argument 4 for Admin\Model\UserModel::addUser(), called in F:\WAMP\apache\htdocs\meeting\Application\Admin\Controller\RegisterController.class.php on line 27 and defined F:\WAMP\apache\htdocs\meeting\Application\Admin\Model\UserModel.class.php 第 7 行.
NOTIC: [2] Missing argument 5 for Admin\Model\UserModel::addUser(), called in F:\WAMP\apache\htdocs\meeting\Application\Admin\Controller\RegisterController.class.php on line 27 and defined F:\WAMP\apache\htdocs\meeting\Application\Admin\Model\UserModel.class.php 第 7 行.
NOTIC: [2] Missing argument 6 for Admin\Model\UserModel::addUser(), called in F:\WAMP\apache\htdocs\meeting\Application\Admin\Controller\RegisterController.class.php on line 27 and defined F:\WAMP\apache\htdocs\meeting\Application\Admin\Model\UserModel.class.php 第 7 行.
NOTIC: [8] Undefined variable: email F:\WAMP\apache\htdocs\meeting\Application\Admin\Model\UserModel.class.php 第 10 行.
NOTIC: [8] Undefined variable: password F:\WAMP\apache\htdocs\meeting\Application\Admin\Model\UserModel.class.php 第 11 行.
NOTIC: [8] Undefined variable: power F:\WAMP\apache\htdocs\meeting\Application\Admin\Model\UserModel.class.php 第 12 行.
NOTIC: [8] Undefined variable: cdkey F:\WAMP\apache\htdocs\meeting\Application\Admin\Model\UserModel.class.php 第 13 行.
NOTIC: [8] Undefined variable: cdkeyTime F:\WAMP\apache\htdocs\meeting\Application\Admin\Model\UserModel.class.php 第 15 行.
ERR: SQLSTATE[HY000]: General error: 1364 Field 'name' doesn't have a default value

[ 2015-05-01T17:20:49+08:00 ] ::1 /meeting/index.php/Admin/Register/index
INFO: [ app_init ] --START--
INFO: Run Behavior\BuildLiteBehavior [ RunTime:0.000014s ]
INFO: [ app_init ] --END-- [ RunTime:0.000322s ]
INFO: [ app_begin ] --START--
INFO: Run Behavior\ReadHtmlCacheBehavior [ RunTime:0.000637s ]
INFO: [ app_begin ] --END-- [ RunTime:0.000679s ]
SQL: SHOW COLUMNS FROM `tp_user` [ RunTime:0.0037s ]
ERR: SQLSTATE[HY000]: General error: 1364 Field 'phone' doesn't have a default value

[ 2015-05-01T17:21:26+08:00 ] ::1 /meeting/index.php/Admin/Register/index
INFO: [ app_init ] --START--
INFO: Run Behavior\BuildLiteBehavior [ RunTime:0.000015s ]
INFO: [ app_init ] --END-- [ RunTime:0.000338s ]
INFO: [ app_begin ] --START--
INFO: Run Behavior\ReadHtmlCacheBehavior [ RunTime:0.000613s ]
INFO: [ app_begin ] --END-- [ RunTime:0.000658s ]
SQL: SHOW COLUMNS FROM `tp_user` [ RunTime:0.0024s ]
ERR: SQLSTATE[HY000]: General error: 1364 Field 'phone' doesn't have a default value

[ 2015-05-01T17:21:47+08:00 ] ::1 /meeting/index.php/Admin/Register/index
INFO: [ app_init ] --START--
INFO: Run Behavior\BuildLiteBehavior [ RunTime:0.000013s ]
INFO: [ app_init ] --END-- [ RunTime:0.000317s ]
INFO: [ app_begin ] --START--
INFO: Run Behavior\ReadHtmlCacheBehavior [ RunTime:0.000592s ]
INFO: [ app_begin ] --END-- [ RunTime:0.000633s ]
SQL: SHOW COLUMNS FROM `tp_user` [ RunTime:0.0025s ]
ERR: SQLSTATE[HY000]: General error: 1364 Field 'phone' doesn't have a default value

[ 2015-05-01T17:23:36+08:00 ] ::1 /meeting/index.php/Admin/Register/index
INFO: [ app_init ] --START--
INFO: Run Behavior\BuildLiteBehavior [ RunTime:0.000014s ]
INFO: [ app_init ] --END-- [ RunTime:0.000346s ]
INFO: [ app_begin ] --START--
INFO: Run Behavior\ReadHtmlCacheBehavior [ RunTime:0.000576s ]
INFO: [ app_begin ] --END-- [ RunTime:0.000627s ]
SQL: SHOW COLUMNS FROM `tp_user` [ RunTime:0.0080s ]
ERR: SQLSTATE[HY000]: General error: 1364 Field 'phone' doesn't have a default value

[ 2015-05-01T17:26:11+08:00 ] ::1 /meeting/index.php/Admin/Register/index
INFO: [ app_init ] --START--
INFO: Run Behavior\BuildLiteBehavior [ RunTime:0.000013s ]
INFO: [ app_init ] --END-- [ RunTime:0.000314s ]
INFO: [ app_begin ] --START--
INFO: Run Behavior\ReadHtmlCacheBehavior [ RunTime:0.000603s ]
INFO: [ app_begin ] --END-- [ RunTime:0.000646s ]
SQL: SHOW COLUMNS FROM `tp_user` [ RunTime:0.0107s ]
SQL: INSERT INTO `tp_user` (`name`,`email`,`password`,`power`,`cdkey`,`cdkey_time`) VALUES ('Caspar','630248976@qq.com','Caspar1995.','4','d4ff87322ab7ad2974f66c353d7f41f4','2015-05-08 17:26:09') [ RunTime:0.0008s ]
NOTIC: [2048] Non-static method Admin\Controller\ConfirmEmailController::think_send_mail() should not be called statically, assuming $this from incompatible context F:\WAMP\apache\htdocs\meeting\Application\Admin\Controller\RegisterController.class.php 第 46 行.

[ 2015-05-01T17:26:22+08:00 ] ::1 /meeting/index.php/Admin/Register/confirm/email/9a7acf22ed8634f9e7e1ab2e03543daa/cdkey/d4ff87322ab7ad2974f66c353d7f41f4
INFO: [ app_init ] --START--
INFO: Run Behavior\BuildLiteBehavior [ RunTime:0.000015s ]
INFO: [ app_init ] --END-- [ RunTime:0.000337s ]
INFO: [ app_begin ] --START--
INFO: Run Behavior\ReadHtmlCacheBehavior [ RunTime:0.000921s ]
INFO: [ app_begin ] --END-- [ RunTime:0.001000s ]
INFO: [ app_end ] --START--
INFO: Run Behavior\ShowPageTraceBehavior [ RunTime:0.000778s ]
INFO: [ app_end ] --END-- [ RunTime:0.000838s ]

[ 2015-05-01T18:09:10+08:00 ] ::1 /meeting/index.php/Admin/Register/confirm/email/9a7acf22ed8634f9e7e1ab2e03543daa/cdkey/d4ff87322ab7ad2974f66c353d7f41f4
INFO: [ app_init ] --START--
INFO: Run Behavior\BuildLiteBehavior [ RunTime:0.000014s ]
INFO: [ app_init ] --END-- [ RunTime:0.000317s ]
INFO: [ app_begin ] --START--
INFO: Run Behavior\ReadHtmlCacheBehavior [ RunTime:0.000755s ]
INFO: [ app_begin ] --END-- [ RunTime:0.000819s ]
ERR: 参数错误或者未定义:id

[ 2015-05-01T18:09:31+08:00 ] ::1 /meeting/index.php/Admin/Register/confirm/id/1/email/9a7acf22ed8634f9e7e1ab2e03543daa/cdkey/d4ff87322ab7ad2974f66c353d7f41f4
INFO: [ app_init ] --START--
INFO: Run Behavior\BuildLiteBehavior [ RunTime:0.000015s ]
INFO: [ app_init ] --END-- [ RunTime:0.000362s ]
INFO: [ app_begin ] --START--
INFO: Run Behavior\ReadHtmlCacheBehavior [ RunTime:0.000614s ]
INFO: [ app_begin ] --END-- [ RunTime:0.000680s ]

[ 2015-05-01T18:09:47+08:00 ] ::1 /meeting/index.php/Admin/Register/confirm/id/1/email/9a7acf22ed8634f9e7e1ab2e03543daa/cdkey/d4ff87322ab7ad2974f66c353d7f41f4
INFO: [ app_init ] --START--
INFO: Run Behavior\BuildLiteBehavior [ RunTime:0.000014s ]
INFO: [ app_init ] --END-- [ RunTime:0.000321s ]
INFO: [ app_begin ] --START--
INFO: Run Behavior\ReadHtmlCacheBehavior [ RunTime:0.000512s ]
INFO: [ app_begin ] --END-- [ RunTime:0.000579s ]
SQL: SHOW COLUMNS FROM `tp_user` [ RunTime:0.0043s ]
SQL: SELECT * FROM `tp_user` WHERE `id` = 1 LIMIT 1   [ RunTime:0.0004s ]
SQL: UPDATE `tp_user` SET `use`='1' WHERE `id` = 1 [ RunTime:0.0003s ]

[ 2015-05-01T18:12:28+08:00 ] ::1 /meeting/index.php/Admin/Register/confirm/id/1/email/9a7acf22ed8634f9e7e1ab2e03543daa/cdkey/d4ff87322ab7ad2974f66c353d7f41f4
INFO: [ app_init ] --START--
INFO: Run Behavior\BuildLiteBehavior [ RunTime:0.000014s ]
INFO: [ app_init ] --END-- [ RunTime:0.000307s ]
INFO: [ app_begin ] --START--
INFO: Run Behavior\ReadHtmlCacheBehavior [ RunTime:0.000563s ]
INFO: [ app_begin ] --END-- [ RunTime:0.000610s ]

[ 2015-05-01T18:12:41+08:00 ] ::1 /meeting/index.php/Admin/Register/confirm/id/1/email/9a7acf22ed8634f9e7e1ab2e03543daa/cdkey/d4ff87322ab7ad2974f66c353d7f41f4
INFO: [ app_init ] --START--
INFO: Run Behavior\BuildLiteBehavior [ RunTime:0.000016s ]
INFO: [ app_init ] --END-- [ RunTime:0.000334s ]
INFO: [ app_begin ] --START--
INFO: Run Behavior\ReadHtmlCacheBehavior [ RunTime:0.000618s ]
INFO: [ app_begin ] --END-- [ RunTime:0.000676s ]
SQL: SHOW COLUMNS FROM `tp_user` [ RunTime:0.0054s ]
SQL: SELECT * FROM `tp_user` WHERE `id` = 1 LIMIT 1   [ RunTime:0.0005s ]
SQL: UPDATE `tp_user` SET `use`='1',`cdkey`='' WHERE `id` = 1 [ RunTime:0.0004s ]

[ 2015-05-01T18:12:54+08:00 ] ::1 /meeting/index.php/Admin/Register/confirm/id/1/email/9a7acf22ed8634f9e7e1ab2e03543daa/cdkey/d4ff87322ab7ad2974f66c353d7f41f4
INFO: [ app_init ] --START--
INFO: Run Behavior\BuildLiteBehavior [ RunTime:0.000026s ]
INFO: [ app_init ] --END-- [ RunTime:0.000577s ]
INFO: [ app_begin ] --START--
INFO: Run Behavior\ReadHtmlCacheBehavior [ RunTime:0.000794s ]
INFO: [ app_begin ] --END-- [ RunTime:0.000868s ]
SQL: SHOW COLUMNS FROM `tp_user` [ RunTime:0.0081s ]
SQL: SELECT * FROM `tp_user` WHERE `id` = 1 LIMIT 1   [ RunTime:0.0008s ]

[ 2015-05-01T18:15:44+08:00 ] ::1 /meeting/index.php/Admin/Register/confirm/id/1/email/9a7acf22ed8634f9e7e1ab2e03543daa/cdkey/d4ff87322ab7ad2974f66c353d7f41f4
INFO: [ app_init ] --START--
INFO: Run Behavior\BuildLiteBehavior [ RunTime:0.000016s ]
INFO: [ app_init ] --END-- [ RunTime:0.000327s ]
INFO: [ app_begin ] --START--
INFO: Run Behavior\ReadHtmlCacheBehavior [ RunTime:0.000644s ]
INFO: [ app_begin ] --END-- [ RunTime:0.000806s ]
SQL: SHOW COLUMNS FROM `tp_user` [ RunTime:0.0084s ]
SQL: SELECT * FROM `tp_user` WHERE `id` = 1 LIMIT 1   [ RunTime:0.0005s ]

[ 2015-05-01T18:21:26+08:00 ] ::1 /meeting/index.php/Admin/Register/index
INFO: [ app_init ] --START--
INFO: Run Behavior\BuildLiteBehavior [ RunTime:0.000014s ]
INFO: [ app_init ] --END-- [ RunTime:0.000343s ]
INFO: [ app_begin ] --START--
INFO: Run Behavior\ReadHtmlCacheBehavior [ RunTime:0.000588s ]
INFO: [ app_begin ] --END-- [ RunTime:0.000650s ]
SQL: SHOW COLUMNS FROM `tp_user` [ RunTime:0.0024s ]
SQL: SELECT * FROM `tp_user` WHERE `email` = '630248976@qq.com'  [ RunTime:0.0003s ]

