[ 2015-04-30T20:00:06+08:00 ] ::1 /meeting/index.php/Admin/ConfirmEmail/think_send_mail/to/630248976@qq.com/name/CasparGX/
INFO: [ app_init ] --START--
INFO: Run Behavior\BuildLiteBehavior [ RunTime:0.000036s ]
INFO: [ app_init ] --END-- [ RunTime:0.011515s ]
INFO: [ app_begin ] --START--
INFO: Run Behavior\ReadHtmlCacheBehavior [ RunTime:0.006721s ]
INFO: [ app_begin ] --END-- [ RunTime:0.006832s ]

[ 2015-04-30T20:00:41+08:00 ] ::1 /meeting/index.php/Admin/ConfirmEmail/think_send_mail/to/630248976@qq.com/name/CasparGX/
INFO: [ app_init ] --START--
INFO: Run Behavior\BuildLiteBehavior [ RunTime:0.000015s ]
INFO: [ app_init ] --END-- [ RunTime:0.000323s ]
INFO: [ app_begin ] --START--
INFO: Run Behavior\ReadHtmlCacheBehavior [ RunTime:0.000707s ]
INFO: [ app_begin ] --END-- [ RunTime:0.000755s ]

[ 2015-04-30T20:06:10+08:00 ] ::1 /meeting/index.php/Admin/ConfirmEmail/think_send_mail/to/630248976@qq.com/name/CasparGX/
INFO: [ app_init ] --START--
INFO: Run Behavior\BuildLiteBehavior [ RunTime:0.000014s ]
INFO: [ app_init ] --END-- [ RunTime:0.000309s ]
INFO: [ app_begin ] --START--
INFO: Run Behavior\ReadHtmlCacheBehavior [ RunTime:0.000594s ]
INFO: [ app_begin ] --END-- [ RunTime:0.000636s ]

[ 2015-04-30T20:06:26+08:00 ] ::1 /meeting/index.php/Admin/ConfirmEmail/think_send_mail/to/630248976@qq.com/name/CasparGX/
INFO: [ app_init ] --START--
INFO: Run Behavior\BuildLiteBehavior [ RunTime:0.000022s ]
INFO: [ app_init ] --END-- [ RunTime:0.000485s ]
INFO: [ app_begin ] --START--
INFO: Run Behavior\ReadHtmlCacheBehavior [ RunTime:0.000932s ]
INFO: [ app_begin ] --END-- [ RunTime:0.001005s ]

[ 2015-04-30T20:06:27+08:00 ] ::1 /meeting/index.php/Admin/ConfirmEmail/think_send_mail/to/630248976@qq.com/name/CasparGX/
INFO: [ app_init ] --START--
INFO: Run Behavior\BuildLiteBehavior [ RunTime:0.000016s ]
INFO: [ app_init ] --END-- [ RunTime:0.000372s ]
INFO: [ app_begin ] --START--
INFO: Run Behavior\ReadHtmlCacheBehavior [ RunTime:0.000610s ]
INFO: [ app_begin ] --END-- [ RunTime:0.000658s ]

[ 2015-04-30T20:13:05+08:00 ] ::1 /meeting/index.php/Admin/ConfirmEmail/think_send_mail/to/630248976@qq.com/name/CasparGX/
INFO: [ app_init ] --START--
INFO: Run Behavior\BuildLiteBehavior [ RunTime:0.000014s ]
INFO: [ app_init ] --END-- [ RunTime:0.000345s ]
INFO: [ app_begin ] --START--
INFO: Run Behavior\ReadHtmlCacheBehavior [ RunTime:0.000565s ]
INFO: [ app_begin ] --END-- [ RunTime:0.000611s ]

[ 2015-04-30T20:13:07+08:00 ] ::1 /meeting/index.php/Admin/ConfirmEmail/think_send_mail/to/630248976@qq.com/name/CasparGX/
INFO: [ app_init ] --START--
INFO: Run Behavior\BuildLiteBehavior [ RunTime:0.000014s ]
INFO: [ app_init ] --END-- [ RunTime:0.000315s ]
INFO: [ app_begin ] --START--
INFO: Run Behavior\ReadHtmlCacheBehavior [ RunTime:0.000659s ]
INFO: [ app_begin ] --END-- [ RunTime:0.000706s ]

[ 2015-04-30T20:15:42+08:00 ] ::1 /meeting/index.php/Admin/ConfirmEmail/think_send_mail/to/630248976@qq.com/name/CasparGX/
INFO: [ app_init ] --START--
INFO: Run Behavior\BuildLiteBehavior [ RunTime:0.000013s ]
INFO: [ app_init ] --END-- [ RunTime:0.000310s ]
INFO: [ app_begin ] --START--
INFO: Run Behavior\ReadHtmlCacheBehavior [ RunTime:0.000649s ]
INFO: [ app_begin ] --END-- [ RunTime:0.000697s ]

[ 2015-04-30T20:16:06+08:00 ] ::1 /meeting/index.php/Admin/ConfirmEmail/think_send_mail/to/630248976@qq.com/name/CasparGX/
INFO: [ app_init ] --START--
INFO: Run Behavior\BuildLiteBehavior [ RunTime:0.000014s ]
INFO: [ app_init ] --END-- [ RunTime:0.000340s ]
INFO: [ app_begin ] --START--
INFO: Run Behavior\ReadHtmlCacheBehavior [ RunTime:0.000564s ]
INFO: [ app_begin ] --END-- [ RunTime:0.000608s ]

[ 2015-04-30T20:16:27+08:00 ] ::1 /meeting/index.php/Admin/ConfirmEmail/think_send_mail/to/630248976@qq.com/name/CasparGX/
INFO: [ app_init ] --START--
INFO: Run Behavior\BuildLiteBehavior [ RunTime:0.000015s ]
INFO: [ app_init ] --END-- [ RunTime:0.000321s ]
INFO: [ app_begin ] --START--
INFO: Run Behavior\ReadHtmlCacheBehavior [ RunTime:0.000609s ]
INFO: [ app_begin ] --END-- [ RunTime:0.000658s ]

[ 2015-04-30T20:18:37+08:00 ] ::1 /meeting/index.php/Admin/ConfirmEmail/think_send_mail/to/630248976@qq.com/name/CasparGX/
INFO: [ app_init ] --START--
INFO: Run Behavior\BuildLiteBehavior [ RunTime:0.000013s ]
INFO: [ app_init ] --END-- [ RunTime:0.000365s ]
INFO: [ app_begin ] --START--
INFO: Run Behavior\ReadHtmlCacheBehavior [ RunTime:0.000645s ]
INFO: [ app_begin ] --END-- [ RunTime:0.000710s ]

[ 2015-04-30T20:18:37+08:00 ] ::1 /meeting/index.php/Admin/ConfirmEmail/think_send_mail/to/630248976@qq.com/name/CasparGX/
INFO: [ app_init ] --START--
INFO: Run Behavior\BuildLiteBehavior [ RunTime:0.000015s ]
INFO: [ app_init ] --END-- [ RunTime:0.000343s ]
INFO: [ app_begin ] --START--
INFO: Run Behavior\ReadHtmlCacheBehavior [ RunTime:0.000636s ]
INFO: [ app_begin ] --END-- [ RunTime:0.000691s ]

[ 2015-04-30T20:18:38+08:00 ] ::1 /meeting/index.php/Admin/ConfirmEmail/think_send_mail/to/630248976@qq.com/name/CasparGX/
INFO: [ app_init ] --START--
INFO: Run Behavior\BuildLiteBehavior [ RunTime:0.000014s ]
INFO: [ app_init ] --END-- [ RunTime:0.000365s ]
INFO: [ app_begin ] --START--
INFO: Run Behavior\ReadHtmlCacheBehavior [ RunTime:0.000568s ]
INFO: [ app_begin ] --END-- [ RunTime:0.000613s ]

[ 2015-04-30T20:18:38+08:00 ] ::1 /meeting/index.php/Admin/ConfirmEmail/think_send_mail/to/630248976@qq.com/name/CasparGX/
INFO: [ app_init ] --START--
INFO: Run Behavior\BuildLiteBehavior [ RunTime:0.000015s ]
INFO: [ app_init ] --END-- [ RunTime:0.000336s ]
INFO: [ app_begin ] --START--
INFO: Run Behavior\ReadHtmlCacheBehavior [ RunTime:0.000568s ]
INFO: [ app_begin ] --END-- [ RunTime:0.000611s ]

[ 2015-04-30T20:18:38+08:00 ] ::1 /meeting/index.php/Admin/ConfirmEmail/think_send_mail/to/630248976@qq.com/name/CasparGX/
INFO: [ app_init ] --START--
INFO: Run Behavior\BuildLiteBehavior [ RunTime:0.000017s ]
INFO: [ app_init ] --END-- [ RunTime:0.000372s ]
INFO: [ app_begin ] --START--
INFO: Run Behavior\ReadHtmlCacheBehavior [ RunTime:0.000715s ]
INFO: [ app_begin ] --END-- [ RunTime:0.000789s ]

[ 2015-04-30T20:18:39+08:00 ] ::1 /meeting/index.php/Admin/ConfirmEmail/think_send_mail/to/630248976@qq.com/name/CasparGX/
INFO: [ app_init ] --START--
INFO: Run Behavior\BuildLiteBehavior [ RunTime:0.000020s ]
INFO: [ app_init ] --END-- [ RunTime:0.000488s ]
INFO: [ app_begin ] --START--
INFO: Run Behavior\ReadHtmlCacheBehavior [ RunTime:0.000946s ]
INFO: [ app_begin ] --END-- [ RunTime:0.001046s ]

[ 2015-04-30T20:18:39+08:00 ] ::1 /meeting/index.php/Admin/ConfirmEmail/think_send_mail/to/630248976@qq.com/name/CasparGX/
INFO: [ app_init ] --START--
INFO: Run Behavior\BuildLiteBehavior [ RunTime:0.000015s ]
INFO: [ app_init ] --END-- [ RunTime:0.000345s ]
INFO: [ app_begin ] --START--
INFO: Run Behavior\ReadHtmlCacheBehavior [ RunTime:0.000762s ]
INFO: [ app_begin ] --END-- [ RunTime:0.000833s ]

[ 2015-04-30T20:18:39+08:00 ] ::1 /meeting/index.php/Admin/ConfirmEmail/think_send_mail/to/630248976@qq.com/name/CasparGX/
INFO: [ app_init ] --START--
INFO: Run Behavior\BuildLiteBehavior [ RunTime:0.000014s ]
INFO: [ app_init ] --END-- [ RunTime:0.000340s ]
INFO: [ app_begin ] --START--
INFO: Run Behavior\ReadHtmlCacheBehavior [ RunTime:0.000615s ]
INFO: [ app_begin ] --END-- [ RunTime:0.000666s ]

[ 2015-04-30T20:18:39+08:00 ] ::1 /meeting/index.php/Admin/ConfirmEmail/think_send_mail/to/630248976@qq.com/name/CasparGX/
INFO: [ app_init ] --START--
INFO: Run Behavior\BuildLiteBehavior [ RunTime:0.000013s ]
INFO: [ app_init ] --END-- [ RunTime:0.000342s ]
INFO: [ app_begin ] --START--
INFO: Run Behavior\ReadHtmlCacheBehavior [ RunTime:0.000565s ]
INFO: [ app_begin ] --END-- [ RunTime:0.000610s ]

[ 2015-04-30T20:18:40+08:00 ] ::1 /meeting/index.php/Admin/ConfirmEmail/think_send_mail/to/630248976@qq.com/name/CasparGX/
INFO: [ app_init ] --START--
INFO: Run Behavior\BuildLiteBehavior [ RunTime:0.000016s ]
INFO: [ app_init ] --END-- [ RunTime:0.000364s ]
INFO: [ app_begin ] --START--
INFO: Run Behavior\ReadHtmlCacheBehavior [ RunTime:0.000660s ]
INFO: [ app_begin ] --END-- [ RunTime:0.000719s ]

[ 2015-04-30T20:18:41+08:00 ] ::1 /meeting/index.php/Admin/ConfirmEmail/think_send_mail/to/630248976@qq.com/name/CasparGX/
INFO: [ app_init ] --START--
INFO: Run Behavior\BuildLiteBehavior [ RunTime:0.000014s ]
INFO: [ app_init ] --END-- [ RunTime:0.000356s ]
INFO: [ app_begin ] --START--
INFO: Run Behavior\ReadHtmlCacheBehavior [ RunTime:0.000607s ]
INFO: [ app_begin ] --END-- [ RunTime:0.000657s ]

[ 2015-04-30T20:18:41+08:00 ] ::1 /meeting/index.php/Admin/ConfirmEmail/think_send_mail/to/630248976@qq.com/name/CasparGX/
INFO: [ app_init ] --START--
INFO: Run Behavior\BuildLiteBehavior [ RunTime:0.000024s ]
INFO: [ app_init ] --END-- [ RunTime:0.000606s ]
INFO: [ app_begin ] --START--
INFO: Run Behavior\ReadHtmlCacheBehavior [ RunTime:0.000992s ]
INFO: [ app_begin ] --END-- [ RunTime:0.001069s ]

[ 2015-04-30T20:18:41+08:00 ] ::1 /meeting/index.php/Admin/ConfirmEmail/think_send_mail/to/630248976@qq.com/name/CasparGX/
INFO: [ app_init ] --START--
INFO: Run Behavior\BuildLiteBehavior [ RunTime:0.000015s ]
INFO: [ app_init ] --END-- [ RunTime:0.000343s ]
INFO: [ app_begin ] --START--
INFO: Run Behavior\ReadHtmlCacheBehavior [ RunTime:0.000635s ]
INFO: [ app_begin ] --END-- [ RunTime:0.000680s ]

[ 2015-04-30T20:18:41+08:00 ] ::1 /meeting/index.php/Admin/ConfirmEmail/think_send_mail/to/630248976@qq.com/name/CasparGX/
INFO: [ app_init ] --START--
INFO: Run Behavior\BuildLiteBehavior [ RunTime:0.000014s ]
INFO: [ app_init ] --END-- [ RunTime:0.000345s ]
INFO: [ app_begin ] --START--
INFO: Run Behavior\ReadHtmlCacheBehavior [ RunTime:0.000561s ]
INFO: [ app_begin ] --END-- [ RunTime:0.000606s ]

[ 2015-04-30T20:18:42+08:00 ] ::1 /meeting/index.php/Admin/ConfirmEmail/think_send_mail/to/630248976@qq.com/name/CasparGX/
INFO: [ app_init ] --START--
INFO: Run Behavior\BuildLiteBehavior [ RunTime:0.000015s ]
INFO: [ app_init ] --END-- [ RunTime:0.000354s ]
INFO: [ app_begin ] --START--
INFO: Run Behavior\ReadHtmlCacheBehavior [ RunTime:0.000616s ]
INFO: [ app_begin ] --END-- [ RunTime:0.000660s ]

[ 2015-04-30T20:18:42+08:00 ] ::1 /meeting/index.php/Admin/ConfirmEmail/think_send_mail/to/630248976@qq.com/name/CasparGX/
INFO: [ app_init ] --START--
INFO: Run Behavior\BuildLiteBehavior [ RunTime:0.000014s ]
INFO: [ app_init ] --END-- [ RunTime:0.000343s ]
INFO: [ app_begin ] --START--
INFO: Run Behavior\ReadHtmlCacheBehavior [ RunTime:0.000686s ]
INFO: [ app_begin ] --END-- [ RunTime:0.000743s ]

[ 2015-04-30T20:18:42+08:00 ] ::1 /meeting/index.php/Admin/ConfirmEmail/think_send_mail/to/630248976@qq.com/name/CasparGX/
INFO: [ app_init ] --START--
INFO: Run Behavior\BuildLiteBehavior [ RunTime:0.000015s ]
INFO: [ app_init ] --END-- [ RunTime:0.000358s ]
INFO: [ app_begin ] --START--
INFO: Run Behavior\ReadHtmlCacheBehavior [ RunTime:0.000587s ]
INFO: [ app_begin ] --END-- [ RunTime:0.000645s ]

[ 2015-04-30T20:19:57+08:00 ] ::1 /meeting/index.php/Admin/ConfirmEmail/think_send_mail/to/630248976@qq.com/name/CasparGX/
INFO: [ app_init ] --START--
INFO: Run Behavior\BuildLiteBehavior [ RunTime:0.000015s ]
INFO: [ app_init ] --END-- [ RunTime:0.000321s ]
INFO: [ app_begin ] --START--
INFO: Run Behavior\ReadHtmlCacheBehavior [ RunTime:0.000772s ]
INFO: [ app_begin ] --END-- [ RunTime:0.000842s ]

[ 2015-04-30T20:21:05+08:00 ] ::1 /meeting/index.php/Admin/ConfirmEmail/think_send_mail/to/630248976@qq.com/name/CasparGX/
INFO: [ app_init ] --START--
INFO: Run Behavior\BuildLiteBehavior [ RunTime:0.000025s ]
INFO: [ app_init ] --END-- [ RunTime:0.000605s ]
INFO: [ app_begin ] --START--
INFO: Run Behavior\ReadHtmlCacheBehavior [ RunTime:0.000971s ]
INFO: [ app_begin ] --END-- [ RunTime:0.001044s ]

[ 2015-04-30T20:21:05+08:00 ] ::1 /meeting/index.php/Admin/ConfirmEmail/think_send_mail/to/630248976@qq.com/name/CasparGX/
INFO: [ app_init ] --START--
INFO: Run Behavior\BuildLiteBehavior [ RunTime:0.000016s ]
INFO: [ app_init ] --END-- [ RunTime:0.000385s ]
INFO: [ app_begin ] --START--
INFO: Run Behavior\ReadHtmlCacheBehavior [ RunTime:0.000610s ]
INFO: [ app_begin ] --END-- [ RunTime:0.000657s ]

[ 2015-04-30T20:21:05+08:00 ] ::1 /meeting/index.php/Admin/ConfirmEmail/think_send_mail/to/630248976@qq.com/name/CasparGX/
INFO: [ app_init ] --START--
INFO: Run Behavior\BuildLiteBehavior [ RunTime:0.000018s ]
INFO: [ app_init ] --END-- [ RunTime:0.000561s ]
INFO: [ app_begin ] --START--
INFO: Run Behavior\ReadHtmlCacheBehavior [ RunTime:0.000613s ]
INFO: [ app_begin ] --END-- [ RunTime:0.000659s ]

[ 2015-04-30T20:21:17+08:00 ] ::1 /meeting/index.php/Admin/ConfirmEmail/think_send_mail/to/630248976@qq.com/name/CasparGX/
INFO: [ app_init ] --START--
INFO: Run Behavior\BuildLiteBehavior [ RunTime:0.000025s ]
INFO: [ app_init ] --END-- [ RunTime:0.000564s ]
INFO: [ app_begin ] --START--
INFO: Run Behavior\ReadHtmlCacheBehavior [ RunTime:0.001009s ]
INFO: [ app_begin ] --END-- [ RunTime:0.001089s ]

[ 2015-04-30T20:21:18+08:00 ] ::1 /meeting/index.php/Admin/ConfirmEmail/think_send_mail/to/630248976@qq.com/name/CasparGX/
INFO: [ app_init ] --START--
INFO: Run Behavior\BuildLiteBehavior [ RunTime:0.000017s ]
INFO: [ app_init ] --END-- [ RunTime:0.000335s ]
INFO: [ app_begin ] --START--
INFO: Run Behavior\ReadHtmlCacheBehavior [ RunTime:0.000614s ]
INFO: [ app_begin ] --END-- [ RunTime:0.000659s ]

[ 2015-04-30T20:21:18+08:00 ] ::1 /meeting/index.php/Admin/ConfirmEmail/think_send_mail/to/630248976@qq.com/name/CasparGX/
INFO: [ app_init ] --START--
INFO: Run Behavior\BuildLiteBehavior [ RunTime:0.000019s ]
INFO: [ app_init ] --END-- [ RunTime:0.000463s ]
INFO: [ app_begin ] --START--
INFO: Run Behavior\ReadHtmlCacheBehavior [ RunTime:0.001064s ]
INFO: [ app_begin ] --END-- [ RunTime:0.001168s ]

[ 2015-04-30T20:21:18+08:00 ] ::1 /meeting/index.php/Admin/ConfirmEmail/think_send_mail/to/630248976@qq.com/name/CasparGX/
INFO: [ app_init ] --START--
INFO: Run Behavior\BuildLiteBehavior [ RunTime:0.000017s ]
INFO: [ app_init ] --END-- [ RunTime:0.000348s ]
INFO: [ app_begin ] --START--
INFO: Run Behavior\ReadHtmlCacheBehavior [ RunTime:0.000626s ]
INFO: [ app_begin ] --END-- [ RunTime:0.000679s ]

[ 2015-04-30T20:21:18+08:00 ] ::1 /meeting/index.php/Admin/ConfirmEmail/think_send_mail/to/630248976@qq.com/name/CasparGX/
INFO: [ app_init ] --START--
INFO: Run Behavior\BuildLiteBehavior [ RunTime:0.000013s ]
INFO: [ app_init ] --END-- [ RunTime:0.000352s ]
INFO: [ app_begin ] --START--
INFO: Run Behavior\ReadHtmlCacheBehavior [ RunTime:0.000565s ]
INFO: [ app_begin ] --END-- [ RunTime:0.000609s ]

[ 2015-04-30T20:21:31+08:00 ] ::1 /meeting/index.php/Admin/ConfirmEmail/think_send_mail/to/630248976@qq.com/name/CasparGX/
INFO: [ app_init ] --START--
INFO: Run Behavior\BuildLiteBehavior [ RunTime:0.000014s ]
INFO: [ app_init ] --END-- [ RunTime:0.000317s ]
INFO: [ app_begin ] --START--
INFO: Run Behavior\ReadHtmlCacheBehavior [ RunTime:0.000590s ]
INFO: [ app_begin ] --END-- [ RunTime:0.000634s ]

[ 2015-04-30T20:21:32+08:00 ] ::1 /meeting/index.php/Admin/ConfirmEmail/think_send_mail/to/630248976@qq.com/name/CasparGX/
INFO: [ app_init ] --START--
INFO: Run Behavior\BuildLiteBehavior [ RunTime:0.000023s ]
INFO: [ app_init ] --END-- [ RunTime:0.000538s ]
INFO: [ app_begin ] --START--
INFO: Run Behavior\ReadHtmlCacheBehavior [ RunTime:0.001010s ]
INFO: [ app_begin ] --END-- [ RunTime:0.001092s ]

[ 2015-04-30T20:21:32+08:00 ] ::1 /meeting/index.php/Admin/ConfirmEmail/think_send_mail/to/630248976@qq.com/name/CasparGX/
INFO: [ app_init ] --START--
INFO: Run Behavior\BuildLiteBehavior [ RunTime:0.000015s ]
INFO: [ app_init ] --END-- [ RunTime:0.000337s ]
INFO: [ app_begin ] --START--
INFO: Run Behavior\ReadHtmlCacheBehavior [ RunTime:0.000841s ]
INFO: [ app_begin ] --END-- [ RunTime:0.000900s ]

[ 2015-04-30T20:21:33+08:00 ] ::1 /meeting/index.php/Admin/ConfirmEmail/think_send_mail/to/630248976@qq.com/name/CasparGX/
INFO: [ app_init ] --START--
INFO: Run Behavior\BuildLiteBehavior [ RunTime:0.000014s ]
INFO: [ app_init ] --END-- [ RunTime:0.000349s ]
INFO: [ app_begin ] --START--
INFO: Run Behavior\ReadHtmlCacheBehavior [ RunTime:0.001150s ]
INFO: [ app_begin ] --END-- [ RunTime:0.001298s ]

[ 2015-04-30T20:21:33+08:00 ] ::1 /meeting/index.php/Admin/ConfirmEmail/think_send_mail/to/630248976@qq.com/name/CasparGX/
INFO: [ app_init ] --START--
INFO: Run Behavior\BuildLiteBehavior [ RunTime:0.000016s ]
INFO: [ app_init ] --END-- [ RunTime:0.000369s ]
INFO: [ app_begin ] --START--
INFO: Run Behavior\ReadHtmlCacheBehavior [ RunTime:0.000637s ]
INFO: [ app_begin ] --END-- [ RunTime:0.000695s ]

[ 2015-04-30T20:21:33+08:00 ] ::1 /meeting/index.php/Admin/ConfirmEmail/think_send_mail/to/630248976@qq.com/name/CasparGX/
INFO: [ app_init ] --START--
INFO: Run Behavior\BuildLiteBehavior [ RunTime:0.000016s ]
INFO: [ app_init ] --END-- [ RunTime:0.000358s ]
INFO: [ app_begin ] --START--
INFO: Run Behavior\ReadHtmlCacheBehavior [ RunTime:0.000920s ]
INFO: [ app_begin ] --END-- [ RunTime:0.001000s ]

[ 2015-04-30T20:21:33+08:00 ] ::1 /meeting/index.php/Admin/ConfirmEmail/think_send_mail/to/630248976@qq.com/name/CasparGX/
INFO: [ app_init ] --START--
INFO: Run Behavior\BuildLiteBehavior [ RunTime:0.000016s ]
INFO: [ app_init ] --END-- [ RunTime:0.000354s ]
INFO: [ app_begin ] --START--
INFO: Run Behavior\ReadHtmlCacheBehavior [ RunTime:0.000631s ]
INFO: [ app_begin ] --END-- [ RunTime:0.000686s ]

[ 2015-04-30T20:21:33+08:00 ] ::1 /meeting/index.php/Admin/ConfirmEmail/think_send_mail/to/630248976@qq.com/name/CasparGX/
INFO: [ app_init ] --START--
INFO: Run Behavior\BuildLiteBehavior [ RunTime:0.000016s ]
INFO: [ app_init ] --END-- [ RunTime:0.000430s ]
INFO: [ app_begin ] --START--
INFO: Run Behavior\ReadHtmlCacheBehavior [ RunTime:0.000633s ]
INFO: [ app_begin ] --END-- [ RunTime:0.000682s ]

[ 2015-04-30T20:21:51+08:00 ] ::1 /meeting/index.php/Admin/ConfirmEmail/think_send_mail/to/630248976@qq.com/name/CasparGX/
INFO: [ app_init ] --START--
INFO: Run Behavior\BuildLiteBehavior [ RunTime:0.000016s ]
INFO: [ app_init ] --END-- [ RunTime:0.000330s ]
INFO: [ app_begin ] --START--
INFO: Run Behavior\ReadHtmlCacheBehavior [ RunTime:0.000614s ]
INFO: [ app_begin ] --END-- [ RunTime:0.000663s ]

[ 2015-04-30T20:21:52+08:00 ] ::1 /meeting/index.php/Admin/ConfirmEmail/think_send_mail/to/630248976@qq.com/name/CasparGX/
INFO: [ app_init ] --START--
INFO: Run Behavior\BuildLiteBehavior [ RunTime:0.000015s ]
INFO: [ app_init ] --END-- [ RunTime:0.000335s ]
INFO: [ app_begin ] --START--
INFO: Run Behavior\ReadHtmlCacheBehavior [ RunTime:0.000629s ]
INFO: [ app_begin ] --END-- [ RunTime:0.000675s ]

[ 2015-04-30T20:21:52+08:00 ] ::1 /meeting/index.php/Admin/ConfirmEmail/think_send_mail/to/630248976@qq.com/name/CasparGX/
INFO: [ app_init ] --START--
INFO: Run Behavior\BuildLiteBehavior [ RunTime:0.000014s ]
INFO: [ app_init ] --END-- [ RunTime:0.000304s ]
INFO: [ app_begin ] --START--
INFO: Run Behavior\ReadHtmlCacheBehavior [ RunTime:0.000591s ]
INFO: [ app_begin ] --END-- [ RunTime:0.000651s ]

[ 2015-04-30T20:21:52+08:00 ] ::1 /meeting/index.php/Admin/ConfirmEmail/think_send_mail/to/630248976@qq.com/name/CasparGX/
INFO: [ app_init ] --START--
INFO: Run Behavior\BuildLiteBehavior [ RunTime:0.000015s ]
INFO: [ app_init ] --END-- [ RunTime:0.000326s ]
INFO: [ app_begin ] --START--
INFO: Run Behavior\ReadHtmlCacheBehavior [ RunTime:0.000623s ]
INFO: [ app_begin ] --END-- [ RunTime:0.000672s ]

[ 2015-04-30T20:50:12+08:00 ] ::1 /meeting/index.php/Admin/ConfirmEmail/think_send_mail/to/630248976@qq.com/name/CasparGX/
INFO: [ app_init ] --START--
INFO: Run Behavior\BuildLiteBehavior [ RunTime:0.000013s ]
INFO: [ app_init ] --END-- [ RunTime:0.000316s ]
INFO: [ app_begin ] --START--
INFO: Run Behavior\ReadHtmlCacheBehavior [ RunTime:0.000599s ]
INFO: [ app_begin ] --END-- [ RunTime:0.000643s ]

[ 2015-04-30T20:50:20+08:00 ] ::1 /meeting/index.php/Admin/ConfirmEmail/think_send_mail/to/630248976@qq.com/name/CasparGX/
INFO: [ app_init ] --START--
INFO: Run Behavior\BuildLiteBehavior [ RunTime:0.000023s ]
INFO: [ app_init ] --END-- [ RunTime:0.000631s ]
INFO: [ app_begin ] --START--
INFO: Run Behavior\ReadHtmlCacheBehavior [ RunTime:0.000678s ]
INFO: [ app_begin ] --END-- [ RunTime:0.000739s ]

[ 2015-04-30T20:50:21+08:00 ] ::1 /meeting/index.php/Admin/ConfirmEmail/think_send_mail/to/630248976@qq.com/name/CasparGX/
INFO: [ app_init ] --START--
INFO: Run Behavior\BuildLiteBehavior [ RunTime:0.000021s ]
INFO: [ app_init ] --END-- [ RunTime:0.000502s ]
INFO: [ app_begin ] --START--
INFO: Run Behavior\ReadHtmlCacheBehavior [ RunTime:0.001046s ]
INFO: [ app_begin ] --END-- [ RunTime:0.001160s ]

[ 2015-04-30T20:52:39+08:00 ] ::1 /meeting/index.php/Admin/ConfirmEmail/think_send_mail/to/630248976@qq.com/name/CasparGX/
INFO: [ app_init ] --START--
INFO: Run Behavior\BuildLiteBehavior [ RunTime:0.000015s ]
INFO: [ app_init ] --END-- [ RunTime:0.000320s ]
INFO: [ app_begin ] --START--
INFO: Run Behavior\ReadHtmlCacheBehavior [ RunTime:0.000595s ]
INFO: [ app_begin ] --END-- [ RunTime:0.000643s ]

[ 2015-04-30T20:53:03+08:00 ] ::1 /meeting/index.php/Admin/ConfirmEmail/think_send_mail/to/630248976@qq.com/name/CasparGX/
INFO: [ app_init ] --START--
INFO: Run Behavior\BuildLiteBehavior [ RunTime:0.000015s ]
INFO: [ app_init ] --END-- [ RunTime:0.000364s ]
INFO: [ app_begin ] --START--
INFO: Run Behavior\ReadHtmlCacheBehavior [ RunTime:0.000639s ]
INFO: [ app_begin ] --END-- [ RunTime:0.000715s ]

[ 2015-04-30T20:53:04+08:00 ] ::1 /meeting/index.php/Admin/ConfirmEmail/think_send_mail/to/630248976@qq.com/name/CasparGX/
INFO: [ app_init ] --START--
INFO: Run Behavior\BuildLiteBehavior [ RunTime:0.000014s ]
INFO: [ app_init ] --END-- [ RunTime:0.000313s ]
INFO: [ app_begin ] --START--
INFO: Run Behavior\ReadHtmlCacheBehavior [ RunTime:0.000603s ]
INFO: [ app_begin ] --END-- [ RunTime:0.000647s ]

[ 2015-04-30T20:53:04+08:00 ] ::1 /meeting/index.php/Admin/ConfirmEmail/think_send_mail/to/630248976@qq.com/name/CasparGX/
INFO: [ app_init ] --START--
INFO: Run Behavior\BuildLiteBehavior [ RunTime:0.000020s ]
INFO: [ app_init ] --END-- [ RunTime:0.000458s ]
INFO: [ app_begin ] --START--
INFO: Run Behavior\ReadHtmlCacheBehavior [ RunTime:0.000596s ]
INFO: [ app_begin ] --END-- [ RunTime:0.000650s ]

[ 2015-04-30T20:53:04+08:00 ] ::1 /meeting/index.php/Admin/ConfirmEmail/think_send_mail/to/630248976@qq.com/name/CasparGX/
INFO: [ app_init ] --START--
INFO: Run Behavior\BuildLiteBehavior [ RunTime:0.000014s ]
INFO: [ app_init ] --END-- [ RunTime:0.000347s ]
INFO: [ app_begin ] --START--
INFO: Run Behavior\ReadHtmlCacheBehavior [ RunTime:0.000746s ]
INFO: [ app_begin ] --END-- [ RunTime:0.000793s ]

[ 2015-04-30T20:53:05+08:00 ] ::1 /meeting/index.php/Admin/ConfirmEmail/think_send_mail/to/630248976@qq.com/name/CasparGX/
INFO: [ app_init ] --START--
INFO: Run Behavior\BuildLiteBehavior [ RunTime:0.000022s ]
INFO: [ app_init ] --END-- [ RunTime:0.000550s ]
INFO: [ app_begin ] --START--
INFO: Run Behavior\ReadHtmlCacheBehavior [ RunTime:0.000951s ]
INFO: [ app_begin ] --END-- [ RunTime:0.001025s ]

[ 2015-04-30T20:53:05+08:00 ] ::1 /meeting/index.php/Admin/ConfirmEmail/think_send_mail/to/630248976@qq.com/name/CasparGX/
INFO: [ app_init ] --START--
INFO: Run Behavior\BuildLiteBehavior [ RunTime:0.000023s ]
INFO: [ app_init ] --END-- [ RunTime:0.000407s ]
INFO: [ app_begin ] --START--
INFO: Run Behavior\ReadHtmlCacheBehavior [ RunTime:0.000645s ]
INFO: [ app_begin ] --END-- [ RunTime:0.000698s ]

[ 2015-04-30T20:53:05+08:00 ] ::1 /meeting/index.php/Admin/ConfirmEmail/think_send_mail/to/630248976@qq.com/name/CasparGX/
INFO: [ app_init ] --START--
INFO: Run Behavior\BuildLiteBehavior [ RunTime:0.000014s ]
INFO: [ app_init ] --END-- [ RunTime:0.000349s ]
INFO: [ app_begin ] --START--
INFO: Run Behavior\ReadHtmlCacheBehavior [ RunTime:0.000587s ]
INFO: [ app_begin ] --END-- [ RunTime:0.000633s ]

[ 2015-04-30T20:53:05+08:00 ] ::1 /meeting/index.php/Admin/ConfirmEmail/think_send_mail/to/630248976@qq.com/name/CasparGX/
INFO: [ app_init ] --START--
INFO: Run Behavior\BuildLiteBehavior [ RunTime:0.000014s ]
INFO: [ app_init ] --END-- [ RunTime:0.000342s ]
INFO: [ app_begin ] --START--
INFO: Run Behavior\ReadHtmlCacheBehavior [ RunTime:0.000563s ]
INFO: [ app_begin ] --END-- [ RunTime:0.000608s ]

[ 2015-04-30T20:53:06+08:00 ] ::1 /meeting/index.php/Admin/ConfirmEmail/think_send_mail/to/630248976@qq.com/name/CasparGX/
INFO: [ app_init ] --START--
INFO: Run Behavior\BuildLiteBehavior [ RunTime:0.000013s ]
INFO: [ app_init ] --END-- [ RunTime:0.000313s ]
INFO: [ app_begin ] --START--
INFO: Run Behavior\ReadHtmlCacheBehavior [ RunTime:0.000601s ]
INFO: [ app_begin ] --END-- [ RunTime:0.000645s ]

[ 2015-04-30T20:53:06+08:00 ] ::1 /meeting/index.php/Admin/ConfirmEmail/think_send_mail/to/630248976@qq.com/name/CasparGX/
INFO: [ app_init ] --START--
INFO: Run Behavior\BuildLiteBehavior [ RunTime:0.000013s ]
INFO: [ app_init ] --END-- [ RunTime:0.000319s ]
INFO: [ app_begin ] --START--
INFO: Run Behavior\ReadHtmlCacheBehavior [ RunTime:0.000649s ]
INFO: [ app_begin ] --END-- [ RunTime:0.000697s ]

[ 2015-04-30T20:53:21+08:00 ] ::1 /meeting/index.php/Admin/ConfirmEmail/think_send_mail/to/630248976@qq.com/name/CasparGX/
INFO: [ app_init ] --START--
INFO: Run Behavior\BuildLiteBehavior [ RunTime:0.000017s ]
INFO: [ app_init ] --END-- [ RunTime:0.000330s ]
INFO: [ app_begin ] --START--
INFO: Run Behavior\ReadHtmlCacheBehavior [ RunTime:0.000573s ]
INFO: [ app_begin ] --END-- [ RunTime:0.000619s ]

[ 2015-04-30T20:55:19+08:00 ] ::1 /meeting/index.php/Admin/ConfirmEmail/think_send_mail/to/630248976@qq.com/name/CasparGX/
INFO: [ app_init ] --START--
INFO: Run Behavior\BuildLiteBehavior [ RunTime:0.000015s ]
INFO: [ app_init ] --END-- [ RunTime:0.000353s ]
INFO: [ app_begin ] --START--
INFO: Run Behavior\ReadHtmlCacheBehavior [ RunTime:0.000638s ]
INFO: [ app_begin ] --END-- [ RunTime:0.000687s ]

[ 2015-04-30T20:55:20+08:00 ] ::1 /meeting/index.php/Admin/ConfirmEmail/think_send_mail/to/630248976@qq.com/name/CasparGX/
INFO: [ app_init ] --START--
INFO: Run Behavior\BuildLiteBehavior [ RunTime:0.000015s ]
INFO: [ app_init ] --END-- [ RunTime:0.000489s ]
INFO: [ app_begin ] --START--
INFO: Run Behavior\ReadHtmlCacheBehavior [ RunTime:0.000610s ]
INFO: [ app_begin ] --END-- [ RunTime:0.000659s ]

[ 2015-04-30T20:55:20+08:00 ] ::1 /meeting/index.php/Admin/ConfirmEmail/think_send_mail/to/630248976@qq.com/name/CasparGX/
INFO: [ app_init ] --START--
INFO: Run Behavior\BuildLiteBehavior [ RunTime:0.000017s ]
INFO: [ app_init ] --END-- [ RunTime:0.000495s ]
INFO: [ app_begin ] --START--
INFO: Run Behavior\ReadHtmlCacheBehavior [ RunTime:0.000613s ]
INFO: [ app_begin ] --END-- [ RunTime:0.000661s ]

[ 2015-04-30T20:55:20+08:00 ] ::1 /meeting/index.php/Admin/ConfirmEmail/think_send_mail/to/630248976@qq.com/name/CasparGX/
INFO: [ app_init ] --START--
INFO: Run Behavior\BuildLiteBehavior [ RunTime:0.000014s ]
INFO: [ app_init ] --END-- [ RunTime:0.000334s ]
INFO: [ app_begin ] --START--
INFO: Run Behavior\ReadHtmlCacheBehavior [ RunTime:0.001109s ]
INFO: [ app_begin ] --END-- [ RunTime:0.001216s ]

[ 2015-04-30T20:55:51+08:00 ] ::1 /meeting/index.php/Admin/ConfirmEmail/think_send_mail/to/630248976@qq.com/name/CasparGX/
INFO: [ app_init ] --START--
INFO: Run Behavior\BuildLiteBehavior [ RunTime:0.000025s ]
INFO: [ app_init ] --END-- [ RunTime:0.001470s ]
INFO: [ app_begin ] --START--
INFO: Run Behavior\ReadHtmlCacheBehavior [ RunTime:0.001191s ]
INFO: [ app_begin ] --END-- [ RunTime:0.001282s ]

[ 2015-04-30T20:55:52+08:00 ] ::1 /meeting/index.php/Admin/ConfirmEmail/think_send_mail/to/630248976@qq.com/name/CasparGX/
INFO: [ app_init ] --START--
INFO: Run Behavior\BuildLiteBehavior [ RunTime:0.000014s ]
INFO: [ app_init ] --END-- [ RunTime:0.000329s ]
INFO: [ app_begin ] --START--
INFO: Run Behavior\ReadHtmlCacheBehavior [ RunTime:0.000597s ]
INFO: [ app_begin ] --END-- [ RunTime:0.000642s ]

[ 2015-04-30T20:55:52+08:00 ] ::1 /meeting/index.php/Admin/ConfirmEmail/think_send_mail/to/630248976@qq.com/name/CasparGX/
INFO: [ app_init ] --START--
INFO: Run Behavior\BuildLiteBehavior [ RunTime:0.000018s ]
INFO: [ app_init ] --END-- [ RunTime:0.000460s ]
INFO: [ app_begin ] --START--
INFO: Run Behavior\ReadHtmlCacheBehavior [ RunTime:0.000608s ]
INFO: [ app_begin ] --END-- [ RunTime:0.000655s ]

[ 2015-04-30T20:55:52+08:00 ] ::1 /meeting/index.php/Admin/ConfirmEmail/think_send_mail/to/630248976@qq.com/name/CasparGX/
INFO: [ app_init ] --START--
INFO: Run Behavior\BuildLiteBehavior [ RunTime:0.000013s ]
INFO: [ app_init ] --END-- [ RunTime:0.000334s ]
INFO: [ app_begin ] --START--
INFO: Run Behavior\ReadHtmlCacheBehavior [ RunTime:0.000561s ]
INFO: [ app_begin ] --END-- [ RunTime:0.000605s ]

[ 2015-04-30T20:55:52+08:00 ] ::1 /meeting/index.php/Admin/ConfirmEmail/think_send_mail/to/630248976@qq.com/name/CasparGX/
INFO: [ app_init ] --START--
INFO: Run Behavior\BuildLiteBehavior [ RunTime:0.000016s ]
INFO: [ app_init ] --END-- [ RunTime:0.000328s ]
INFO: [ app_begin ] --START--
INFO: Run Behavior\ReadHtmlCacheBehavior [ RunTime:0.000606s ]
INFO: [ app_begin ] --END-- [ RunTime:0.000652s ]

[ 2015-04-30T20:55:52+08:00 ] ::1 /meeting/index.php/Admin/ConfirmEmail/think_send_mail/to/630248976@qq.com/name/CasparGX/
INFO: [ app_init ] --START--
INFO: Run Behavior\BuildLiteBehavior [ RunTime:0.000013s ]
INFO: [ app_init ] --END-- [ RunTime:0.000299s ]
INFO: [ app_begin ] --START--
INFO: Run Behavior\ReadHtmlCacheBehavior [ RunTime:0.000598s ]
INFO: [ app_begin ] --END-- [ RunTime:0.000642s ]

[ 2015-04-30T20:55:53+08:00 ] ::1 /meeting/index.php/Admin/ConfirmEmail/think_send_mail/to/630248976@qq.com/name/CasparGX/
INFO: [ app_init ] --START--
INFO: Run Behavior\BuildLiteBehavior [ RunTime:0.000015s ]
INFO: [ app_init ] --END-- [ RunTime:0.000329s ]
INFO: [ app_begin ] --START--
INFO: Run Behavior\ReadHtmlCacheBehavior [ RunTime:0.000622s ]
INFO: [ app_begin ] --END-- [ RunTime:0.000673s ]

[ 2015-04-30T20:55:53+08:00 ] ::1 /meeting/index.php/Admin/ConfirmEmail/think_send_mail/to/630248976@qq.com/name/CasparGX/
INFO: [ app_init ] --START--
INFO: Run Behavior\BuildLiteBehavior [ RunTime:0.000016s ]
INFO: [ app_init ] --END-- [ RunTime:0.000344s ]
INFO: [ app_begin ] --START--
INFO: Run Behavior\ReadHtmlCacheBehavior [ RunTime:0.000615s ]
INFO: [ app_begin ] --END-- [ RunTime:0.000668s ]

[ 2015-04-30T20:55:53+08:00 ] ::1 /meeting/index.php/Admin/ConfirmEmail/think_send_mail/to/630248976@qq.com/name/CasparGX/
INFO: [ app_init ] --START--
INFO: Run Behavior\BuildLiteBehavior [ RunTime:0.000014s ]
INFO: [ app_init ] --END-- [ RunTime:0.000347s ]
INFO: [ app_begin ] --START--
INFO: Run Behavior\ReadHtmlCacheBehavior [ RunTime:0.000594s ]
INFO: [ app_begin ] --END-- [ RunTime:0.000649s ]

[ 2015-04-30T20:55:53+08:00 ] ::1 /meeting/index.php/Admin/ConfirmEmail/think_send_mail/to/630248976@qq.com/name/CasparGX/
INFO: [ app_init ] --START--
INFO: Run Behavior\BuildLiteBehavior [ RunTime:0.000014s ]
INFO: [ app_init ] --END-- [ RunTime:0.000335s ]
INFO: [ app_begin ] --START--
INFO: Run Behavior\ReadHtmlCacheBehavior [ RunTime:0.000590s ]
INFO: [ app_begin ] --END-- [ RunTime:0.000633s ]

[ 2015-04-30T20:55:53+08:00 ] ::1 /meeting/index.php/Admin/ConfirmEmail/think_send_mail/to/630248976@qq.com/name/CasparGX/
INFO: [ app_init ] --START--
INFO: Run Behavior\BuildLiteBehavior [ RunTime:0.000016s ]
INFO: [ app_init ] --END-- [ RunTime:0.000382s ]
INFO: [ app_begin ] --START--
INFO: Run Behavior\ReadHtmlCacheBehavior [ RunTime:0.000619s ]
INFO: [ app_begin ] --END-- [ RunTime:0.000666s ]

[ 2015-04-30T20:55:53+08:00 ] ::1 /meeting/index.php/Admin/ConfirmEmail/think_send_mail/to/630248976@qq.com/name/CasparGX/
INFO: [ app_init ] --START--
INFO: Run Behavior\BuildLiteBehavior [ RunTime:0.000013s ]
INFO: [ app_init ] --END-- [ RunTime:0.000313s ]
INFO: [ app_begin ] --START--
INFO: Run Behavior\ReadHtmlCacheBehavior [ RunTime:0.000818s ]
INFO: [ app_begin ] --END-- [ RunTime:0.000872s ]

[ 2015-04-30T20:55:54+08:00 ] ::1 /meeting/index.php/Admin/ConfirmEmail/think_send_mail/to/630248976@qq.com/name/CasparGX/
INFO: [ app_init ] --START--
INFO: Run Behavior\BuildLiteBehavior [ RunTime:0.000016s ]
INFO: [ app_init ] --END-- [ RunTime:0.000350s ]
INFO: [ app_begin ] --START--
INFO: Run Behavior\ReadHtmlCacheBehavior [ RunTime:0.000946s ]
INFO: [ app_begin ] --END-- [ RunTime:0.001020s ]

[ 2015-04-30T20:55:54+08:00 ] ::1 /meeting/index.php/Admin/ConfirmEmail/think_send_mail/to/630248976@qq.com/name/CasparGX/
INFO: [ app_init ] --START--
INFO: Run Behavior\BuildLiteBehavior [ RunTime:0.000025s ]
INFO: [ app_init ] --END-- [ RunTime:0.000405s ]
INFO: [ app_begin ] --START--
INFO: Run Behavior\ReadHtmlCacheBehavior [ RunTime:0.000605s ]
INFO: [ app_begin ] --END-- [ RunTime:0.000649s ]

[ 2015-04-30T20:57:04+08:00 ] ::1 /meeting/index.php/Admin/ConfirmEmail/think_send_mail/to/630248976@qq.com/name/CasparGX/
INFO: [ app_init ] --START--
INFO: Run Behavior\BuildLiteBehavior [ RunTime:0.000015s ]
INFO: [ app_init ] --END-- [ RunTime:0.000326s ]
INFO: [ app_begin ] --START--
INFO: Run Behavior\ReadHtmlCacheBehavior [ RunTime:0.000604s ]
INFO: [ app_begin ] --END-- [ RunTime:0.000651s ]

[ 2015-04-30T20:57:04+08:00 ] ::1 /meeting/index.php/Admin/ConfirmEmail/think_send_mail/to/630248976@qq.com/name/CasparGX/
INFO: [ app_init ] --START--
INFO: Run Behavior\BuildLiteBehavior [ RunTime:0.000026s ]
INFO: [ app_init ] --END-- [ RunTime:0.000335s ]
INFO: [ app_begin ] --START--
INFO: Run Behavior\ReadHtmlCacheBehavior [ RunTime:0.000608s ]
INFO: [ app_begin ] --END-- [ RunTime:0.000653s ]

[ 2015-04-30T20:57:05+08:00 ] ::1 /meeting/index.php/Admin/ConfirmEmail/think_send_mail/to/630248976@qq.com/name/CasparGX/
INFO: [ app_init ] --START--
INFO: Run Behavior\BuildLiteBehavior [ RunTime:0.000014s ]
INFO: [ app_init ] --END-- [ RunTime:0.000302s ]
INFO: [ app_begin ] --START--
INFO: Run Behavior\ReadHtmlCacheBehavior [ RunTime:0.000654s ]
INFO: [ app_begin ] --END-- [ RunTime:0.000706s ]

[ 2015-04-30T20:57:05+08:00 ] ::1 /meeting/index.php/Admin/ConfirmEmail/think_send_mail/to/630248976@qq.com/name/CasparGX/
INFO: [ app_init ] --START--
INFO: Run Behavior\BuildLiteBehavior [ RunTime:0.000016s ]
INFO: [ app_init ] --END-- [ RunTime:0.000328s ]
INFO: [ app_begin ] --START--
INFO: Run Behavior\ReadHtmlCacheBehavior [ RunTime:0.000640s ]
INFO: [ app_begin ] --END-- [ RunTime:0.000705s ]

[ 2015-04-30T20:57:05+08:00 ] ::1 /meeting/index.php/Admin/ConfirmEmail/think_send_mail/to/630248976@qq.com/name/CasparGX/
INFO: [ app_init ] --START--
INFO: Run Behavior\BuildLiteBehavior [ RunTime:0.000024s ]
INFO: [ app_init ] --END-- [ RunTime:0.000490s ]
INFO: [ app_begin ] --START--
INFO: Run Behavior\ReadHtmlCacheBehavior [ RunTime:0.000628s ]
INFO: [ app_begin ] --END-- [ RunTime:0.000677s ]

[ 2015-04-30T20:57:05+08:00 ] ::1 /meeting/index.php/Admin/ConfirmEmail/think_send_mail/to/630248976@qq.com/name/CasparGX/
INFO: [ app_init ] --START--
INFO: Run Behavior\BuildLiteBehavior [ RunTime:0.000015s ]
INFO: [ app_init ] --END-- [ RunTime:0.000330s ]
INFO: [ app_begin ] --START--
INFO: Run Behavior\ReadHtmlCacheBehavior [ RunTime:0.000730s ]
INFO: [ app_begin ] --END-- [ RunTime:0.000795s ]

[ 2015-04-30T20:57:05+08:00 ] ::1 /meeting/index.php/Admin/ConfirmEmail/think_send_mail/to/630248976@qq.com/name/CasparGX/
INFO: [ app_init ] --START--
INFO: Run Behavior\BuildLiteBehavior [ RunTime:0.000021s ]
INFO: [ app_init ] --END-- [ RunTime:0.000494s ]
INFO: [ app_begin ] --START--
INFO: Run Behavior\ReadHtmlCacheBehavior [ RunTime:0.000998s ]
INFO: [ app_begin ] --END-- [ RunTime:0.001080s ]

[ 2015-04-30T20:57:06+08:00 ] ::1 /meeting/index.php/Admin/ConfirmEmail/think_send_mail/to/630248976@qq.com/name/CasparGX/
INFO: [ app_init ] --START--
INFO: Run Behavior\BuildLiteBehavior [ RunTime:0.000021s ]
INFO: [ app_init ] --END-- [ RunTime:0.000464s ]
INFO: [ app_begin ] --START--
INFO: Run Behavior\ReadHtmlCacheBehavior [ RunTime:0.000727s ]
INFO: [ app_begin ] --END-- [ RunTime:0.000802s ]

[ 2015-04-30T20:59:20+08:00 ] ::1 /meeting/index.php/Admin/ConfirmEmail/testSwift
INFO: [ app_init ] --START--
INFO: Run Behavior\BuildLiteBehavior [ RunTime:0.000015s ]
INFO: [ app_init ] --END-- [ RunTime:0.000347s ]
INFO: [ app_begin ] --START--
INFO: Run Behavior\ReadHtmlCacheBehavior [ RunTime:0.000587s ]
INFO: [ app_begin ] --END-- [ RunTime:0.000632s ]

